2023-08-29 09:03:37.534 | INFO     | __main__:<module>:66 - ================Starting================
2023-08-29 09:03:37.535 | INFO     | __main__:<module>:69 - Set device: cpu
2023-08-29 09:03:37.538 | INFO     | __main__:<module>:72 - Set seed: 2333
2023-08-29 09:03:37.540 | INFO     | __main__:<module>:80 - Saving model parameters to D:\ALGTRADING\Algorithmic-Trading\AlgorithmicStrategy\TWAP_VWAP\MODEL_SAVE_MODIFIED
2023-08-29 09:03:47.559 | INFO     | MODELS.multi_task_loss:calculate_loss:56 - vwap_ml=6.711757659912109,vwap_loss=-0.0007257461547851562,volume_traded=0.1757826954126358
2023-08-29 09:03:57.478 | INFO     | MODELS.log:log_train:26 - Epoch: 12/20,file 2023-07-04, Loss: 0.06839948892593384
2023-08-29 09:04:06.912 | INFO     | MODELS.multi_task_loss:calculate_loss:56 - vwap_ml=6.679999828338623,vwap_loss=-0.014536857604980469,volume_traded=0.0
2023-08-29 09:04:19.941 | INFO     | MODELS.log:log_train:26 - Epoch: 12/20,file 2023-07-05, Loss: 0.07727864384651184
2023-08-29 09:04:29.828 | INFO     | MODELS.multi_task_loss:calculate_loss:56 - vwap_ml=6.654938220977783,vwap_loss=0.0038242340087890625,volume_traded=0.3241456151008606
2023-08-29 09:04:42.927 | INFO     | MODELS.log:log_train:26 - Epoch: 12/20,file 2023-07-06, Loss: 0.057939037680625916
2023-08-29 09:04:52.901 | INFO     | MODELS.multi_task_loss:calculate_loss:56 - vwap_ml=6.71999979019165,vwap_loss=0.018776893615722656,volume_traded=0.0
2023-08-29 09:05:06.013 | INFO     | MODELS.log:log_train:26 - Epoch: 12/20,file 2023-07-07, Loss: 0.09116007387638092
2023-08-29 09:05:17.575 | INFO     | MODELS.multi_task_loss:calculate_loss:56 - vwap_ml=6.650262355804443,vwap_loss=-0.012409210205078125,volume_traded=0.41652727127075195
2023-08-29 09:05:32.286 | INFO     | MODELS.log:log_train:26 - Epoch: 12/20,file 2023-07-10, Loss: 0.043510302901268005
2023-08-29 09:05:43.609 | INFO     | MODELS.multi_task_loss:calculate_loss:56 - vwap_ml=6.7263617515563965,vwap_loss=0.03890419006347656,volume_traded=0.351152628660202
2023-08-29 09:05:58.440 | INFO     | MODELS.log:log_train:26 - Epoch: 12/20,file 2023-07-11, Loss: 0.07031159102916718
2023-08-29 09:06:10.348 | INFO     | MODELS.multi_task_loss:calculate_loss:56 - vwap_ml=6.693451881408691,vwap_loss=-0.00795125961303711,volume_traded=0.600345253944397
2023-08-29 09:06:25.575 | INFO     | MODELS.log:log_train:26 - Epoch: 12/20,file 2023-07-12, Loss: 0.030054042115807533
2023-08-29 09:06:39.113 | INFO     | MODELS.multi_task_loss:calculate_loss:56 - vwap_ml=6.690000057220459,vwap_loss=0.016921520233154297,volume_traded=0.0
2023-08-29 09:06:56.302 | INFO     | MODELS.log:log_train:26 - Epoch: 12/20,file 2023-07-13, Loss: 0.09038717299699783
2023-08-29 09:07:11.055 | INFO     | MODELS.multi_task_loss:calculate_loss:56 - vwap_ml=6.922720432281494,vwap_loss=0.038247108459472656,volume_traded=0.09067080169916153
2023-08-29 09:07:28.452 | INFO     | MODELS.log:log_train:26 - Epoch: 12/20,file 2023-07-14, Loss: 0.09171910583972931
2023-08-29 09:07:43.379 | INFO     | MODELS.multi_task_loss:calculate_loss:56 - vwap_ml=7.010000228881836,vwap_loss=0.030283451080322266,volume_traded=0.0
2023-08-29 09:07:58.851 | INFO     | MODELS.log:log_train:26 - Epoch: 12/20,file 2023-07-17, Loss: 0.0959533229470253
2023-08-29 09:08:13.496 | INFO     | MODELS.multi_task_loss:calculate_loss:56 - vwap_ml=7.059999942779541,vwap_loss=0.021931171417236328,volume_traded=0.0
2023-08-29 09:08:29.274 | INFO     | MODELS.log:log_train:26 - Epoch: 12/20,file 2023-07-18, Loss: 0.0924733504652977
2023-08-29 09:08:43.964 | INFO     | MODELS.multi_task_loss:calculate_loss:56 - vwap_ml=7.079999923706055,vwap_loss=0.004580020904541016,volume_traded=0.0
2023-08-29 09:09:00.209 | INFO     | MODELS.log:log_train:26 - Epoch: 12/20,file 2023-07-19, Loss: 0.0852435976266861
2023-08-29 09:09:16.120 | INFO     | MODELS.multi_task_loss:calculate_loss:56 - vwap_ml=7.011604309082031,vwap_loss=-0.03507423400878906,volume_traded=0.5607907772064209
2023-08-29 09:09:31.371 | INFO     | MODELS.log:log_train:26 - Epoch: 12/20,file 2023-07-20, Loss: 0.02204975299537182
2023-08-29 09:09:47.234 | INFO     | MODELS.multi_task_loss:calculate_loss:56 - vwap_ml=6.618095397949219,vwap_loss=-0.02233123779296875,volume_traded=0.6901255249977112
2023-08-29 09:10:02.064 | INFO     | MODELS.log:log_train:26 - Epoch: 12/20,file 2023-07-21, Loss: 0.016550786793231964
2023-08-29 09:10:18.076 | INFO     | MODELS.multi_task_loss:calculate_loss:56 - vwap_ml=6.605902671813965,vwap_loss=0.011989593505859375,volume_traded=0.13657695055007935
2023-08-29 09:10:33.325 | INFO     | MODELS.log:log_train:26 - Epoch: 12/20,file 2023-07-24, Loss: 0.07695655524730682
2023-08-29 09:10:49.679 | INFO     | MODELS.multi_task_loss:calculate_loss:56 - vwap_ml=6.862640380859375,vwap_loss=0.026360511779785156,volume_traded=0.3067273497581482
2023-08-29 09:11:04.596 | INFO     | MODELS.log:log_train:26 - Epoch: 12/20,file 2023-07-25, Loss: 0.0687703862786293
2023-08-29 09:11:20.989 | INFO     | MODELS.multi_task_loss:calculate_loss:56 - vwap_ml=6.766843795776367,vwap_loss=-0.014574527740478516,volume_traded=0.43546783924102783
2023-08-29 09:11:36.049 | INFO     | MODELS.log:log_train:26 - Epoch: 12/20,file 2023-07-26, Loss: 0.040989089757204056
2023-08-29 09:11:36.062 | INFO     | MODELS.utils:save_model:34 - Saved model to D:\ALGTRADING\Algorithmic-Trading\AlgorithmicStrategy\TWAP_VWAP\MODEL_SAVE_MODIFIED\12.ocet
2023-08-29 09:11:46.106 | INFO     | MODELS.multi_task_loss:calculate_loss:56 - vwap_ml=6.711832046508789,vwap_loss=-0.0006513595581054688,volume_traded=0.26630693674087524
2023-08-29 09:12:01.461 | INFO     | MODELS.log:log_train:26 - Epoch: 13/20,file 2023-07-04, Loss: 0.06088745966553688
2023-08-29 09:12:11.425 | INFO     | MODELS.multi_task_loss:calculate_loss:56 - vwap_ml=6.683427810668945,vwap_loss=-0.011108875274658203,volume_traded=0.08569543063640594
2023-08-29 09:12:26.383 | INFO     | MODELS.log:log_train:26 - Epoch: 13/20,file 2023-07-05, Loss: 0.07156834006309509
2023-08-29 09:12:36.826 | INFO     | MODELS.multi_task_loss:calculate_loss:56 - vwap_ml=6.6501569747924805,vwap_loss=-0.0009570121765136719,volume_traded=0.4921349585056305
2023-08-29 09:12:51.663 | INFO     | MODELS.log:log_train:26 - Epoch: 13/20,file 2023-07-06, Loss: 0.04195820540189743
2023-08-29 09:13:02.346 | INFO     | MODELS.multi_task_loss:calculate_loss:56 - vwap_ml=6.718064785003662,vwap_loss=0.016841888427734375,volume_traded=0.17120878398418427
2023-08-29 09:13:17.295 | INFO     | MODELS.log:log_train:26 - Epoch: 13/20,file 2023-07-07, Loss: 0.07609430700540543
2023-08-29 09:13:28.562 | INFO     | MODELS.multi_task_loss:calculate_loss:56 - vwap_ml=6.655677795410156,vwap_loss=-0.006993770599365234,volume_traded=0.2838843762874603
2023-08-29 09:13:43.863 | INFO     | MODELS.log:log_train:26 - Epoch: 13/20,file 2023-07-10, Loss: 0.05678661912679672
2023-08-29 09:13:56.181 | INFO     | MODELS.multi_task_loss:calculate_loss:56 - vwap_ml=6.729865074157715,vwap_loss=0.04240751266479492,volume_traded=0.3490223288536072
2023-08-29 09:14:11.700 | INFO     | MODELS.log:log_train:26 - Epoch: 13/20,file 2023-07-11, Loss: 0.07194973528385162
2023-08-29 09:14:24.186 | INFO     | MODELS.multi_task_loss:calculate_loss:56 - vwap_ml=6.68563985824585,vwap_loss=-0.015763282775878906,volume_traded=0.3260020911693573
2023-08-29 09:14:39.165 | INFO     | MODELS.log:log_train:26 - Epoch: 13/20,file 2023-07-12, Loss: 0.049640193581581116
2023-08-29 09:14:52.744 | INFO     | MODELS.multi_task_loss:calculate_loss:56 - vwap_ml=6.688377380371094,vwap_loss=0.015298843383789062,volume_traded=0.0540875643491745
2023-08-29 09:15:08.984 | INFO     | MODELS.log:log_train:26 - Epoch: 13/20,file 2023-07-13, Loss: 0.0852041244506836
2023-08-29 09:15:22.934 | INFO     | MODELS.multi_task_loss:calculate_loss:56 - vwap_ml=6.920000076293945,vwap_loss=0.03552675247192383,volume_traded=0.0
2023-08-29 09:15:40.400 | INFO     | MODELS.log:log_train:26 - Epoch: 13/20,file 2023-07-14, Loss: 0.0981387123465538
2023-08-29 09:15:53.468 | INFO     | MODELS.multi_task_loss:calculate_loss:56 - vwap_ml=7.006364345550537,vwap_loss=0.026647567749023438,volume_traded=0.04544726759195328
2023-08-29 09:16:08.460 | INFO     | MODELS.log:log_train:26 - Epoch: 13/20,file 2023-07-17, Loss: 0.09065169095993042
2023-08-29 09:16:21.774 | INFO     | MODELS.multi_task_loss:calculate_loss:56 - vwap_ml=7.062555313110352,vwap_loss=0.024486541748046875,volume_traded=0.12777508795261383
2023-08-29 09:16:36.592 | INFO     | MODELS.log:log_train:26 - Epoch: 13/20,file 2023-07-18, Loss: 0.08289624005556107
2023-08-29 09:16:51.559 | INFO     | MODELS.multi_task_loss:calculate_loss:56 - vwap_ml=7.079999923706055,vwap_loss=0.004580020904541016,volume_traded=0.0
2023-08-29 09:17:07.496 | INFO     | MODELS.log:log_train:26 - Epoch: 13/20,file 2023-07-19, Loss: 0.08524338155984879
2023-08-29 09:17:21.586 | INFO     | MODELS.multi_task_loss:calculate_loss:56 - vwap_ml=6.9809417724609375,vwap_loss=-0.06573677062988281,volume_traded=0.18696299195289612
2023-08-29 09:17:36.677 | INFO     | MODELS.log:log_train:26 - Epoch: 13/20,file 2023-07-20, Loss: 0.040374577045440674
2023-08-29 09:17:51.756 | INFO     | MODELS.multi_task_loss:calculate_loss:56 - vwap_ml=6.6215925216674805,vwap_loss=-0.01883411407470703,volume_traded=0.2750871181488037
2023-08-29 09:18:07.009 | INFO     | MODELS.log:log_train:26 - Epoch: 13/20,file 2023-07-21, Loss: 0.052576784044504166
2023-08-29 09:18:22.476 | INFO     | MODELS.multi_task_loss:calculate_loss:56 - vwap_ml=6.599198341369629,vwap_loss=0.0052852630615234375,volume_traded=0.6370260715484619
2023-08-29 09:18:37.630 | INFO     | MODELS.log:log_train:26 - Epoch: 13/20,file 2023-07-24, Loss: 0.03250777721405029
2023-08-29 09:18:53.007 | INFO     | MODELS.multi_task_loss:calculate_loss:56 - vwap_ml=6.866974830627441,vwap_loss=0.030694961547851562,volume_traded=0.11906443536281586
2023-08-29 09:19:07.708 | INFO     | MODELS.log:log_train:26 - Epoch: 13/20,file 2023-07-25, Loss: 0.08620429039001465
2023-08-29 09:19:23.383 | INFO     | MODELS.multi_task_loss:calculate_loss:56 - vwap_ml=6.768130302429199,vwap_loss=-0.013288021087646484,volume_traded=0.25620153546333313
2023-08-29 09:19:38.283 | INFO     | MODELS.log:log_train:26 - Epoch: 13/20,file 2023-07-26, Loss: 0.05645482987165451
2023-08-29 09:19:38.296 | INFO     | MODELS.utils:save_model:34 - Saved model to D:\ALGTRADING\Algorithmic-Trading\AlgorithmicStrategy\TWAP_VWAP\MODEL_SAVE_MODIFIED\13.ocet
2023-08-29 09:19:48.803 | INFO     | MODELS.multi_task_loss:calculate_loss:56 - vwap_ml=6.709096908569336,vwap_loss=-0.0033864974975585938,volume_traded=0.09031616896390915
2023-08-29 09:20:03.605 | INFO     | MODELS.log:log_train:26 - Epoch: 14/20,file 2023-07-04, Loss: 0.0744040310382843
2023-08-29 09:20:13.594 | INFO     | MODELS.multi_task_loss:calculate_loss:56 - vwap_ml=6.683703422546387,vwap_loss=-0.010833263397216797,volume_traded=0.09258910268545151
2023-08-29 09:20:28.608 | INFO     | MODELS.log:log_train:26 - Epoch: 14/20,file 2023-07-05, Loss: 0.07111036777496338
2023-08-29 09:20:39.262 | INFO     | MODELS.multi_task_loss:calculate_loss:56 - vwap_ml=6.647734642028809,vwap_loss=-0.003379344940185547,volume_traded=0.5177807807922363
2023-08-29 09:20:54.570 | INFO     | MODELS.log:log_train:26 - Epoch: 14/20,file 2023-07-06, Loss: 0.038814693689346313
2023-08-29 09:21:05.604 | INFO     | MODELS.multi_task_loss:calculate_loss:56 - vwap_ml=6.717535972595215,vwap_loss=0.01631307601928711,volume_traded=0.10944661498069763
2023-08-29 09:21:20.967 | INFO     | MODELS.log:log_train:26 - Epoch: 14/20,file 2023-07-07, Loss: 0.08101506531238556
2023-08-29 09:21:32.766 | INFO     | MODELS.multi_task_loss:calculate_loss:56 - vwap_ml=6.651036262512207,vwap_loss=-0.011635303497314453,volume_traded=0.4554072320461273
2023-08-29 09:21:48.307 | INFO     | MODELS.log:log_train:26 - Epoch: 14/20,file 2023-07-10, Loss: 0.04059722647070885
2023-08-29 09:22:00.205 | INFO     | MODELS.multi_task_loss:calculate_loss:56 - vwap_ml=6.725000858306885,vwap_loss=0.037543296813964844,volume_traded=0.37786686420440674
2023-08-29 09:22:15.500 | INFO     | MODELS.log:log_train:26 - Epoch: 14/20,file 2023-07-11, Loss: 0.06752210110425949
2023-08-29 09:22:28.045 | INFO     | MODELS.multi_task_loss:calculate_loss:56 - vwap_ml=6.702147960662842,vwap_loss=0.0007448196411132812,volume_traded=0.7624214887619019
2023-08-29 09:22:43.755 | INFO     | MODELS.log:log_train:26 - Epoch: 14/20,file 2023-07-12, Loss: 0.02017783932387829
2023-08-29 09:22:58.595 | INFO     | MODELS.multi_task_loss:calculate_loss:56 - vwap_ml=6.683688163757324,vwap_loss=0.010609626770019531,volume_traded=0.2103770673274994
2023-08-29 09:23:15.742 | INFO     | MODELS.log:log_train:26 - Epoch: 14/20,file 2023-07-13, Loss: 0.07023632526397705
2023-08-29 09:23:29.636 | INFO     | MODELS.multi_task_loss:calculate_loss:56 - vwap_ml=6.922959804534912,vwap_loss=0.038486480712890625,volume_traded=0.09866117686033249
2023-08-29 09:23:46.506 | INFO     | MODELS.log:log_train:26 - Epoch: 14/20,file 2023-07-14, Loss: 0.09115336090326309
2023-08-29 09:23:59.676 | INFO     | MODELS.multi_task_loss:calculate_loss:56 - vwap_ml=7.010000228881836,vwap_loss=0.030283451080322266,volume_traded=0.0
2023-08-29 09:24:14.673 | INFO     | MODELS.log:log_train:26 - Epoch: 14/20,file 2023-07-17, Loss: 0.0959530919790268
2023-08-29 09:24:28.255 | INFO     | MODELS.multi_task_loss:calculate_loss:56 - vwap_ml=7.062753677368164,vwap_loss=0.024684906005859375,volume_traded=0.13768187165260315
2023-08-29 09:24:42.862 | INFO     | MODELS.log:log_train:26 - Epoch: 14/20,file 2023-07-18, Loss: 0.08215459436178207
2023-08-29 09:24:56.852 | INFO     | MODELS.multi_task_loss:calculate_loss:56 - vwap_ml=7.079999923706055,vwap_loss=0.004580020904541016,volume_traded=0.0
2023-08-29 09:25:11.814 | INFO     | MODELS.log:log_train:26 - Epoch: 14/20,file 2023-07-19, Loss: 0.08524377644062042
2023-08-29 09:25:26.079 | INFO     | MODELS.multi_task_loss:calculate_loss:56 - vwap_ml=6.980371475219727,vwap_loss=-0.06630706787109375,volume_traded=0.004642419517040253
2023-08-29 09:25:40.623 | INFO     | MODELS.log:log_train:26 - Epoch: 14/20,file 2023-07-20, Loss: 0.05532132089138031
2023-08-29 09:25:55.920 | INFO     | MODELS.multi_task_loss:calculate_loss:56 - vwap_ml=6.624828338623047,vwap_loss=-0.015598297119140625,volume_traded=0.47934257984161377
2023-08-29 09:26:10.894 | INFO     | MODELS.log:log_train:26 - Epoch: 14/20,file 2023-07-21, Loss: 0.036912962794303894
2023-08-29 09:26:26.271 | INFO     | MODELS.multi_task_loss:calculate_loss:56 - vwap_ml=6.60313606262207,vwap_loss=0.009222984313964844,volume_traded=0.5333814024925232
2023-08-29 09:26:41.837 | INFO     | MODELS.log:log_train:26 - Epoch: 14/20,file 2023-07-24, Loss: 0.0427805557847023
2023-08-29 09:26:57.713 | INFO     | MODELS.multi_task_loss:calculate_loss:56 - vwap_ml=6.859744071960449,vwap_loss=0.023464202880859375,volume_traded=0.49367791414260864
2023-08-29 09:27:12.914 | INFO     | MODELS.log:log_train:26 - Epoch: 14/20,file 2023-07-25, Loss: 0.05199899896979332
2023-08-29 09:27:28.923 | INFO     | MODELS.multi_task_loss:calculate_loss:56 - vwap_ml=6.762643337249756,vwap_loss=-0.018774986267089844,volume_traded=0.29864877462387085
2023-08-29 09:27:44.646 | INFO     | MODELS.log:log_train:26 - Epoch: 14/20,file 2023-07-26, Loss: 0.05063771829009056
2023-08-29 09:27:44.655 | INFO     | MODELS.utils:save_model:34 - Saved model to D:\ALGTRADING\Algorithmic-Trading\AlgorithmicStrategy\TWAP_VWAP\MODEL_SAVE_MODIFIED\14.ocet
2023-08-29 09:27:55.043 | INFO     | MODELS.multi_task_loss:calculate_loss:56 - vwap_ml=6.711985111236572,vwap_loss=-0.0004982948303222656,volume_traded=0.1984894573688507
2023-08-29 09:28:10.213 | INFO     | MODELS.log:log_train:26 - Epoch: 15/20,file 2023-07-04, Loss: 0.06660281866788864
2023-08-29 09:28:20.613 | INFO     | MODELS.multi_task_loss:calculate_loss:56 - vwap_ml=6.679999828338623,vwap_loss=-0.014536857604980469,volume_traded=0.0
2023-08-29 09:28:35.613 | INFO     | MODELS.log:log_train:26 - Epoch: 15/20,file 2023-07-05, Loss: 0.0772797241806984
2023-08-29 09:28:46.575 | INFO     | MODELS.multi_task_loss:calculate_loss:56 - vwap_ml=6.650876522064209,vwap_loss=-0.00023746490478515625,volume_traded=0.46576642990112305
2023-08-29 09:29:01.775 | INFO     | MODELS.log:log_train:26 - Epoch: 15/20,file 2023-07-06, Loss: 0.04445997625589371
2023-08-29 09:29:12.635 | INFO     | MODELS.multi_task_loss:calculate_loss:56 - vwap_ml=6.716925621032715,vwap_loss=0.01570272445678711,volume_traded=0.12854354083538055
2023-08-29 09:29:27.307 | INFO     | MODELS.log:log_train:26 - Epoch: 15/20,file 2023-07-07, Loss: 0.07917039096355438
2023-08-29 09:29:38.944 | INFO     | MODELS.multi_task_loss:calculate_loss:56 - vwap_ml=6.656332015991211,vwap_loss=-0.006339550018310547,volume_traded=0.7281680107116699
2023-08-29 09:29:54.458 | INFO     | MODELS.log:log_train:26 - Epoch: 15/20,file 2023-07-10, Loss: 0.020100126042962074
2023-08-29 09:30:06.987 | INFO     | MODELS.multi_task_loss:calculate_loss:56 - vwap_ml=6.717894554138184,vwap_loss=0.030436992645263672,volume_traded=0.49573564529418945
2023-08-29 09:30:23.023 | INFO     | MODELS.log:log_train:26 - Epoch: 15/20,file 2023-07-11, Loss: 0.05474257841706276
2023-08-29 09:30:35.523 | INFO     | MODELS.multi_task_loss:calculate_loss:56 - vwap_ml=6.719991683959961,vwap_loss=0.018588542938232422,volume_traded=0.6367264986038208
2023-08-29 09:30:50.974 | INFO     | MODELS.log:log_train:26 - Epoch: 15/20,file 2023-07-12, Loss: 0.038093969225883484
2023-08-29 09:31:03.992 | INFO     | MODELS.multi_task_loss:calculate_loss:56 - vwap_ml=6.664300441741943,vwap_loss=-0.008778095245361328,volume_traded=0.7611715793609619
2023-08-29 09:31:21.214 | INFO     | MODELS.log:log_train:26 - Epoch: 15/20,file 2023-07-13, Loss: 0.016314055770635605
2023-08-29 09:31:37.620 | INFO     | MODELS.multi_task_loss:calculate_loss:56 - vwap_ml=6.923116683959961,vwap_loss=0.03864336013793945,volume_traded=0.10388275980949402
2023-08-29 09:31:54.628 | INFO     | MODELS.log:log_train:26 - Epoch: 15/20,file 2023-07-14, Loss: 0.09078322350978851
2023-08-29 09:32:09.637 | INFO     | MODELS.multi_task_loss:calculate_loss:56 - vwap_ml=7.010000228881836,vwap_loss=0.030283451080322266,volume_traded=0.0
2023-08-29 09:32:24.853 | INFO     | MODELS.log:log_train:26 - Epoch: 15/20,file 2023-07-17, Loss: 0.09595300257205963
2023-08-29 09:32:38.414 | INFO     | MODELS.multi_task_loss:calculate_loss:56 - vwap_ml=7.059999942779541,vwap_loss=0.021931171417236328,volume_traded=0.0
2023-08-29 09:32:53.467 | INFO     | MODELS.log:log_train:26 - Epoch: 15/20,file 2023-07-18, Loss: 0.09247375279664993
2023-08-29 09:33:07.306 | INFO     | MODELS.multi_task_loss:calculate_loss:56 - vwap_ml=7.0783772468566895,vwap_loss=0.0029573440551757812,volume_traded=0.16228237748146057
2023-08-29 09:33:23.125 | INFO     | MODELS.log:log_train:26 - Epoch: 15/20,file 2023-07-19, Loss: 0.07105331867933273
2023-08-29 09:33:38.602 | INFO     | MODELS.multi_task_loss:calculate_loss:56 - vwap_ml=7.012458324432373,vwap_loss=-0.034220218658447266,volume_traded=0.5687592625617981
2023-08-29 09:33:54.683 | INFO     | MODELS.log:log_train:26 - Epoch: 15/20,file 2023-07-20, Loss: 0.021748807281255722
2023-08-29 09:34:11.068 | INFO     | MODELS.multi_task_loss:calculate_loss:56 - vwap_ml=6.619999885559082,vwap_loss=-0.02042675018310547,volume_traded=0.49859747290611267
2023-08-29 09:34:27.684 | INFO     | MODELS.log:log_train:26 - Epoch: 15/20,file 2023-07-21, Loss: 0.03330396115779877
2023-08-29 09:34:42.846 | INFO     | MODELS.multi_task_loss:calculate_loss:56 - vwap_ml=6.598618507385254,vwap_loss=0.0047054290771484375,volume_traded=0.54364013671875
2023-08-29 09:34:58.813 | INFO     | MODELS.log:log_train:26 - Epoch: 15/20,file 2023-07-24, Loss: 0.040043435990810394
2023-08-29 09:35:14.545 | INFO     | MODELS.multi_task_loss:calculate_loss:56 - vwap_ml=6.864196300506592,vwap_loss=0.027916431427001953,volume_traded=0.289006769657135
2023-08-29 09:35:30.080 | INFO     | MODELS.log:log_train:26 - Epoch: 15/20,file 2023-07-25, Loss: 0.07088854908943176
2023-08-29 09:35:45.653 | INFO     | MODELS.multi_task_loss:calculate_loss:56 - vwap_ml=6.754907131195068,vwap_loss=-0.026511192321777344,volume_traded=0.3802527189254761
2023-08-29 09:36:00.562 | INFO     | MODELS.log:log_train:26 - Epoch: 15/20,file 2023-07-26, Loss: 0.04061705246567726
2023-08-29 09:36:00.574 | INFO     | MODELS.utils:save_model:34 - Saved model to D:\ALGTRADING\Algorithmic-Trading\AlgorithmicStrategy\TWAP_VWAP\MODEL_SAVE_MODIFIED\15.ocet
2023-08-29 09:36:10.770 | INFO     | MODELS.multi_task_loss:calculate_loss:56 - vwap_ml=6.712083339691162,vwap_loss=-0.0004000663757324219,volume_traded=0.20833276212215424
2023-08-29 09:36:25.775 | INFO     | MODELS.log:log_train:26 - Epoch: 16/20,file 2023-07-04, Loss: 0.06582746654748917
2023-08-29 09:36:35.914 | INFO     | MODELS.multi_task_loss:calculate_loss:56 - vwap_ml=6.679999828338623,vwap_loss=-0.014536857604980469,volume_traded=0.0
2023-08-29 09:36:50.897 | INFO     | MODELS.log:log_train:26 - Epoch: 16/20,file 2023-07-05, Loss: 0.07727967947721481
2023-08-29 09:37:01.579 | INFO     | MODELS.multi_task_loss:calculate_loss:56 - vwap_ml=6.652810096740723,vwap_loss=0.0016961097717285156,volume_traded=0.2557693123817444
2023-08-29 09:37:16.466 | INFO     | MODELS.log:log_train:26 - Epoch: 16/20,file 2023-07-06, Loss: 0.06274788081645966
2023-08-29 09:37:26.996 | INFO     | MODELS.multi_task_loss:calculate_loss:56 - vwap_ml=6.706833839416504,vwap_loss=0.005610942840576172,volume_traded=0.3871518671512604
2023-08-29 09:37:41.260 | INFO     | MODELS.log:log_train:26 - Epoch: 16/20,file 2023-07-07, Loss: 0.05343896150588989
2023-08-29 09:37:52.943 | INFO     | MODELS.multi_task_loss:calculate_loss:56 - vwap_ml=6.650000095367432,vwap_loss=-0.012671470642089844,volume_traded=0.0
2023-08-29 09:38:09.149 | INFO     | MODELS.log:log_train:26 - Epoch: 16/20,file 2023-07-10, Loss: 0.0780559554696083
2023-08-29 09:38:21.038 | INFO     | MODELS.multi_task_loss:calculate_loss:56 - vwap_ml=6.731850624084473,vwap_loss=0.044393062591552734,volume_traded=0.3728600740432739
2023-08-29 09:38:36.145 | INFO     | MODELS.log:log_train:26 - Epoch: 16/20,file 2023-07-11, Loss: 0.07079724967479706
2023-08-29 09:38:48.736 | INFO     | MODELS.multi_task_loss:calculate_loss:56 - vwap_ml=6.707102298736572,vwap_loss=0.00569915771484375,volume_traded=0.5714207291603088
2023-08-29 09:39:04.126 | INFO     | MODELS.log:log_train:26 - Epoch: 16/20,file 2023-07-12, Loss: 0.03814392909407616
2023-08-29 09:39:17.047 | INFO     | MODELS.multi_task_loss:calculate_loss:56 - vwap_ml=6.672626495361328,vwap_loss=-0.0004520416259765625,volume_traded=0.48115479946136475
2023-08-29 09:39:32.687 | INFO     | MODELS.log:log_train:26 - Epoch: 16/20,file 2023-07-13, Loss: 0.043094731867313385
2023-08-29 09:39:46.871 | INFO     | MODELS.multi_task_loss:calculate_loss:56 - vwap_ml=6.923302173614502,vwap_loss=0.03882884979248047,volume_traded=0.11006663739681244
2023-08-29 09:40:03.193 | INFO     | MODELS.log:log_train:26 - Epoch: 16/20,file 2023-07-14, Loss: 0.09034642577171326
2023-08-29 09:40:16.255 | INFO     | MODELS.multi_task_loss:calculate_loss:56 - vwap_ml=7.004992961883545,vwap_loss=0.02527618408203125,volume_traded=0.06258892267942429
2023-08-29 09:40:31.542 | INFO     | MODELS.log:log_train:26 - Epoch: 16/20,file 2023-07-17, Loss: 0.08865253627300262
2023-08-29 09:40:45.668 | INFO     | MODELS.multi_task_loss:calculate_loss:56 - vwap_ml=7.06222677230835,vwap_loss=0.024158000946044922,volume_traded=0.1546442210674286
2023-08-29 09:41:01.425 | INFO     | MODELS.log:log_train:26 - Epoch: 16/20,file 2023-07-18, Loss: 0.08052211254835129
2023-08-29 09:41:15.523 | INFO     | MODELS.multi_task_loss:calculate_loss:56 - vwap_ml=7.079275131225586,vwap_loss=0.0038552284240722656,volume_traded=0.03765663504600525
2023-08-29 09:41:30.885 | INFO     | MODELS.log:log_train:26 - Epoch: 16/20,file 2023-07-19, Loss: 0.08180390298366547
2023-08-29 09:41:45.040 | INFO     | MODELS.multi_task_loss:calculate_loss:56 - vwap_ml=7.013079643249512,vwap_loss=-0.033598899841308594,volume_traded=0.5817121863365173
2023-08-29 09:42:00.183 | INFO     | MODELS.log:log_train:26 - Epoch: 16/20,file 2023-07-20, Loss: 0.020931649953126907
2023-08-29 09:42:15.060 | INFO     | MODELS.multi_task_loss:calculate_loss:56 - vwap_ml=6.622066497802734,vwap_loss=-0.018360137939453125,volume_traded=0.5250012874603271
2023-08-29 09:42:30.674 | INFO     | MODELS.log:log_train:26 - Epoch: 16/20,file 2023-07-21, Loss: 0.03195735067129135
2023-08-29 09:42:46.129 | INFO     | MODELS.multi_task_loss:calculate_loss:56 - vwap_ml=6.603157043457031,vwap_loss=0.009243965148925781,volume_traded=0.5958826541900635
2023-08-29 09:43:02.740 | INFO     | MODELS.log:log_train:26 - Epoch: 16/20,file 2023-07-24, Loss: 0.03758738562464714
2023-08-29 09:43:18.402 | INFO     | MODELS.multi_task_loss:calculate_loss:56 - vwap_ml=6.860694885253906,vwap_loss=0.024415016174316406,volume_traded=0.3775976598262787
2023-08-29 09:43:33.611 | INFO     | MODELS.log:log_train:26 - Epoch: 16/20,file 2023-07-25, Loss: 0.062049321830272675
2023-08-29 09:43:49.081 | INFO     | MODELS.multi_task_loss:calculate_loss:56 - vwap_ml=6.7778096199035645,vwap_loss=-0.00360870361328125,volume_traded=0.5266265869140625
2023-08-29 09:44:04.754 | INFO     | MODELS.log:log_train:26 - Epoch: 16/20,file 2023-07-26, Loss: 0.03796853497624397
2023-08-29 09:44:04.765 | INFO     | MODELS.utils:save_model:34 - Saved model to D:\ALGTRADING\Algorithmic-Trading\AlgorithmicStrategy\TWAP_VWAP\MODEL_SAVE_MODIFIED\16.ocet
2023-08-29 09:44:16.173 | INFO     | MODELS.multi_task_loss:calculate_loss:56 - vwap_ml=6.710000038146973,vwap_loss=-0.002483367919921875,volume_traded=0.0
2023-08-29 09:44:32.881 | INFO     | MODELS.log:log_train:26 - Epoch: 17/20,file 2023-07-04, Loss: 0.0823013111948967
2023-08-29 09:44:44.791 | INFO     | MODELS.multi_task_loss:calculate_loss:56 - vwap_ml=6.6845598220825195,vwap_loss=-0.009976863861083984,volume_traded=0.11399652808904648
2023-08-29 09:45:02.905 | INFO     | MODELS.log:log_train:26 - Epoch: 17/20,file 2023-07-05, Loss: 0.06968432664871216
2023-08-29 09:45:16.924 | INFO     | MODELS.multi_task_loss:calculate_loss:56 - vwap_ml=6.645927429199219,vwap_loss=-0.005186557769775391,volume_traded=0.5951282978057861
2023-08-29 09:45:33.426 | INFO     | MODELS.log:log_train:26 - Epoch: 17/20,file 2023-07-06, Loss: 0.031630489975214005
2023-08-29 09:45:48.080 | INFO     | MODELS.multi_task_loss:calculate_loss:56 - vwap_ml=6.702165603637695,vwap_loss=0.0009427070617675781,volume_traded=0.2874718904495239
2023-08-29 09:46:06.470 | INFO     | MODELS.log:log_train:26 - Epoch: 17/20,file 2023-07-07, Loss: 0.05979292467236519
2023-08-29 09:46:21.625 | INFO     | MODELS.multi_task_loss:calculate_loss:56 - vwap_ml=6.651472568511963,vwap_loss=-0.011198997497558594,volume_traded=0.5015228986740112
2023-08-29 09:46:40.339 | INFO     | MODELS.log:log_train:26 - Epoch: 17/20,file 2023-07-10, Loss: 0.0369441844522953
2023-08-29 09:46:55.411 | INFO     | MODELS.multi_task_loss:calculate_loss:56 - vwap_ml=6.726131439208984,vwap_loss=0.03867387771606445,volume_traded=0.19565723836421967
2023-08-29 09:47:13.207 | INFO     | MODELS.log:log_train:26 - Epoch: 17/20,file 2023-07-11, Loss: 0.08315218240022659
2023-08-29 09:47:28.842 | INFO     | MODELS.multi_task_loss:calculate_loss:56 - vwap_ml=6.747217178344727,vwap_loss=0.04581403732299805,volume_traded=0.9122049808502197
2023-08-29 09:47:47.416 | INFO     | MODELS.log:log_train:26 - Epoch: 17/20,file 2023-07-12, Loss: 0.026498910039663315
2023-08-29 09:48:03.361 | INFO     | MODELS.multi_task_loss:calculate_loss:56 - vwap_ml=6.661892414093018,vwap_loss=-0.01118612289428711,volume_traded=0.8335835933685303
2023-08-29 09:48:20.602 | INFO     | MODELS.log:log_train:26 - Epoch: 17/20,file 2023-07-13, Loss: 0.009287683293223381
2023-08-29 09:48:39.047 | INFO     | MODELS.multi_task_loss:calculate_loss:56 - vwap_ml=6.926183700561523,vwap_loss=0.04171037673950195,volume_traded=0.3091917932033539
2023-08-29 09:48:58.070 | INFO     | MODELS.log:log_train:26 - Epoch: 17/20,file 2023-07-14, Loss: 0.07498359680175781
2023-08-29 09:49:13.955 | INFO     | MODELS.multi_task_loss:calculate_loss:56 - vwap_ml=7.010000228881836,vwap_loss=0.030283451080322266,volume_traded=0.0
2023-08-29 09:49:30.616 | INFO     | MODELS.log:log_train:26 - Epoch: 17/20,file 2023-07-17, Loss: 0.09595351666212082
2023-08-29 09:49:46.774 | INFO     | MODELS.multi_task_loss:calculate_loss:56 - vwap_ml=7.059999942779541,vwap_loss=0.021931171417236328,volume_traded=0.0
2023-08-29 09:50:05.077 | INFO     | MODELS.log:log_train:26 - Epoch: 17/20,file 2023-07-18, Loss: 0.09247396886348724
2023-08-29 09:50:21.924 | INFO     | MODELS.multi_task_loss:calculate_loss:56 - vwap_ml=7.079999923706055,vwap_loss=0.004580020904541016,volume_traded=0.0
2023-08-29 09:50:38.646 | INFO     | MODELS.log:log_train:26 - Epoch: 17/20,file 2023-07-19, Loss: 0.08524364978075027
2023-08-29 09:50:58.413 | INFO     | MODELS.multi_task_loss:calculate_loss:56 - vwap_ml=7.01553201675415,vwap_loss=-0.031146526336669922,volume_traded=0.4807474613189697
2023-08-29 09:51:18.488 | INFO     | MODELS.log:log_train:26 - Epoch: 17/20,file 2023-07-20, Loss: 0.030360940843820572
2023-08-29 09:51:36.208 | INFO     | MODELS.multi_task_loss:calculate_loss:56 - vwap_ml=6.624725818634033,vwap_loss=-0.015700817108154297,volume_traded=0.7232056260108948
2023-08-29 09:51:52.904 | INFO     | MODELS.log:log_train:26 - Epoch: 17/20,file 2023-07-21, Loss: 0.016567032784223557
2023-08-29 09:52:12.761 | INFO     | MODELS.multi_task_loss:calculate_loss:56 - vwap_ml=6.604979515075684,vwap_loss=0.011066436767578125,volume_traded=0.16736538708209991
2023-08-29 09:52:30.189 | INFO     | MODELS.log:log_train:26 - Epoch: 17/20,file 2023-07-24, Loss: 0.074009470641613
2023-08-29 09:52:47.607 | INFO     | MODELS.multi_task_loss:calculate_loss:56 - vwap_ml=6.854450225830078,vwap_loss=0.01817035675048828,volume_traded=0.7505708932876587
2023-08-29 09:53:03.905 | INFO     | MODELS.log:log_train:26 - Epoch: 17/20,file 2023-07-25, Loss: 0.028406307101249695
2023-08-29 09:53:22.330 | INFO     | MODELS.multi_task_loss:calculate_loss:56 - vwap_ml=6.788322925567627,vwap_loss=0.00690460205078125,volume_traded=0.38283446431159973
2023-08-29 09:53:40.063 | INFO     | MODELS.log:log_train:26 - Epoch: 17/20,file 2023-07-26, Loss: 0.054322969168424606
2023-08-29 09:53:40.075 | INFO     | MODELS.utils:save_model:34 - Saved model to D:\ALGTRADING\Algorithmic-Trading\AlgorithmicStrategy\TWAP_VWAP\MODEL_SAVE_MODIFIED\17.ocet
2023-08-29 09:53:51.548 | INFO     | MODELS.multi_task_loss:calculate_loss:56 - vwap_ml=6.708799362182617,vwap_loss=-0.0036840438842773438,volume_traded=0.12003437429666519
2023-08-29 09:54:09.609 | INFO     | MODELS.log:log_train:26 - Epoch: 18/20,file 2023-07-04, Loss: 0.07180590182542801
2023-08-29 09:54:22.273 | INFO     | MODELS.multi_task_loss:calculate_loss:56 - vwap_ml=6.684952735900879,vwap_loss=-0.00958395004272461,volume_traded=0.12383003532886505
2023-08-29 09:54:39.328 | INFO     | MODELS.log:log_train:26 - Epoch: 18/20,file 2023-07-05, Loss: 0.06902889162302017
2023-08-29 09:54:50.100 | INFO     | MODELS.multi_task_loss:calculate_loss:56 - vwap_ml=6.646670341491699,vwap_loss=-0.004443645477294922,volume_traded=0.7112709283828735
2023-08-29 09:55:05.269 | INFO     | MODELS.log:log_train:26 - Epoch: 18/20,file 2023-07-06, Loss: 0.022266363725066185
2023-08-29 09:55:15.991 | INFO     | MODELS.multi_task_loss:calculate_loss:56 - vwap_ml=6.705653190612793,vwap_loss=0.004430294036865234,volume_traded=0.2391107678413391
2023-08-29 09:55:30.749 | INFO     | MODELS.log:log_train:26 - Epoch: 18/20,file 2023-07-07, Loss: 0.06527683883905411
2023-08-29 09:55:43.016 | INFO     | MODELS.multi_task_loss:calculate_loss:56 - vwap_ml=6.650613307952881,vwap_loss=-0.012058258056640625,volume_traded=0.06131773442029953
2023-08-29 09:55:59.429 | INFO     | MODELS.log:log_train:26 - Epoch: 18/20,file 2023-07-10, Loss: 0.07320326566696167
2023-08-29 09:56:11.775 | INFO     | MODELS.multi_task_loss:calculate_loss:56 - vwap_ml=6.721320152282715,vwap_loss=0.03386259078979492,volume_traded=0.44393888115882874
2023-08-29 09:56:27.475 | INFO     | MODELS.log:log_train:26 - Epoch: 18/20,file 2023-07-11, Loss: 0.06049421429634094
2023-08-29 09:56:40.292 | INFO     | MODELS.multi_task_loss:calculate_loss:56 - vwap_ml=6.701667785644531,vwap_loss=0.0002646446228027344,volume_traded=0.5988467931747437
2023-08-29 09:56:55.761 | INFO     | MODELS.log:log_train:26 - Epoch: 18/20,file 2023-07-12, Loss: 0.033596768975257874
2023-08-29 09:57:09.794 | INFO     | MODELS.multi_task_loss:calculate_loss:56 - vwap_ml=6.669360160827637,vwap_loss=-0.0037183761596679688,volume_traded=0.5812216997146606
2023-08-29 09:57:26.513 | INFO     | MODELS.log:log_train:26 - Epoch: 18/20,file 2023-07-13, Loss: 0.03340502828359604
2023-08-29 09:57:40.799 | INFO     | MODELS.multi_task_loss:calculate_loss:56 - vwap_ml=6.926351070404053,vwap_loss=0.04187774658203125,volume_traded=0.3175531327724457
2023-08-29 09:57:56.919 | INFO     | MODELS.log:log_train:26 - Epoch: 18/20,file 2023-07-14, Loss: 0.07435762882232666
2023-08-29 09:58:10.196 | INFO     | MODELS.multi_task_loss:calculate_loss:56 - vwap_ml=7.010000228881836,vwap_loss=0.030283451080322266,volume_traded=0.0
2023-08-29 09:58:25.572 | INFO     | MODELS.log:log_train:26 - Epoch: 18/20,file 2023-07-17, Loss: 0.09595321118831635
2023-08-29 09:58:39.239 | INFO     | MODELS.multi_task_loss:calculate_loss:56 - vwap_ml=7.063389778137207,vwap_loss=0.025321006774902344,volume_traded=0.16948440670967102
2023-08-29 09:58:54.337 | INFO     | MODELS.log:log_train:26 - Epoch: 18/20,file 2023-07-18, Loss: 0.07977306842803955
2023-08-29 09:59:08.575 | INFO     | MODELS.multi_task_loss:calculate_loss:56 - vwap_ml=7.0780792236328125,vwap_loss=0.002659320831298828,volume_traded=0.20814204216003418
2023-08-29 09:59:24.529 | INFO     | MODELS.log:log_train:26 - Epoch: 18/20,file 2023-07-19, Loss: 0.06711149215698242
2023-08-29 09:59:38.718 | INFO     | MODELS.multi_task_loss:calculate_loss:56 - vwap_ml=6.982024192810059,vwap_loss=-0.06465435028076172,volume_traded=0.24676638841629028
2023-08-29 09:59:54.001 | INFO     | MODELS.log:log_train:26 - Epoch: 18/20,file 2023-07-20, Loss: 0.03584544360637665
2023-08-29 10:00:08.679 | INFO     | MODELS.multi_task_loss:calculate_loss:56 - vwap_ml=6.626697063446045,vwap_loss=-0.013729572296142578,volume_traded=0.796877384185791
2023-08-29 10:00:23.873 | INFO     | MODELS.log:log_train:26 - Epoch: 18/20,file 2023-07-21, Loss: 0.011250929906964302
2023-08-29 10:00:39.517 | INFO     | MODELS.multi_task_loss:calculate_loss:56 - vwap_ml=6.6094818115234375,vwap_loss=0.015568733215332031,volume_traded=0.12633153796195984
2023-08-29 10:00:54.230 | INFO     | MODELS.log:log_train:26 - Epoch: 18/20,file 2023-07-24, Loss: 0.07929804176092148
2023-08-29 10:01:09.948 | INFO     | MODELS.multi_task_loss:calculate_loss:56 - vwap_ml=6.853079795837402,vwap_loss=0.0167999267578125,volume_traded=0.818700909614563
2023-08-29 10:01:25.555 | INFO     | MODELS.log:log_train:26 - Epoch: 18/20,file 2023-07-25, Loss: 0.02216940186917782
2023-08-29 10:01:41.473 | INFO     | MODELS.multi_task_loss:calculate_loss:56 - vwap_ml=6.789076805114746,vwap_loss=0.007658481597900391,volume_traded=0.7292805910110474
2023-08-29 10:01:56.415 | INFO     | MODELS.log:log_train:26 - Epoch: 18/20,file 2023-07-26, Loss: 0.025779007002711296
2023-08-29 10:01:56.425 | INFO     | MODELS.utils:save_model:34 - Saved model to D:\ALGTRADING\Algorithmic-Trading\AlgorithmicStrategy\TWAP_VWAP\MODEL_SAVE_MODIFIED\18.ocet
2023-08-29 10:02:06.847 | INFO     | MODELS.multi_task_loss:calculate_loss:56 - vwap_ml=6.712369918823242,vwap_loss=-0.00011348724365234375,volume_traded=0.3666077256202698
2023-08-29 10:02:21.664 | INFO     | MODELS.log:log_train:26 - Epoch: 19/20,file 2023-07-04, Loss: 0.0527646467089653
2023-08-29 10:02:31.765 | INFO     | MODELS.multi_task_loss:calculate_loss:56 - vwap_ml=6.685439109802246,vwap_loss=-0.009097576141357422,volume_traded=0.13598139584064484
2023-08-29 10:02:45.852 | INFO     | MODELS.log:log_train:26 - Epoch: 19/20,file 2023-07-05, Loss: 0.06822039186954498
2023-08-29 10:02:56.551 | INFO     | MODELS.multi_task_loss:calculate_loss:56 - vwap_ml=6.6528730392456055,vwap_loss=0.0017590522766113281,volume_traded=0.23757216334342957
2023-08-29 10:03:11.657 | INFO     | MODELS.log:log_train:26 - Epoch: 19/20,file 2023-07-06, Loss: 0.06429260224103928
2023-08-29 10:03:22.921 | INFO     | MODELS.multi_task_loss:calculate_loss:56 - vwap_ml=6.70497465133667,vwap_loss=0.0037517547607421875,volume_traded=0.5703441500663757
2023-08-29 10:03:38.258 | INFO     | MODELS.log:log_train:26 - Epoch: 19/20,file 2023-07-07, Loss: 0.03741227090358734
2023-08-29 10:03:50.305 | INFO     | MODELS.multi_task_loss:calculate_loss:56 - vwap_ml=6.6517109870910645,vwap_loss=-0.010960578918457031,volume_traded=0.085554338991642
2023-08-29 10:04:06.358 | INFO     | MODELS.log:log_train:26 - Epoch: 19/20,file 2023-07-10, Loss: 0.0716414600610733
2023-08-29 10:04:18.408 | INFO     | MODELS.multi_task_loss:calculate_loss:56 - vwap_ml=6.720108985900879,vwap_loss=0.032651424407958984,volume_traded=0.46540579199790955
2023-08-29 10:04:33.432 | INFO     | MODELS.log:log_train:26 - Epoch: 19/20,file 2023-07-11, Loss: 0.05820346996188164
2023-08-29 10:04:46.238 | INFO     | MODELS.multi_task_loss:calculate_loss:56 - vwap_ml=6.712517738342285,vwap_loss=0.01111459732055664,volume_traded=0.9180842638015747
2023-08-29 10:05:02.098 | INFO     | MODELS.log:log_train:26 - Epoch: 19/20,file 2023-07-12, Loss: 0.01154678501188755
2023-08-29 10:05:15.565 | INFO     | MODELS.multi_task_loss:calculate_loss:56 - vwap_ml=6.670011043548584,vwap_loss=-0.003067493438720703,volume_traded=0.5554224848747253
2023-08-29 10:05:31.586 | INFO     | MODELS.log:log_train:26 - Epoch: 19/20,file 2023-07-13, Loss: 0.03582986071705818
2023-08-29 10:05:44.967 | INFO     | MODELS.multi_task_loss:calculate_loss:56 - vwap_ml=6.923788547515869,vwap_loss=0.039315223693847656,volume_traded=0.12628263235092163
2023-08-29 10:06:01.453 | INFO     | MODELS.log:log_train:26 - Epoch: 19/20,file 2023-07-14, Loss: 0.089199498295784
2023-08-29 10:06:14.851 | INFO     | MODELS.multi_task_loss:calculate_loss:56 - vwap_ml=7.010000228881836,vwap_loss=0.030283451080322266,volume_traded=0.0
2023-08-29 10:06:29.237 | INFO     | MODELS.log:log_train:26 - Epoch: 19/20,file 2023-07-17, Loss: 0.09595318883657455
2023-08-29 10:06:43.407 | INFO     | MODELS.multi_task_loss:calculate_loss:56 - vwap_ml=7.061080455780029,vwap_loss=0.02301168441772461,volume_traded=0.20753350853919983
2023-08-29 10:06:58.880 | INFO     | MODELS.log:log_train:26 - Epoch: 19/20,file 2023-07-18, Loss: 0.07564181834459305
2023-08-29 10:07:12.877 | INFO     | MODELS.multi_task_loss:calculate_loss:56 - vwap_ml=7.079999923706055,vwap_loss=0.004580020904541016,volume_traded=0.024797603487968445
2023-08-29 10:07:27.541 | INFO     | MODELS.log:log_train:26 - Epoch: 19/20,file 2023-07-19, Loss: 0.0831778347492218
2023-08-29 10:07:42.139 | INFO     | MODELS.multi_task_loss:calculate_loss:56 - vwap_ml=6.983468055725098,vwap_loss=-0.06321048736572266,volume_traded=0.2291606068611145
2023-08-29 10:07:57.903 | INFO     | MODELS.log:log_train:26 - Epoch: 19/20,file 2023-07-20, Loss: 0.03791384771466255
2023-08-29 10:08:12.528 | INFO     | MODELS.multi_task_loss:calculate_loss:56 - vwap_ml=6.627185821533203,vwap_loss=-0.013240814208984375,volume_traded=0.9685730934143066
2023-08-29 10:08:26.615 | INFO     | MODELS.log:log_train:26 - Epoch: 19/20,file 2023-07-21, Loss: -0.0028457683511078358
2023-08-29 10:08:41.777 | INFO     | MODELS.multi_task_loss:calculate_loss:56 - vwap_ml=6.609372138977051,vwap_loss=0.015459060668945312,volume_traded=0.14626038074493408
2023-08-29 10:08:56.791 | INFO     | MODELS.log:log_train:26 - Epoch: 19/20,file 2023-07-24, Loss: 0.07759268581867218
2023-08-29 10:09:12.553 | INFO     | MODELS.multi_task_loss:calculate_loss:56 - vwap_ml=6.847796440124512,vwap_loss=0.011516571044921875,volume_traded=1.1321094036102295
2023-08-29 10:09:28.783 | INFO     | MODELS.log:log_train:26 - Epoch: 19/20,file 2023-07-25, Loss: 0.01588725671172142
2023-08-29 10:09:47.025 | INFO     | MODELS.multi_task_loss:calculate_loss:56 - vwap_ml=6.772879600524902,vwap_loss=-0.00853872299194336,volume_traded=0.4064353406429291
2023-08-29 10:10:04.194 | INFO     | MODELS.log:log_train:26 - Epoch: 19/20,file 2023-07-26, Loss: 0.04592259228229523
2023-08-29 10:10:04.204 | INFO     | MODELS.utils:save_model:34 - Saved model to D:\ALGTRADING\Algorithmic-Trading\AlgorithmicStrategy\TWAP_VWAP\MODEL_SAVE_MODIFIED\19.ocet
2023-08-29 10:12:01.094 | INFO     | __main__:<module>:119 - ================Starting================
2023-08-29 10:12:01.096 | INFO     | __main__:<module>:122 - Set device: cpu
2023-08-29 10:12:01.099 | INFO     | __main__:<module>:125 - Set seed: 2333
2023-08-29 10:12:01.100 | INFO     | __main__:<module>:133 - Saving model parameters to D:\ALGTRADING\Algorithmic-Trading\AlgorithmicStrategy\TWAP_VWAP\MODEL_SAVE_MODIFIED
2023-08-29 10:12:27.401 | INFO     | MODELS.multi_task_loss:calculate_loss:56 - vwap_ml=6.734480381011963,vwap_loss=-0.015653133392333984,volume_traded=0.3084357678890228
2023-08-29 10:12:27.402 | INFO     | MODELS.log:log_eval:16 - file 2023-07-27, Loss: 0.05111858993768692
2023-08-29 10:12:54.403 | INFO     | MODELS.multi_task_loss:calculate_loss:56 - vwap_ml=6.8230977058410645,vwap_loss=0.0010914802551269531,volume_traded=0.9965018033981323
2023-08-29 10:12:54.404 | INFO     | MODELS.log:log_eval:16 - file 2023-07-28, Loss: 0.0008584047900512815
2023-08-29 10:13:21.509 | INFO     | MODELS.multi_task_loss:calculate_loss:56 - vwap_ml=6.9390459060668945,vwap_loss=-0.002563953399658203,volume_traded=0.047702640295028687
2023-08-29 10:13:21.510 | INFO     | MODELS.log:log_eval:16 - file 2023-08-02, Loss: 0.07829165458679199
2023-08-29 10:13:48.790 | INFO     | MODELS.multi_task_loss:calculate_loss:56 - vwap_ml=6.939309120178223,vwap_loss=0.022043704986572266,volume_traded=0.21381846070289612
2023-08-29 10:13:48.791 | INFO     | MODELS.log:log_eval:16 - file 2023-08-03, Loss: 0.07471358776092529
2023-08-29 10:18:12.189 | INFO     | __main__:<module>:66 - ================Starting================
2023-08-29 10:18:12.190 | INFO     | __main__:<module>:69 - Set device: cpu
2023-08-29 10:18:12.193 | INFO     | __main__:<module>:72 - Set seed: 2333
2023-08-29 10:18:12.195 | INFO     | __main__:<module>:80 - Saving model parameters to D:\ALGTRADING\Algorithmic-Trading\AlgorithmicStrategy\TWAP_VWAP\MODEL_SAVE_MODIFIED
2023-08-29 10:18:12.498 | INFO     | MODELS.multi_task_loss:calculate_loss:55 - vwap_ml=6.746942520141602,vwap_loss=0.03445911407470703
2023-08-29 10:18:12.519 | INFO     | MODELS.log:log_train:26 - Epoch: 0/20,file 2023-07-04, Loss: 0.0637664794921875
2023-08-29 10:18:12.939 | INFO     | MODELS.multi_task_loss:calculate_loss:55 - vwap_ml=6.690000534057617,vwap_loss=-0.004536151885986328
2023-08-29 10:18:12.955 | INFO     | MODELS.log:log_train:26 - Epoch: 0/20,file 2023-07-05, Loss: 0.06262291222810745
2023-08-29 10:18:13.288 | INFO     | MODELS.multi_task_loss:calculate_loss:55 - vwap_ml=6.6399993896484375,vwap_loss=-0.01111459732055664
2023-08-29 10:18:13.308 | INFO     | MODELS.log:log_train:26 - Epoch: 0/20,file 2023-07-06, Loss: 0.09366194158792496
2023-08-29 10:18:13.685 | INFO     | MODELS.multi_task_loss:calculate_loss:55 - vwap_ml=6.65000057220459,vwap_loss=-0.05122232437133789
2023-08-29 10:18:13.720 | INFO     | MODELS.log:log_train:26 - Epoch: 0/20,file 2023-07-07, Loss: 0.009654711931943893
2023-08-29 10:18:14.078 | INFO     | MODELS.multi_task_loss:calculate_loss:55 - vwap_ml=6.71999979019165,vwap_loss=0.057328224182128906
2023-08-29 10:18:14.091 | INFO     | MODELS.log:log_train:26 - Epoch: 0/20,file 2023-07-10, Loss: 0.33465030789375305
2023-08-29 10:18:14.453 | INFO     | MODELS.multi_task_loss:calculate_loss:55 - vwap_ml=6.659999847412109,vwap_loss=-0.027457714080810547
2023-08-29 10:18:14.482 | INFO     | MODELS.log:log_train:26 - Epoch: 0/20,file 2023-07-11, Loss: 0.07920198887586594
2023-08-29 10:18:14.883 | INFO     | MODELS.multi_task_loss:calculate_loss:55 - vwap_ml=6.732583999633789,vwap_loss=0.031180858612060547
2023-08-29 10:18:14.933 | INFO     | MODELS.log:log_train:26 - Epoch: 0/20,file 2023-07-12, Loss: 0.032313425093889236
2023-08-29 10:18:15.354 | INFO     | MODELS.multi_task_loss:calculate_loss:55 - vwap_ml=6.686367988586426,vwap_loss=0.013289451599121094
2023-08-29 10:18:15.394 | INFO     | MODELS.log:log_train:26 - Epoch: 0/20,file 2023-07-13, Loss: 0.061689525842666626
2023-08-29 10:18:15.853 | INFO     | MODELS.multi_task_loss:calculate_loss:55 - vwap_ml=6.7099995613098145,vwap_loss=-0.17447376251220703
2023-08-29 10:18:15.911 | INFO     | MODELS.log:log_train:26 - Epoch: 0/20,file 2023-07-14, Loss: -0.04236391931772232
2023-08-29 10:18:16.372 | INFO     | MODELS.multi_task_loss:calculate_loss:55 - vwap_ml=6.8899993896484375,vwap_loss=-0.08971738815307617
2023-08-29 10:18:16.412 | INFO     | MODELS.log:log_train:26 - Epoch: 0/20,file 2023-07-17, Loss: 0.02131521701812744
2023-08-29 10:18:16.912 | INFO     | MODELS.multi_task_loss:calculate_loss:55 - vwap_ml=7.0,vwap_loss=-0.03806877136230469
2023-08-29 10:18:16.955 | INFO     | MODELS.log:log_train:26 - Epoch: 0/20,file 2023-07-18, Loss: 0.012972744181752205
2023-08-29 10:18:17.450 | INFO     | MODELS.multi_task_loss:calculate_loss:55 - vwap_ml=7.103796005249023,vwap_loss=0.028376102447509766
2023-08-29 10:18:17.492 | INFO     | MODELS.log:log_train:26 - Epoch: 0/20,file 2023-07-19, Loss: 0.05280516669154167
2023-08-29 10:18:17.977 | INFO     | MODELS.multi_task_loss:calculate_loss:55 - vwap_ml=7.1100006103515625,vwap_loss=0.06332206726074219
2023-08-29 10:18:17.999 | INFO     | MODELS.log:log_train:26 - Epoch: 0/20,file 2023-07-20, Loss: 0.13830246031284332
2023-08-29 10:18:18.502 | INFO     | MODELS.multi_task_loss:calculate_loss:55 - vwap_ml=6.628523826599121,vwap_loss=-0.011902809143066406
2023-08-29 10:18:18.523 | INFO     | MODELS.log:log_train:26 - Epoch: 0/20,file 2023-07-21, Loss: 0.11816845834255219
2023-08-29 10:18:19.103 | INFO     | MODELS.multi_task_loss:calculate_loss:55 - vwap_ml=6.603336811065674,vwap_loss=0.00942373275756836
2023-08-29 10:18:19.162 | INFO     | MODELS.log:log_train:26 - Epoch: 0/20,file 2023-07-24, Loss: 0.022238964214920998
2023-08-29 10:18:19.688 | INFO     | MODELS.multi_task_loss:calculate_loss:55 - vwap_ml=6.729999542236328,vwap_loss=-0.10628032684326172
2023-08-29 10:18:19.704 | INFO     | MODELS.log:log_train:26 - Epoch: 0/20,file 2023-07-25, Loss: 0.08136884868144989
2023-08-29 10:18:20.323 | INFO     | MODELS.multi_task_loss:calculate_loss:55 - vwap_ml=6.858295917510986,vwap_loss=0.07687759399414062
2023-08-29 10:18:20.379 | INFO     | MODELS.log:log_train:26 - Epoch: 0/20,file 2023-07-26, Loss: 0.05809154361486435
2023-08-29 10:18:20.389 | INFO     | MODELS.utils:save_model:34 - Saved model to D:\ALGTRADING\Algorithmic-Trading\AlgorithmicStrategy\TWAP_VWAP\MODEL_SAVE_MODIFIED\0.ocet
2023-08-29 10:18:20.503 | INFO     | MODELS.multi_task_loss:calculate_loss:55 - vwap_ml=6.75,vwap_loss=0.03751659393310547
2023-08-29 10:18:20.523 | INFO     | MODELS.log:log_train:26 - Epoch: 1/20,file 2023-07-04, Loss: 0.10292179137468338
2023-08-29 10:18:20.650 | INFO     | MODELS.multi_task_loss:calculate_loss:55 - vwap_ml=6.689999580383301,vwap_loss=-0.004537105560302734
2023-08-29 10:18:20.670 | INFO     | MODELS.log:log_train:26 - Epoch: 1/20,file 2023-07-05, Loss: 0.043751396238803864
2023-08-29 10:18:20.795 | INFO     | MODELS.multi_task_loss:calculate_loss:55 - vwap_ml=6.639999866485596,vwap_loss=-0.011114120483398438
2023-08-29 10:18:20.826 | INFO     | MODELS.log:log_train:26 - Epoch: 1/20,file 2023-07-06, Loss: 0.042455486953258514
2023-08-29 10:18:20.961 | INFO     | MODELS.multi_task_loss:calculate_loss:55 - vwap_ml=6.65000057220459,vwap_loss=-0.05122232437133789
2023-08-29 10:18:21.000 | INFO     | MODELS.log:log_train:26 - Epoch: 1/20,file 2023-07-07, Loss: 0.01055523008108139
2023-08-29 10:18:21.130 | INFO     | MODELS.multi_task_loss:calculate_loss:55 - vwap_ml=6.719999313354492,vwap_loss=0.0573277473449707
2023-08-29 10:18:21.147 | INFO     | MODELS.log:log_train:26 - Epoch: 1/20,file 2023-07-10, Loss: 0.19879329204559326
2023-08-29 10:18:21.351 | INFO     | MODELS.multi_task_loss:calculate_loss:55 - vwap_ml=6.659999847412109,vwap_loss=-0.027457714080810547
2023-08-29 10:18:21.377 | INFO     | MODELS.log:log_train:26 - Epoch: 1/20,file 2023-07-11, Loss: 0.03676273301243782
2023-08-29 10:18:21.498 | INFO     | MODELS.multi_task_loss:calculate_loss:55 - vwap_ml=6.739102363586426,vwap_loss=0.037699222564697266
2023-08-29 10:18:21.522 | INFO     | MODELS.log:log_train:26 - Epoch: 1/20,file 2023-07-12, Loss: nan
2023-08-29 10:18:59.552 | INFO     | MODELS.multi_task_loss:calculate_loss:55 - vwap_ml=6.739102363586426,vwap_loss=0.0660238265991211
2023-08-29 10:22:14.263 | INFO     | __main__:<module>:119 - ================Starting================
2023-08-29 10:22:14.265 | INFO     | __main__:<module>:122 - Set device: cpu
2023-08-29 10:22:14.268 | INFO     | __main__:<module>:125 - Set seed: 2333
2023-08-29 10:22:14.269 | INFO     | __main__:<module>:133 - Saving model parameters to D:\ALGTRADING\Algorithmic-Trading\AlgorithmicStrategy\TWAP_VWAP\MODEL_SAVE
2023-08-29 10:22:34.525 | INFO     | MODELS.multi_task_loss:calculate_loss:56 - vwap_ml=6.711666584014893,vwap_loss=-0.0008168220520019531,volume_traded=0.16664928197860718
2023-08-29 10:22:34.526 | INFO     | MODELS.log:log_eval:16 - file 2023-07-04, Loss: 0.20814305543899536
2023-08-29 10:22:54.260 | INFO     | MODELS.multi_task_loss:calculate_loss:56 - vwap_ml=6.681576251983643,vwap_loss=-0.012960433959960938,volume_traded=0.1576094925403595
2023-08-29 10:22:54.262 | INFO     | MODELS.log:log_eval:16 - file 2023-07-05, Loss: 0.20736423134803772
2023-08-29 10:23:14.334 | INFO     | MODELS.multi_task_loss:calculate_loss:56 - vwap_ml=6.652092933654785,vwap_loss=0.0009789466857910156,volume_traded=0.8540439009666443
2023-08-29 10:23:14.335 | INFO     | MODELS.log:log_eval:16 - file 2023-07-06, Loss: 0.0367792546749115
2023-08-29 10:23:34.442 | INFO     | MODELS.multi_task_loss:calculate_loss:56 - vwap_ml=6.71999979019165,vwap_loss=0.018776893615722656,volume_traded=0.0
2023-08-29 10:23:34.444 | INFO     | MODELS.log:log_eval:16 - file 2023-07-07, Loss: 0.2546960413455963
2023-08-29 10:23:54.577 | INFO     | MODELS.multi_task_loss:calculate_loss:56 - vwap_ml=6.652080059051514,vwap_loss=-0.010591506958007812,volume_traded=0.6851292848587036
2023-08-29 10:23:54.578 | INFO     | MODELS.log:log_eval:16 - file 2023-07-10, Loss: 0.07613002508878708
2023-08-29 10:24:15.156 | INFO     | MODELS.multi_task_loss:calculate_loss:56 - vwap_ml=6.71074914932251,vwap_loss=0.023291587829589844,volume_traded=0.5779416561126709
2023-08-29 10:24:15.157 | INFO     | MODELS.log:log_eval:16 - file 2023-07-11, Loss: 0.11137048900127411
2023-08-29 10:24:35.929 | INFO     | MODELS.multi_task_loss:calculate_loss:56 - vwap_ml=6.709155082702637,vwap_loss=0.007751941680908203,volume_traded=0.6908702254295349
2023-08-29 10:24:35.931 | INFO     | MODELS.log:log_eval:16 - file 2023-07-12, Loss: 0.07927080988883972
2023-08-29 10:24:57.053 | INFO     | MODELS.multi_task_loss:calculate_loss:56 - vwap_ml=6.689785003662109,vwap_loss=0.016706466674804688,volume_traded=0.007168866693973541
2023-08-29 10:24:57.054 | INFO     | MODELS.log:log_eval:16 - file 2023-07-13, Loss: 0.25238633155822754
2023-08-29 10:25:19.615 | INFO     | MODELS.multi_task_loss:calculate_loss:56 - vwap_ml=6.913349151611328,vwap_loss=0.02887582778930664,volume_traded=0.5093227624893188
2023-08-29 10:25:19.616 | INFO     | MODELS.log:log_eval:16 - file 2023-07-14, Loss: 0.12991143763065338
2023-08-29 10:25:42.769 | INFO     | MODELS.multi_task_loss:calculate_loss:56 - vwap_ml=7.007684707641602,vwap_loss=0.02796792984008789,volume_traded=0.1766848862171173
2023-08-29 10:25:42.771 | INFO     | MODELS.log:log_eval:16 - file 2023-07-17, Loss: 0.21282361447811127
2023-08-29 10:26:06.249 | INFO     | MODELS.multi_task_loss:calculate_loss:56 - vwap_ml=7.059999942779541,vwap_loss=0.021931171417236328,volume_traded=0.0
2023-08-29 10:26:06.251 | INFO     | MODELS.log:log_eval:16 - file 2023-07-18, Loss: 0.255484014749527
2023-08-29 10:26:30.146 | INFO     | MODELS.multi_task_loss:calculate_loss:56 - vwap_ml=7.078093528747559,vwap_loss=0.002673625946044922,volume_traded=0.462157279253006
2023-08-29 10:26:30.147 | INFO     | MODELS.log:log_eval:16 - file 2023-07-19, Loss: 0.13514624536037445
2023-08-29 10:26:54.682 | INFO     | MODELS.multi_task_loss:calculate_loss:56 - vwap_ml=7.017902374267578,vwap_loss=-0.028776168823242188,volume_traded=0.807086706161499
2023-08-29 10:26:54.684 | INFO     | MODELS.log:log_eval:16 - file 2023-07-20, Loss: 0.041085321456193924
2023-08-29 10:27:19.543 | INFO     | MODELS.multi_task_loss:calculate_loss:56 - vwap_ml=6.6194868087768555,vwap_loss=-0.02093982696533203,volume_traded=0.4627510905265808
2023-08-29 10:27:19.544 | INFO     | MODELS.log:log_eval:16 - file 2023-07-21, Loss: 0.12908852100372314
2023-08-29 10:27:44.833 | INFO     | MODELS.multi_task_loss:calculate_loss:56 - vwap_ml=6.598275184631348,vwap_loss=0.0043621063232421875,volume_traded=0.4316364824771881
2023-08-29 10:27:44.834 | INFO     | MODELS.log:log_eval:16 - file 2023-07-24, Loss: 0.14320355653762817
2023-08-29 10:28:10.563 | INFO     | MODELS.multi_task_loss:calculate_loss:56 - vwap_ml=6.862479209899902,vwap_loss=0.0261993408203125,volume_traded=0.2107541263103485
2023-08-29 10:28:10.565 | INFO     | MODELS.log:log_eval:16 - file 2023-07-25, Loss: 0.20386745035648346
2023-08-29 10:28:36.370 | INFO     | MODELS.multi_task_loss:calculate_loss:56 - vwap_ml=6.756645202636719,vwap_loss=-0.024773120880126953,volume_traded=0.4277168810367584
2023-08-29 10:28:36.372 | INFO     | MODELS.log:log_eval:16 - file 2023-07-26, Loss: 0.13689109683036804
