2023-07-28 10:49:12.726 | INFO     | __main__:<module>:17 - ================Starting================
2023-07-28 10:49:13.113 | INFO     | __main__:<module>:27 - Set device: cuda:0
2023-07-28 10:49:13.115 | INFO     | __main__:<module>:30 - Set seed: 2333
2023-07-28 10:49:13.115 | INFO     | log:train_log:35 - ============Training Network============
2023-07-28 10:49:13.115 | INFO     | log:train_log:36 - Epoch: 1/10, Step: 1/20,  Loss: 1.5, Acc: 0.65
2023-07-28 10:49:13.115 | INFO     | log:eval_log:18 - ===========Evaluating Network===========
2023-07-28 10:49:13.115 | INFO     | log:eval_log:19 - Test set: Epoch: 1, Current Accuracy: 0.5300
2023-07-28 10:50:03.764 | INFO     | __main__:<module>:17 - ================Starting================
2023-07-28 10:50:03.784 | INFO     | __main__:<module>:27 - Set device: cuda:0
2023-07-28 10:50:03.785 | INFO     | __main__:<module>:30 - Set seed: 2333
2023-07-28 10:50:03.785 | INFO     | log:train_log:35 - Epoch: 1/10, Step: 1/20,  Loss: 1.5, Acc: 0.65
2023-07-28 10:50:03.785 | INFO     | log:train_log:35 - Epoch: 1/10, Step: 10/20,  Loss: 1.5, Acc: 0.65
2023-07-28 10:50:03.785 | INFO     | log:eval_log:18 - ===========Evaluating Network===========
2023-07-28 10:50:03.785 | INFO     | log:eval_log:19 - Test set: Epoch: 1, Current Accuracy: 0.5300
2023-07-28 16:57:30.983 | INFO     | __main__:<module>:18 - ================Starting================
2023-07-28 16:58:44.829 | INFO     | __main__:<module>:18 - ================Starting================
2023-07-28 16:58:45.272 | INFO     | __main__:<module>:28 - Set device: cuda:0
2023-07-28 16:58:45.274 | INFO     | __main__:<module>:31 - Set seed: 2333
2023-07-28 16:58:45.274 | INFO     | log:log_train:25 - Epoch: 1/10, Step: 1/20,  Loss: 1.5, Acc: 0.65
2023-07-28 16:58:45.274 | INFO     | log:log_train:25 - Epoch: 1/10, Step: 10/20,  Loss: 1.5, Acc: 0.65
2023-07-28 16:58:45.274 | INFO     | log:log_eval:16 - ===========Evaluating Network===========
2023-07-28 16:58:45.275 | INFO     | log:log_eval:17 - Test set: Epoch: 1, Current Accuracy: 0.5300
2023-07-28 17:01:26.422 | INFO     | __main__:main:13 - ================Starting================
2023-07-28 17:01:26.422 | INFO     | __main__:main:17 - Reading dataset from D:\Fudan\Work\JoyE_work\AlgorithmicStrategy\AlgorithmicStrategy\TWAP_VWAP\DATA\ML
2023-07-28 17:01:26.422 | INFO     | __main__:main:22 - Saving model parameters to D:\Fudan\Work\JoyE_work\AlgorithmicStrategy\AlgorithmicStrategy\TWAP_VWAP\MODEL_SAVE
2023-07-28 17:01:26.441 | INFO     | __main__:main:25 - Set device: cuda:0
2023-07-28 17:01:26.443 | INFO     | __main__:main:28 - Set seed: 2333
2023-07-28 17:01:26.443 | INFO     | log:log_train:25 - Epoch: 1/10, Step: 1/20,  Loss: 1.5, Acc: 0.65
2023-07-28 17:01:26.443 | INFO     | log:log_train:25 - Epoch: 1/10, Step: 10/20,  Loss: 1.5, Acc: 0.65
2023-07-28 17:01:26.443 | INFO     | log:log_eval:16 - ===========Evaluating Network===========
2023-07-28 17:01:26.443 | INFO     | log:log_eval:17 - Test set: Epoch: 1, Current Accuracy: 0.5300
2023-07-28 17:01:42.152 | INFO     | __main__:main:13 - ================Starting================
2023-07-28 17:01:42.152 | INFO     | __main__:main:17 - Reading dataset from D:\Fudan\Work\JoyE_work\AlgorithmicStrategy\AlgorithmicStrategy\TWAP_VWAP\DATA\ML
2023-07-28 17:01:42.152 | INFO     | __main__:main:22 - Saving model parameters to D:\Fudan\Work\JoyE_work\AlgorithmicStrategy\AlgorithmicStrategy\TWAP_VWAP\MODEL_SAVE
2023-07-28 17:01:42.172 | INFO     | __main__:main:25 - Set device: cuda:0
2023-07-28 17:01:42.173 | INFO     | __main__:main:28 - Set seed: 2333
2023-07-28 17:01:42.174 | INFO     | log:log_train:25 - Epoch: 1/10, Step: 1/20,  Loss: 1.5, Acc: 0.65
2023-07-28 17:01:42.174 | INFO     | log:log_train:25 - Epoch: 1/10, Step: 10/20,  Loss: 1.5, Acc: 0.65
2023-07-28 17:01:42.174 | INFO     | log:log_eval:16 - ===========Evaluating Network===========
2023-07-28 17:01:42.174 | INFO     | log:log_eval:17 - Test set: Epoch: 1, Current Accuracy: 0.5300
2023-07-28 17:01:42.174 | ERROR    | __main__:<module>:45 - An error has been caught in function '<module>', process 'MainProcess' (38844), thread 'MainThread' (15776):
Traceback (most recent call last):

> File "D:\Fudan\Work\JoyE_work\AlgorithmicStrategy\AlgorithmicStrategy\TWAP_VWAP\main.py", line 45, in <module>
    main(args)
    │    └ Namespace(seed=2333, epoch=10, dataset='./DATA/ML', model_save='./MODEL_SAVE')
    └ <function main at 0x000001C6B5D2E1F0>

  File "D:\Fudan\Work\JoyE_work\AlgorithmicStrategy\AlgorithmicStrategy\TWAP_VWAP\main.py", line 34, in main
    1/0

ZeroDivisionError: division by zero
2023-07-28 17:06:51.335 | INFO     | __main__:main:13 - ================Starting================
2023-07-28 17:06:51.335 | INFO     | __main__:main:17 - Reading dataset from D:\Fudan\Work\JoyE_work\AlgorithmicStrategy\AlgorithmicStrategy\TWAP_VWAP\DATA\ML
2023-07-28 17:06:51.335 | INFO     | __main__:main:22 - Saving model parameters to D:\Fudan\Work\JoyE_work\AlgorithmicStrategy\AlgorithmicStrategy\TWAP_VWAP\MODEL_SAVE
2023-07-28 17:06:51.355 | INFO     | __main__:main:25 - Set device: cuda:0
2023-07-28 17:06:51.356 | INFO     | __main__:main:28 - Set seed: 2333
2023-07-28 17:06:51.356 | INFO     | log:log_train:25 - Epoch: 1/10, Step: 1/20,  Loss: 1.5, Acc: 0.65
2023-07-28 17:06:51.356 | INFO     | log:log_train:25 - Epoch: 1/10, Step: 10/20,  Loss: 1.5, Acc: 0.65
2023-07-28 17:06:51.356 | INFO     | log:log_eval:16 - ===========Evaluating Network===========
2023-07-28 17:06:51.356 | INFO     | log:log_eval:17 - Test set: Epoch: 1, Current Accuracy: 0.5300
