2023-08-26 09:39:10.533 | INFO     | __main__:<module>:63 - ================Starting================
2023-08-26 09:39:10.535 | INFO     | __main__:<module>:66 - Set device: cpu
2023-08-26 09:39:10.552 | INFO     | __main__:<module>:69 - Set seed: 2333
2023-08-26 09:39:10.554 | INFO     | __main__:<module>:77 - Saving model parameters to D:\算法交易\Algorithmic-Trading\AlgorithmicStrategy\TWAP_VWAP\MODEL_SAVE
2023-08-26 09:39:20.205 | INFO     | MODELS.multi_task_loss:calculate_loss:56 - 2744.18212890625
2023-08-26 09:39:29.972 | INFO     | log:log_train:26 - Epoch: 0/20,file 2023-07-04, Loss: 788.3433227539062
2023-08-26 09:39:39.612 | INFO     | MODELS.multi_task_loss:calculate_loss:56 - 1195.11181640625
2023-08-26 09:39:52.915 | INFO     | log:log_train:26 - Epoch: 0/20,file 2023-07-05, Loss: 343.44366455078125
2023-08-26 09:40:03.667 | INFO     | MODELS.multi_task_loss:calculate_loss:56 - 364.4606628417969
2023-08-26 09:40:18.430 | INFO     | log:log_train:26 - Epoch: 0/20,file 2023-07-06, Loss: 104.81439208984375
2023-08-26 09:40:55.687 | INFO     | __main__:<module>:63 - ================Starting================
2023-08-26 09:40:55.689 | INFO     | __main__:<module>:66 - Set device: cpu
2023-08-26 09:40:55.691 | INFO     | __main__:<module>:69 - Set seed: 2333
2023-08-26 09:40:55.692 | INFO     | __main__:<module>:77 - Saving model parameters to D:\算法交易\Algorithmic-Trading\AlgorithmicStrategy\TWAP_VWAP\MODEL_SAVE
2023-08-26 09:41:13.691 | INFO     | log:log_train:26 - Epoch: 0/20,file 2023-07-04, Loss: 788.3433227539062
2023-08-26 09:42:52.280 | INFO     | __main__:<module>:63 - ================Starting================
2023-08-26 09:42:52.282 | INFO     | __main__:<module>:66 - Set device: cpu
2023-08-26 09:42:52.284 | INFO     | __main__:<module>:69 - Set seed: 2333
2023-08-26 09:42:52.285 | INFO     | __main__:<module>:77 - Saving model parameters to D:\算法交易\Algorithmic-Trading\AlgorithmicStrategy\TWAP_VWAP\MODEL_SAVE
2023-08-26 09:43:10.555 | INFO     | log:log_train:26 - Epoch: 0/20,file 2023-07-04, Loss: 788.3433227539062
2023-08-26 09:43:33.930 | INFO     | log:log_train:26 - Epoch: 0/20,file 2023-07-05, Loss: 343.44366455078125
2023-08-26 09:43:58.952 | INFO     | log:log_train:26 - Epoch: 0/20,file 2023-07-06, Loss: 104.81439208984375
2023-08-26 09:46:01.915 | INFO     | __main__:<module>:63 - ================Starting================
2023-08-26 09:46:01.916 | INFO     | __main__:<module>:66 - Set device: cpu
2023-08-26 09:46:01.918 | INFO     | __main__:<module>:69 - Set seed: 2333
2023-08-26 09:46:01.920 | INFO     | __main__:<module>:77 - Saving model parameters to D:\算法交易\Algorithmic-Trading\AlgorithmicStrategy\TWAP_VWAP\MODEL_SAVE
2023-08-26 09:46:19.651 | INFO     | log:log_train:26 - Epoch: 0/20,file 2023-07-04, Loss: 788.3433227539062
2023-08-26 09:48:25.798 | INFO     | __main__:<module>:63 - ================Starting================
2023-08-26 09:48:25.798 | INFO     | __main__:<module>:66 - Set device: cpu
2023-08-26 09:48:25.801 | INFO     | __main__:<module>:69 - Set seed: 2333
2023-08-26 09:48:25.802 | INFO     | __main__:<module>:77 - Saving model parameters to D:\算法交易\Algorithmic-Trading\AlgorithmicStrategy\TWAP_VWAP\MODEL_SAVE
2023-08-26 09:48:43.823 | INFO     | log:log_train:26 - Epoch: 0/20,file 2023-07-04, Loss: 102.2969970703125
2023-08-26 09:49:06.343 | INFO     | log:log_train:26 - Epoch: 0/20,file 2023-07-05, Loss: 44.665767669677734
2023-08-26 09:49:29.818 | INFO     | log:log_train:26 - Epoch: 0/20,file 2023-07-06, Loss: 13.659773826599121
2023-08-26 09:49:53.955 | INFO     | log:log_train:26 - Epoch: 0/20,file 2023-07-07, Loss: 4.488441467285156
2023-08-26 09:50:21.448 | INFO     | log:log_train:26 - Epoch: 0/20,file 2023-07-10, Loss: 1.2062981128692627
2023-08-26 09:50:48.319 | INFO     | log:log_train:26 - Epoch: 0/20,file 2023-07-11, Loss: 0.5950789451599121
2023-08-26 09:51:16.732 | INFO     | log:log_train:26 - Epoch: 0/20,file 2023-07-12, Loss: 0.200761079788208
2023-08-26 09:51:45.669 | INFO     | log:log_train:26 - Epoch: 0/20,file 2023-07-13, Loss: 0.16567322611808777
2023-08-26 09:52:16.559 | INFO     | log:log_train:26 - Epoch: 0/20,file 2023-07-14, Loss: 0.16372497379779816
2023-08-26 09:52:45.159 | INFO     | log:log_train:26 - Epoch: 0/20,file 2023-07-17, Loss: 0.2550719380378723
2023-08-26 09:53:14.309 | INFO     | log:log_train:26 - Epoch: 0/20,file 2023-07-18, Loss: 0.255484014749527
2023-08-26 17:43:22.080 | INFO     | __main__:<module>:63 - ================Starting================
2023-08-26 17:43:22.082 | INFO     | __main__:<module>:66 - Set device: cpu
2023-08-26 17:43:22.115 | INFO     | __main__:<module>:69 - Set seed: 2333
2023-08-26 17:43:22.117 | INFO     | __main__:<module>:77 - Saving model parameters to D:\算法交易\Algorithmic-Trading\AlgorithmicStrategy\TWAP_VWAP\MODEL_SAVE
2023-08-26 17:43:48.494 | INFO     | log:log_train:26 - Epoch: 0/20,file 2023-07-04, Loss: 102.2969970703125
2023-08-26 17:44:14.234 | INFO     | log:log_train:26 - Epoch: 0/20,file 2023-07-05, Loss: 94.23828125
2023-08-26 17:44:39.604 | INFO     | log:log_train:26 - Epoch: 0/20,file 2023-07-06, Loss: 67.6244888305664
2023-08-26 17:45:03.997 | INFO     | log:log_train:26 - Epoch: 0/20,file 2023-07-07, Loss: 58.70673370361328
2023-08-26 17:45:31.988 | INFO     | log:log_train:26 - Epoch: 0/20,file 2023-07-10, Loss: 46.00484848022461
2023-08-26 17:45:59.314 | INFO     | log:log_train:26 - Epoch: 0/20,file 2023-07-11, Loss: 45.54487228393555
2023-08-26 17:46:26.777 | INFO     | log:log_train:26 - Epoch: 0/20,file 2023-07-12, Loss: 39.78780746459961
2023-08-26 17:46:54.659 | INFO     | log:log_train:26 - Epoch: 0/20,file 2023-07-13, Loss: 31.410343170166016
2023-08-26 17:47:25.514 | INFO     | log:log_train:26 - Epoch: 0/20,file 2023-07-14, Loss: 27.588558197021484
2023-08-26 17:47:53.927 | INFO     | log:log_train:26 - Epoch: 0/20,file 2023-07-17, Loss: 21.02941131591797
2023-08-26 17:48:22.798 | INFO     | log:log_train:26 - Epoch: 0/20,file 2023-07-18, Loss: 13.868922233581543
2023-08-26 17:48:51.816 | INFO     | log:log_train:26 - Epoch: 0/20,file 2023-07-19, Loss: 13.478888511657715
2023-08-26 17:49:21.638 | INFO     | log:log_train:26 - Epoch: 0/20,file 2023-07-20, Loss: 12.956987380981445
2023-08-26 17:49:51.502 | INFO     | log:log_train:26 - Epoch: 0/20,file 2023-07-21, Loss: 9.310322761535645
2023-08-26 17:50:21.628 | INFO     | log:log_train:26 - Epoch: 0/20,file 2023-07-24, Loss: 9.51628303527832
2023-08-26 17:50:51.960 | INFO     | log:log_train:26 - Epoch: 0/20,file 2023-07-25, Loss: 10.286848068237305
2023-08-26 17:51:23.562 | INFO     | log:log_train:26 - Epoch: 0/20,file 2023-07-26, Loss: 8.761943817138672
2023-08-26 18:26:15.753 | INFO     | __main__:<module>:63 - ================Starting================
2023-08-26 18:26:15.754 | INFO     | __main__:<module>:66 - Set device: cpu
2023-08-26 18:26:15.757 | INFO     | __main__:<module>:69 - Set seed: 2333
2023-08-26 18:26:15.758 | INFO     | __main__:<module>:77 - Saving model parameters to D:\算法交易\Algorithmic-Trading\AlgorithmicStrategy\TWAP_VWAP\MODEL_SAVE
2023-08-26 18:26:36.917 | INFO     | log:log_train:26 - Epoch: 0/20,file 2023-07-04, Loss: 102.2969970703125
2023-08-26 18:26:59.818 | INFO     | log:log_train:26 - Epoch: 0/20,file 2023-07-05, Loss: 94.23828125
2023-08-26 18:27:23.815 | INFO     | log:log_train:26 - Epoch: 0/20,file 2023-07-06, Loss: 67.6244888305664
2023-08-26 18:27:52.564 | INFO     | log:log_train:26 - Epoch: 0/20,file 2023-07-07, Loss: 58.70673370361328
2023-08-26 18:28:22.902 | INFO     | log:log_train:26 - Epoch: 0/20,file 2023-07-10, Loss: 46.00484848022461
2023-08-26 18:28:53.022 | INFO     | log:log_train:26 - Epoch: 0/20,file 2023-07-11, Loss: 45.54487228393555
2023-08-26 18:29:23.239 | INFO     | log:log_train:26 - Epoch: 0/20,file 2023-07-12, Loss: 39.78780746459961
2023-08-26 18:29:55.550 | INFO     | log:log_train:26 - Epoch: 0/20,file 2023-07-13, Loss: 31.410343170166016
2023-08-26 18:30:48.783 | INFO     | log:log_train:26 - Epoch: 0/20,file 2023-07-14, Loss: 27.588558197021484
2023-08-26 18:31:27.129 | INFO     | log:log_train:26 - Epoch: 0/20,file 2023-07-17, Loss: 21.02941131591797
2023-08-26 18:32:06.864 | INFO     | log:log_train:26 - Epoch: 0/20,file 2023-07-18, Loss: 13.868922233581543
2023-08-26 18:32:44.792 | INFO     | log:log_train:26 - Epoch: 0/20,file 2023-07-19, Loss: 13.478888511657715
2023-08-26 18:33:23.780 | INFO     | log:log_train:26 - Epoch: 0/20,file 2023-07-20, Loss: 12.956987380981445
2023-08-26 18:33:58.043 | INFO     | log:log_train:26 - Epoch: 0/20,file 2023-07-21, Loss: 9.310322761535645
2023-08-26 18:34:34.892 | INFO     | log:log_train:26 - Epoch: 0/20,file 2023-07-24, Loss: 9.51628303527832
2023-08-26 18:35:12.857 | INFO     | log:log_train:26 - Epoch: 0/20,file 2023-07-25, Loss: 10.286848068237305
2023-08-26 18:35:50.962 | INFO     | log:log_train:26 - Epoch: 0/20,file 2023-07-26, Loss: 8.761943817138672
2023-08-26 18:36:20.603 | INFO     | log:log_train:26 - Epoch: 1/20,file 2023-07-04, Loss: 3.589740753173828
2023-08-26 18:36:51.300 | INFO     | log:log_train:26 - Epoch: 1/20,file 2023-07-05, Loss: 2.1394011974334717
2023-08-26 18:37:24.257 | INFO     | log:log_train:26 - Epoch: 1/20,file 2023-07-06, Loss: 2.9072537422180176
2023-08-26 18:37:59.900 | INFO     | log:log_train:26 - Epoch: 1/20,file 2023-07-07, Loss: 1.7145802974700928
2023-08-26 18:38:34.732 | INFO     | log:log_train:26 - Epoch: 1/20,file 2023-07-10, Loss: 1.6914072036743164
2023-08-26 18:39:10.409 | INFO     | log:log_train:26 - Epoch: 1/20,file 2023-07-11, Loss: 1.9873405694961548
2023-08-26 18:39:47.521 | INFO     | log:log_train:26 - Epoch: 1/20,file 2023-07-12, Loss: 1.8862131834030151
2023-08-26 18:40:24.666 | INFO     | log:log_train:26 - Epoch: 1/20,file 2023-07-13, Loss: 1.7247636318206787
2023-08-26 18:40:59.935 | INFO     | log:log_train:26 - Epoch: 1/20,file 2023-07-14, Loss: 1.2347378730773926
2023-08-26 18:41:31.265 | INFO     | log:log_train:26 - Epoch: 1/20,file 2023-07-17, Loss: 0.860937774181366
2023-08-26 18:42:03.231 | INFO     | log:log_train:26 - Epoch: 1/20,file 2023-07-18, Loss: 0.4219774603843689
2023-08-26 18:42:35.560 | INFO     | log:log_train:26 - Epoch: 1/20,file 2023-07-19, Loss: 0.502869188785553
2023-08-26 18:43:08.536 | INFO     | log:log_train:26 - Epoch: 1/20,file 2023-07-20, Loss: 0.7340656518936157
2023-08-26 18:43:41.361 | INFO     | log:log_train:26 - Epoch: 1/20,file 2023-07-21, Loss: 0.8233199119567871
2023-08-26 18:44:15.894 | INFO     | log:log_train:26 - Epoch: 1/20,file 2023-07-24, Loss: 0.7999815940856934
2023-08-26 18:44:54.670 | INFO     | log:log_train:26 - Epoch: 1/20,file 2023-07-25, Loss: 0.577522337436676
2023-08-26 18:45:33.070 | INFO     | log:log_train:26 - Epoch: 1/20,file 2023-07-26, Loss: 0.9878445863723755
2023-08-26 18:46:03.611 | INFO     | log:log_train:26 - Epoch: 2/20,file 2023-07-04, Loss: 0.1067969873547554
2023-08-26 18:46:35.044 | INFO     | log:log_train:26 - Epoch: 2/20,file 2023-07-05, Loss: 0.0993933230638504
2023-08-26 18:47:08.151 | INFO     | log:log_train:26 - Epoch: 2/20,file 2023-07-06, Loss: 0.27570876479148865
2023-08-26 18:47:44.468 | INFO     | log:log_train:26 - Epoch: 2/20,file 2023-07-07, Loss: 0.03843047842383385
2023-08-26 18:48:23.050 | INFO     | log:log_train:26 - Epoch: 2/20,file 2023-07-10, Loss: 0.029719971120357513
2023-08-26 18:49:03.392 | INFO     | log:log_train:26 - Epoch: 2/20,file 2023-07-11, Loss: 0.015869805589318275
2023-08-26 18:49:43.201 | INFO     | log:log_train:26 - Epoch: 2/20,file 2023-07-12, Loss: 0.21792948246002197
2023-08-26 18:50:25.184 | INFO     | log:log_train:26 - Epoch: 2/20,file 2023-07-13, Loss: 0.015288527123630047
2023-08-26 18:50:59.554 | INFO     | log:log_train:26 - Epoch: 2/20,file 2023-07-14, Loss: 0.11429177969694138
2023-08-26 18:51:30.408 | INFO     | log:log_train:26 - Epoch: 2/20,file 2023-07-17, Loss: 0.2001315802335739
2023-08-26 18:52:01.222 | INFO     | log:log_train:26 - Epoch: 2/20,file 2023-07-18, Loss: 0.1503881961107254
2023-08-26 18:52:32.129 | INFO     | log:log_train:26 - Epoch: 2/20,file 2023-07-19, Loss: 0.1884094774723053
2023-08-26 18:53:03.353 | INFO     | log:log_train:26 - Epoch: 2/20,file 2023-07-20, Loss: 0.1492246687412262
2023-08-26 18:53:35.567 | INFO     | log:log_train:26 - Epoch: 2/20,file 2023-07-21, Loss: 0.020684607326984406
2023-08-26 18:54:10.810 | INFO     | log:log_train:26 - Epoch: 2/20,file 2023-07-24, Loss: 0.1746290922164917
2023-08-26 18:54:46.405 | INFO     | log:log_train:26 - Epoch: 2/20,file 2023-07-25, Loss: 0.162418395280838
2023-08-26 18:55:22.623 | INFO     | log:log_train:26 - Epoch: 2/20,file 2023-07-26, Loss: 0.10433661192655563
2023-08-26 18:55:53.255 | INFO     | log:log_train:26 - Epoch: 3/20,file 2023-07-04, Loss: 0.16575123369693756
2023-08-26 18:56:19.712 | INFO     | log:log_train:26 - Epoch: 3/20,file 2023-07-05, Loss: 0.24636782705783844
2023-08-26 18:56:46.559 | INFO     | log:log_train:26 - Epoch: 3/20,file 2023-07-06, Loss: 0.09876548498868942
2023-08-26 18:57:13.520 | INFO     | log:log_train:26 - Epoch: 3/20,file 2023-07-07, Loss: 0.19217313826084137
2023-08-26 18:57:42.413 | INFO     | log:log_train:26 - Epoch: 3/20,file 2023-07-10, Loss: 0.09233763813972473
2023-08-26 18:58:11.890 | INFO     | log:log_train:26 - Epoch: 3/20,file 2023-07-11, Loss: 0.0912834033370018
2023-08-26 18:58:43.308 | INFO     | log:log_train:26 - Epoch: 3/20,file 2023-07-12, Loss: 0.06429558247327805
2023-08-26 18:59:16.916 | INFO     | log:log_train:26 - Epoch: 3/20,file 2023-07-13, Loss: 0.047343067824840546
2023-08-26 18:59:54.300 | INFO     | log:log_train:26 - Epoch: 3/20,file 2023-07-14, Loss: 0.2177484631538391
2023-08-26 19:00:23.099 | INFO     | log:log_train:26 - Epoch: 3/20,file 2023-07-17, Loss: 0.2531430721282959
2023-08-26 19:00:52.837 | INFO     | log:log_train:26 - Epoch: 3/20,file 2023-07-18, Loss: 0.2554842531681061
2023-08-26 19:01:22.997 | INFO     | log:log_train:26 - Epoch: 3/20,file 2023-07-19, Loss: 0.20343522727489471
2023-08-26 19:01:53.477 | INFO     | log:log_train:26 - Epoch: 3/20,file 2023-07-20, Loss: 0.07210833579301834
2023-08-26 19:02:23.896 | INFO     | log:log_train:26 - Epoch: 3/20,file 2023-07-21, Loss: 0.1087755560874939
2023-08-26 19:02:56.897 | INFO     | log:log_train:26 - Epoch: 3/20,file 2023-07-24, Loss: 0.0702434629201889
2023-08-26 19:03:29.077 | INFO     | log:log_train:26 - Epoch: 3/20,file 2023-07-25, Loss: 0.15517394244670868
2023-08-26 19:04:01.658 | INFO     | log:log_train:26 - Epoch: 3/20,file 2023-07-26, Loss: 0.01372673362493515
2023-08-26 19:04:27.499 | INFO     | log:log_train:26 - Epoch: 4/20,file 2023-07-04, Loss: 0.19550248980522156
2023-08-26 19:04:53.325 | INFO     | log:log_train:26 - Epoch: 4/20,file 2023-07-05, Loss: 0.22697702050209045
2023-08-26 19:05:20.098 | INFO     | log:log_train:26 - Epoch: 4/20,file 2023-07-06, Loss: 0.1987999528646469
2023-08-26 19:05:47.264 | INFO     | log:log_train:26 - Epoch: 4/20,file 2023-07-07, Loss: 0.1311761438846588
2023-08-26 19:06:16.493 | INFO     | log:log_train:26 - Epoch: 4/20,file 2023-07-10, Loss: 0.24683357775211334
2023-08-26 19:06:45.662 | INFO     | log:log_train:26 - Epoch: 4/20,file 2023-07-11, Loss: 0.16177698969841003
2023-08-26 19:07:15.193 | INFO     | log:log_train:26 - Epoch: 4/20,file 2023-07-12, Loss: 0.1481359302997589
2023-08-26 19:07:46.472 | INFO     | log:log_train:26 - Epoch: 4/20,file 2023-07-13, Loss: 0.09890206158161163
2023-08-26 19:08:18.418 | INFO     | log:log_train:26 - Epoch: 4/20,file 2023-07-14, Loss: 0.19933700561523438
2023-08-26 19:08:47.455 | INFO     | log:log_train:26 - Epoch: 4/20,file 2023-07-17, Loss: 0.24189428985118866
2023-08-26 19:09:17.012 | INFO     | log:log_train:26 - Epoch: 4/20,file 2023-07-18, Loss: 0.21161647140979767
2023-08-26 19:09:47.677 | INFO     | log:log_train:26 - Epoch: 4/20,file 2023-07-19, Loss: 0.2363744080066681
2023-08-26 19:10:17.922 | INFO     | log:log_train:26 - Epoch: 4/20,file 2023-07-20, Loss: 0.07441950589418411
2023-08-26 19:10:50.824 | INFO     | log:log_train:26 - Epoch: 4/20,file 2023-07-21, Loss: 0.13916480541229248
2023-08-26 19:11:23.170 | INFO     | log:log_train:26 - Epoch: 4/20,file 2023-07-24, Loss: 0.032697610557079315
2023-08-26 19:11:54.618 | INFO     | log:log_train:26 - Epoch: 4/20,file 2023-07-25, Loss: 0.17784570157527924
2023-08-26 19:12:26.721 | INFO     | log:log_train:26 - Epoch: 4/20,file 2023-07-26, Loss: 0.12395161390304565
2023-08-26 19:12:52.749 | INFO     | log:log_train:26 - Epoch: 5/20,file 2023-07-04, Loss: 0.2381894439458847
2023-08-26 19:13:19.601 | INFO     | log:log_train:26 - Epoch: 5/20,file 2023-07-05, Loss: 0.2373414784669876
2023-08-26 19:13:46.100 | INFO     | log:log_train:26 - Epoch: 5/20,file 2023-07-06, Loss: 0.1254567801952362
2023-08-26 19:14:12.975 | INFO     | log:log_train:26 - Epoch: 5/20,file 2023-07-07, Loss: 0.17542225122451782
2023-08-26 19:14:42.289 | INFO     | log:log_train:26 - Epoch: 5/20,file 2023-07-10, Loss: 0.14970368146896362
2023-08-26 19:15:11.114 | INFO     | log:log_train:26 - Epoch: 5/20,file 2023-07-11, Loss: 0.20263800024986267
2023-08-26 19:15:41.702 | INFO     | log:log_train:26 - Epoch: 5/20,file 2023-07-12, Loss: 0.05971459299325943
2023-08-26 19:16:12.047 | INFO     | log:log_train:26 - Epoch: 5/20,file 2023-07-13, Loss: 0.03342774137854576
2023-08-26 19:16:43.791 | INFO     | log:log_train:26 - Epoch: 5/20,file 2023-07-14, Loss: 0.18570657074451447
2023-08-26 19:17:13.052 | INFO     | log:log_train:26 - Epoch: 5/20,file 2023-07-17, Loss: 0.24954353272914886
2023-08-26 19:17:42.743 | INFO     | log:log_train:26 - Epoch: 5/20,file 2023-07-18, Loss: 0.25548437237739563
2023-08-26 19:18:13.624 | INFO     | log:log_train:26 - Epoch: 5/20,file 2023-07-19, Loss: 0.24095335602760315
2023-08-26 19:18:43.883 | INFO     | log:log_train:26 - Epoch: 5/20,file 2023-07-20, Loss: 0.11176853626966476
2023-08-26 19:19:15.353 | INFO     | log:log_train:26 - Epoch: 5/20,file 2023-07-21, Loss: 0.09387364238500595
2023-08-26 19:19:46.966 | INFO     | log:log_train:26 - Epoch: 5/20,file 2023-07-24, Loss: 0.21899649500846863
2023-08-26 19:20:18.889 | INFO     | log:log_train:26 - Epoch: 5/20,file 2023-07-25, Loss: 0.09387347847223282
2023-08-26 19:20:50.327 | INFO     | log:log_train:26 - Epoch: 5/20,file 2023-07-26, Loss: 0.1360013782978058
2023-08-26 19:21:15.627 | INFO     | log:log_train:26 - Epoch: 6/20,file 2023-07-04, Loss: 0.20119623839855194
2023-08-26 19:21:41.650 | INFO     | log:log_train:26 - Epoch: 6/20,file 2023-07-05, Loss: 0.23242412507534027
2023-08-26 19:22:07.887 | INFO     | log:log_train:26 - Epoch: 6/20,file 2023-07-06, Loss: 0.0963779166340828
2023-08-26 19:22:35.285 | INFO     | log:log_train:26 - Epoch: 6/20,file 2023-07-07, Loss: 0.17464536428451538
2023-08-26 19:23:04.859 | INFO     | log:log_train:26 - Epoch: 6/20,file 2023-07-10, Loss: 0.22490067780017853
2023-08-26 19:23:33.804 | INFO     | log:log_train:26 - Epoch: 6/20,file 2023-07-11, Loss: 0.1578957736492157
2023-08-26 19:24:03.094 | INFO     | log:log_train:26 - Epoch: 6/20,file 2023-07-12, Loss: 0.12344250828027725
2023-08-26 19:24:33.638 | INFO     | log:log_train:26 - Epoch: 6/20,file 2023-07-13, Loss: 0.06295394152402878
2023-08-26 19:25:04.747 | INFO     | log:log_train:26 - Epoch: 6/20,file 2023-07-14, Loss: 0.1670970469713211
2023-08-26 19:25:34.391 | INFO     | log:log_train:26 - Epoch: 6/20,file 2023-07-17, Loss: 0.24313150346279144
2023-08-26 19:26:04.719 | INFO     | log:log_train:26 - Epoch: 6/20,file 2023-07-18, Loss: 0.2076316922903061
2023-08-26 19:26:34.855 | INFO     | log:log_train:26 - Epoch: 6/20,file 2023-07-19, Loss: 0.19284473359584808
2023-08-26 19:27:05.751 | INFO     | log:log_train:26 - Epoch: 6/20,file 2023-07-20, Loss: 0.1463261842727661
2023-08-26 19:27:36.570 | INFO     | log:log_train:26 - Epoch: 6/20,file 2023-07-21, Loss: 0.03434303402900696
2023-08-26 19:28:08.072 | INFO     | log:log_train:26 - Epoch: 6/20,file 2023-07-24, Loss: 0.18000301718711853
2023-08-26 19:28:39.996 | INFO     | log:log_train:26 - Epoch: 6/20,file 2023-07-25, Loss: 0.049039386212825775
2023-08-26 19:29:12.803 | INFO     | log:log_train:26 - Epoch: 6/20,file 2023-07-26, Loss: 0.039379265159368515
2023-08-26 19:29:41.780 | INFO     | log:log_train:26 - Epoch: 7/20,file 2023-07-04, Loss: 0.12569279968738556
2023-08-26 19:30:07.518 | INFO     | log:log_train:26 - Epoch: 7/20,file 2023-07-05, Loss: 0.2261652797460556
2023-08-26 19:30:33.084 | INFO     | log:log_train:26 - Epoch: 7/20,file 2023-07-06, Loss: 0.1868964284658432
2023-08-26 19:30:59.856 | INFO     | log:log_train:26 - Epoch: 7/20,file 2023-07-07, Loss: 0.06387422233819962
2023-08-26 19:31:28.183 | INFO     | log:log_train:26 - Epoch: 7/20,file 2023-07-10, Loss: 0.2443368136882782
2023-08-26 19:31:56.315 | INFO     | log:log_train:26 - Epoch: 7/20,file 2023-07-11, Loss: 0.14609476923942566
2023-08-26 19:32:25.123 | INFO     | log:log_train:26 - Epoch: 7/20,file 2023-07-12, Loss: 0.05413534492254257
2023-08-26 19:32:55.945 | INFO     | log:log_train:26 - Epoch: 7/20,file 2023-07-13, Loss: 0.11076332628726959
2023-08-26 19:33:27.604 | INFO     | log:log_train:26 - Epoch: 7/20,file 2023-07-14, Loss: 0.20590491592884064
2023-08-26 19:33:57.020 | INFO     | log:log_train:26 - Epoch: 7/20,file 2023-07-17, Loss: 0.25507184863090515
2023-08-26 19:34:26.289 | INFO     | log:log_train:26 - Epoch: 7/20,file 2023-07-18, Loss: 0.18167023360729218
2023-08-26 19:34:56.169 | INFO     | log:log_train:26 - Epoch: 7/20,file 2023-07-19, Loss: 0.21272221207618713
2023-08-26 19:35:29.183 | INFO     | log:log_train:26 - Epoch: 7/20,file 2023-07-20, Loss: 0.15044862031936646
2023-08-26 19:36:01.331 | INFO     | log:log_train:26 - Epoch: 7/20,file 2023-07-21, Loss: 0.01529434509575367
2023-08-26 19:36:34.072 | INFO     | log:log_train:26 - Epoch: 7/20,file 2023-07-24, Loss: 0.22433678805828094
2023-08-26 19:37:07.469 | INFO     | log:log_train:26 - Epoch: 7/20,file 2023-07-25, Loss: 0.08083873987197876
2023-08-26 19:37:45.313 | INFO     | log:log_train:26 - Epoch: 7/20,file 2023-07-26, Loss: 0.14040760695934296
2023-08-26 19:38:10.721 | INFO     | log:log_train:26 - Epoch: 8/20,file 2023-07-04, Loss: 0.19236712157726288
2023-08-26 19:38:37.648 | INFO     | log:log_train:26 - Epoch: 8/20,file 2023-07-05, Loss: 0.24273422360420227
2023-08-26 19:39:04.776 | INFO     | log:log_train:26 - Epoch: 8/20,file 2023-07-06, Loss: 0.06588708609342575
2023-08-26 19:39:33.392 | INFO     | log:log_train:26 - Epoch: 8/20,file 2023-07-07, Loss: 0.053332213312387466
2023-08-26 19:40:03.962 | INFO     | log:log_train:26 - Epoch: 8/20,file 2023-07-10, Loss: 0.11196119338274002
2023-08-26 19:40:34.062 | INFO     | log:log_train:26 - Epoch: 8/20,file 2023-07-11, Loss: 0.17586708068847656
2023-08-26 19:41:05.746 | INFO     | log:log_train:26 - Epoch: 8/20,file 2023-07-12, Loss: 0.04090301692485809
2023-08-26 19:41:39.157 | INFO     | log:log_train:26 - Epoch: 8/20,file 2023-07-13, Loss: 0.016154492273926735
2023-08-26 19:42:11.714 | INFO     | log:log_train:26 - Epoch: 8/20,file 2023-07-14, Loss: 0.1098708063364029
2023-08-26 19:42:42.493 | INFO     | log:log_train:26 - Epoch: 8/20,file 2023-07-17, Loss: 0.25507184863090515
2023-08-26 19:43:14.607 | INFO     | log:log_train:26 - Epoch: 8/20,file 2023-07-18, Loss: 0.24294017255306244
2023-08-26 19:43:46.567 | INFO     | log:log_train:26 - Epoch: 8/20,file 2023-07-19, Loss: 0.19622625410556793
2023-08-26 19:44:18.425 | INFO     | log:log_train:26 - Epoch: 8/20,file 2023-07-20, Loss: 0.13933220505714417
2023-08-26 19:44:50.673 | INFO     | log:log_train:26 - Epoch: 8/20,file 2023-07-21, Loss: 0.09935503453016281
2023-08-26 19:45:24.203 | INFO     | log:log_train:26 - Epoch: 8/20,file 2023-07-24, Loss: 0.0755128338932991
2023-08-26 19:45:57.807 | INFO     | log:log_train:26 - Epoch: 8/20,file 2023-07-25, Loss: 0.1907905787229538
2023-08-26 19:46:31.239 | INFO     | log:log_train:26 - Epoch: 8/20,file 2023-07-26, Loss: 0.10524414479732513
2023-08-26 19:46:57.867 | INFO     | log:log_train:26 - Epoch: 9/20,file 2023-07-04, Loss: 0.1996779441833496
2023-08-26 19:47:24.671 | INFO     | log:log_train:26 - Epoch: 9/20,file 2023-07-05, Loss: 0.20746679604053497
2023-08-26 19:47:51.868 | INFO     | log:log_train:26 - Epoch: 9/20,file 2023-07-06, Loss: 0.07068664580583572
2023-08-26 19:48:20.166 | INFO     | log:log_train:26 - Epoch: 9/20,file 2023-07-07, Loss: 0.14449667930603027
2023-08-26 19:48:50.393 | INFO     | log:log_train:26 - Epoch: 9/20,file 2023-07-10, Loss: 0.12455549836158752
2023-08-26 19:49:19.612 | INFO     | log:log_train:26 - Epoch: 9/20,file 2023-07-11, Loss: 0.1551554799079895
2023-08-26 19:49:49.518 | INFO     | log:log_train:26 - Epoch: 9/20,file 2023-07-12, Loss: 0.05862785503268242
2023-08-26 19:50:21.188 | INFO     | log:log_train:26 - Epoch: 9/20,file 2023-07-13, Loss: 0.07717104256153107
2023-08-26 19:50:54.912 | INFO     | log:log_train:26 - Epoch: 9/20,file 2023-07-14, Loss: 0.08362745493650436
2023-08-26 19:51:25.726 | INFO     | log:log_train:26 - Epoch: 9/20,file 2023-07-17, Loss: 0.1988532543182373
2023-08-26 19:51:57.243 | INFO     | log:log_train:26 - Epoch: 9/20,file 2023-07-18, Loss: 0.2003973126411438
2023-08-26 19:52:29.057 | INFO     | log:log_train:26 - Epoch: 9/20,file 2023-07-19, Loss: 0.1744447499513626
2023-08-26 19:53:00.736 | INFO     | log:log_train:26 - Epoch: 9/20,file 2023-07-20, Loss: 0.18625381588935852
2023-08-26 19:53:32.793 | INFO     | log:log_train:26 - Epoch: 9/20,file 2023-07-21, Loss: 0.09974315762519836
2023-08-26 19:54:07.331 | INFO     | log:log_train:26 - Epoch: 9/20,file 2023-07-24, Loss: 0.00035355985164642334
2023-08-26 19:54:44.966 | INFO     | log:log_train:26 - Epoch: 9/20,file 2023-07-25, Loss: 0.13631054759025574
2023-08-26 19:55:18.549 | INFO     | log:log_train:26 - Epoch: 9/20,file 2023-07-26, Loss: 0.05880790576338768
2023-08-26 19:55:48.060 | INFO     | log:log_train:26 - Epoch: 10/20,file 2023-07-04, Loss: 0.18950475752353668
2023-08-26 19:56:15.063 | INFO     | log:log_train:26 - Epoch: 10/20,file 2023-07-05, Loss: 0.20698994398117065
2023-08-26 19:56:42.622 | INFO     | log:log_train:26 - Epoch: 10/20,file 2023-07-06, Loss: 0.10718432813882828
2023-08-26 19:57:11.477 | INFO     | log:log_train:26 - Epoch: 10/20,file 2023-07-07, Loss: 0.1312422752380371
2023-08-26 19:57:41.726 | INFO     | log:log_train:26 - Epoch: 10/20,file 2023-07-10, Loss: 0.15921737253665924
2023-08-26 19:58:12.101 | INFO     | log:log_train:26 - Epoch: 10/20,file 2023-07-11, Loss: 0.17002928256988525
2023-08-26 19:58:43.598 | INFO     | log:log_train:26 - Epoch: 10/20,file 2023-07-12, Loss: 0.040353529155254364
2023-08-26 19:59:15.481 | INFO     | log:log_train:26 - Epoch: 10/20,file 2023-07-13, Loss: 0.10942558944225311
2023-08-26 19:59:48.988 | INFO     | log:log_train:26 - Epoch: 10/20,file 2023-07-14, Loss: 0.10893532633781433
2023-08-26 20:00:20.097 | INFO     | log:log_train:26 - Epoch: 10/20,file 2023-07-17, Loss: 0.24445709586143494
2023-08-26 20:00:51.427 | INFO     | log:log_train:26 - Epoch: 10/20,file 2023-07-18, Loss: 0.17953042685985565
2023-08-26 20:01:23.529 | INFO     | log:log_train:26 - Epoch: 10/20,file 2023-07-19, Loss: 0.1356791853904724
2023-08-26 20:01:55.991 | INFO     | log:log_train:26 - Epoch: 10/20,file 2023-07-20, Loss: 0.10814905911684036
2023-08-26 20:02:28.762 | INFO     | log:log_train:26 - Epoch: 10/20,file 2023-07-21, Loss: 0.0942521020770073
2023-08-26 20:03:05.418 | INFO     | log:log_train:26 - Epoch: 10/20,file 2023-07-24, Loss: 0.13643577694892883
2023-08-26 20:03:37.472 | INFO     | log:log_train:26 - Epoch: 10/20,file 2023-07-25, Loss: 0.0963069275021553
2023-08-26 20:04:12.010 | INFO     | log:log_train:26 - Epoch: 10/20,file 2023-07-26, Loss: 0.1404213160276413
2023-08-26 20:04:38.230 | INFO     | log:log_train:26 - Epoch: 11/20,file 2023-07-04, Loss: 0.1898684948682785
2023-08-26 20:05:05.361 | INFO     | log:log_train:26 - Epoch: 11/20,file 2023-07-05, Loss: 0.2445991337299347
2023-08-26 20:05:32.086 | INFO     | log:log_train:26 - Epoch: 11/20,file 2023-07-06, Loss: 0.0778462290763855
2023-08-26 20:05:59.816 | INFO     | log:log_train:26 - Epoch: 11/20,file 2023-07-07, Loss: 0.06649847328662872
2023-08-26 20:06:28.864 | INFO     | log:log_train:26 - Epoch: 11/20,file 2023-07-10, Loss: 0.09487459808588028
2023-08-26 20:06:58.515 | INFO     | log:log_train:26 - Epoch: 11/20,file 2023-07-11, Loss: 0.08299301564693451
2023-08-26 20:07:28.863 | INFO     | log:log_train:26 - Epoch: 11/20,file 2023-07-12, Loss: 0.14362876117229462
2023-08-26 20:08:04.717 | INFO     | log:log_train:26 - Epoch: 11/20,file 2023-07-13, Loss: 0.03156875818967819
2023-08-26 20:08:42.880 | INFO     | log:log_train:26 - Epoch: 11/20,file 2023-07-14, Loss: 0.1926013082265854
2023-08-26 20:09:13.244 | INFO     | log:log_train:26 - Epoch: 11/20,file 2023-07-17, Loss: 0.23317456245422363
2023-08-26 20:09:44.359 | INFO     | log:log_train:26 - Epoch: 11/20,file 2023-07-18, Loss: 0.2235453724861145
2023-08-26 20:10:17.411 | INFO     | log:log_train:26 - Epoch: 11/20,file 2023-07-19, Loss: 0.17779560387134552
2023-08-26 20:10:49.124 | INFO     | log:log_train:26 - Epoch: 11/20,file 2023-07-20, Loss: 0.10765063762664795
2023-08-26 20:11:21.830 | INFO     | log:log_train:26 - Epoch: 11/20,file 2023-07-21, Loss: 0.1513582020998001
2023-08-26 20:11:55.619 | INFO     | log:log_train:26 - Epoch: 11/20,file 2023-07-24, Loss: 0.049792107194662094
2023-08-26 20:12:28.853 | INFO     | log:log_train:26 - Epoch: 11/20,file 2023-07-25, Loss: 0.08085952699184418
2023-08-26 20:13:02.964 | INFO     | log:log_train:26 - Epoch: 11/20,file 2023-07-26, Loss: 0.17942728102207184
2023-08-26 20:13:29.412 | INFO     | log:log_train:26 - Epoch: 12/20,file 2023-07-04, Loss: 0.13862457871437073
2023-08-26 20:13:56.517 | INFO     | log:log_train:26 - Epoch: 12/20,file 2023-07-05, Loss: 0.22027646005153656
2023-08-26 20:14:23.947 | INFO     | log:log_train:26 - Epoch: 12/20,file 2023-07-06, Loss: 0.10859841108322144
2023-08-26 20:14:51.574 | INFO     | log:log_train:26 - Epoch: 12/20,file 2023-07-07, Loss: 0.07388924807310104
2023-08-26 20:15:21.831 | INFO     | log:log_train:26 - Epoch: 12/20,file 2023-07-10, Loss: 0.08393030613660812
2023-08-26 20:15:52.446 | INFO     | log:log_train:26 - Epoch: 12/20,file 2023-07-11, Loss: 0.2077936828136444
2023-08-26 20:16:23.532 | INFO     | log:log_train:26 - Epoch: 12/20,file 2023-07-12, Loss: 0.022423850372433662
2023-08-26 20:16:55.681 | INFO     | log:log_train:26 - Epoch: 12/20,file 2023-07-13, Loss: 0.008311793208122253
2023-08-26 20:17:29.606 | INFO     | log:log_train:26 - Epoch: 12/20,file 2023-07-14, Loss: 0.14391499757766724
2023-08-26 20:18:00.233 | INFO     | log:log_train:26 - Epoch: 12/20,file 2023-07-17, Loss: 0.22383737564086914
2023-08-26 20:18:31.734 | INFO     | log:log_train:26 - Epoch: 12/20,file 2023-07-18, Loss: 0.14853233098983765
2023-08-26 20:19:04.116 | INFO     | log:log_train:26 - Epoch: 12/20,file 2023-07-19, Loss: 0.147832989692688
2023-08-26 20:19:36.751 | INFO     | log:log_train:26 - Epoch: 12/20,file 2023-07-20, Loss: 0.1976768970489502
2023-08-26 20:20:09.319 | INFO     | log:log_train:26 - Epoch: 12/20,file 2023-07-21, Loss: 0.1100006103515625
2023-08-26 20:20:42.730 | INFO     | log:log_train:26 - Epoch: 12/20,file 2023-07-24, Loss: 0.12878885865211487
2023-08-26 20:21:16.291 | INFO     | log:log_train:26 - Epoch: 12/20,file 2023-07-25, Loss: 0.006362726911902428
2023-08-26 20:21:51.018 | INFO     | log:log_train:26 - Epoch: 12/20,file 2023-07-26, Loss: 0.03292383253574371
2023-08-26 20:22:18.838 | INFO     | log:log_train:26 - Epoch: 13/20,file 2023-07-04, Loss: 0.23713774979114532
2023-08-26 20:22:46.166 | INFO     | log:log_train:26 - Epoch: 13/20,file 2023-07-05, Loss: 0.2052965760231018
2023-08-26 20:23:14.439 | INFO     | log:log_train:26 - Epoch: 13/20,file 2023-07-06, Loss: 0.10742568969726562
2023-08-26 20:23:43.433 | INFO     | log:log_train:26 - Epoch: 13/20,file 2023-07-07, Loss: 0.010758152231574059
2023-08-26 20:24:13.335 | INFO     | log:log_train:26 - Epoch: 13/20,file 2023-07-10, Loss: 0.003730739001184702
2023-08-26 20:24:43.130 | INFO     | log:log_train:26 - Epoch: 13/20,file 2023-07-11, Loss: 0.18404464423656464
2023-08-26 20:25:13.392 | INFO     | log:log_train:26 - Epoch: 13/20,file 2023-07-12, Loss: 0.1133904978632927
2023-08-26 20:25:44.528 | INFO     | log:log_train:26 - Epoch: 13/20,file 2023-07-13, Loss: 0.09182057529687881
2023-08-26 20:26:16.183 | INFO     | log:log_train:26 - Epoch: 13/20,file 2023-07-14, Loss: 0.13636744022369385
2023-08-26 20:26:45.894 | INFO     | log:log_train:26 - Epoch: 13/20,file 2023-07-17, Loss: 0.1969338208436966
2023-08-26 20:27:16.284 | INFO     | log:log_train:26 - Epoch: 13/20,file 2023-07-18, Loss: 0.25548383593559265
2023-08-26 20:27:46.317 | INFO     | log:log_train:26 - Epoch: 13/20,file 2023-07-19, Loss: 0.12838120758533478
2023-08-26 20:28:19.227 | INFO     | log:log_train:26 - Epoch: 13/20,file 2023-07-20, Loss: 0.047054607421159744
2023-08-26 20:28:54.681 | INFO     | log:log_train:26 - Epoch: 13/20,file 2023-07-21, Loss: 0.1727064847946167
2023-08-26 20:29:30.130 | INFO     | log:log_train:26 - Epoch: 13/20,file 2023-07-24, Loss: 0.07245766371488571
2023-08-26 20:30:06.427 | INFO     | log:log_train:26 - Epoch: 13/20,file 2023-07-25, Loss: 0.03063187189400196
2023-08-26 20:30:44.015 | INFO     | log:log_train:26 - Epoch: 13/20,file 2023-07-26, Loss: 0.04658106714487076
2023-08-26 20:31:13.743 | INFO     | log:log_train:26 - Epoch: 14/20,file 2023-07-04, Loss: 0.1714029759168625
2023-08-26 20:31:39.304 | INFO     | log:log_train:26 - Epoch: 14/20,file 2023-07-05, Loss: 0.19101762771606445
2023-08-26 20:32:05.288 | INFO     | log:log_train:26 - Epoch: 14/20,file 2023-07-06, Loss: 0.04895478114485741
2023-08-26 20:32:35.136 | INFO     | log:log_train:26 - Epoch: 14/20,file 2023-07-07, Loss: 0.04438827559351921
2023-08-26 20:33:08.848 | INFO     | log:log_train:26 - Epoch: 14/20,file 2023-07-10, Loss: 0.07765016704797745
2023-08-26 20:33:36.513 | INFO     | log:log_train:26 - Epoch: 14/20,file 2023-07-11, Loss: 0.03359609097242355
2023-08-26 20:34:05.737 | INFO     | log:log_train:26 - Epoch: 14/20,file 2023-07-12, Loss: 0.015647821128368378
2023-08-26 20:34:37.295 | INFO     | log:log_train:26 - Epoch: 14/20,file 2023-07-13, Loss: 0.11825632303953171
2023-08-26 20:35:09.358 | INFO     | log:log_train:26 - Epoch: 14/20,file 2023-07-14, Loss: 0.12306319922208786
2023-08-26 20:35:39.021 | INFO     | log:log_train:26 - Epoch: 14/20,file 2023-07-17, Loss: 0.23082959651947021
2023-08-26 20:36:08.100 | INFO     | log:log_train:26 - Epoch: 14/20,file 2023-07-18, Loss: 0.2126181274652481
2023-08-26 20:36:38.148 | INFO     | log:log_train:26 - Epoch: 14/20,file 2023-07-19, Loss: 0.09346844255924225
2023-08-26 20:37:08.157 | INFO     | log:log_train:26 - Epoch: 14/20,file 2023-07-20, Loss: 0.18337872624397278
2023-08-26 20:37:38.687 | INFO     | log:log_train:26 - Epoch: 14/20,file 2023-07-21, Loss: 0.14191077649593353
2023-08-26 20:38:09.371 | INFO     | log:log_train:26 - Epoch: 14/20,file 2023-07-24, Loss: 0.05529585853219032
2023-08-26 20:38:41.189 | INFO     | log:log_train:26 - Epoch: 14/20,file 2023-07-25, Loss: 0.008566881529986858
2023-08-26 20:39:16.051 | INFO     | log:log_train:26 - Epoch: 14/20,file 2023-07-26, Loss: 0.15762600302696228
2023-08-26 20:39:40.328 | INFO     | log:log_train:26 - Epoch: 15/20,file 2023-07-04, Loss: 0.18278154730796814
2023-08-26 20:40:05.573 | INFO     | log:log_train:26 - Epoch: 15/20,file 2023-07-05, Loss: 0.22025565803050995
2023-08-26 20:40:31.791 | INFO     | log:log_train:26 - Epoch: 15/20,file 2023-07-06, Loss: 0.02009541541337967
2023-08-26 20:40:58.602 | INFO     | log:log_train:26 - Epoch: 15/20,file 2023-07-07, Loss: 0.1830277293920517
2023-08-26 20:41:25.961 | INFO     | log:log_train:26 - Epoch: 15/20,file 2023-07-10, Loss: 0.056222572922706604
2023-08-26 20:41:54.182 | INFO     | log:log_train:26 - Epoch: 15/20,file 2023-07-11, Loss: 0.17136743664741516
2023-08-26 20:42:25.434 | INFO     | log:log_train:26 - Epoch: 15/20,file 2023-07-12, Loss: 0.07730747014284134
2023-08-26 20:43:00.704 | INFO     | log:log_train:26 - Epoch: 15/20,file 2023-07-13, Loss: 0.11432332545518875
2023-08-26 20:43:32.282 | INFO     | log:log_train:26 - Epoch: 15/20,file 2023-07-14, Loss: 0.1031770184636116
2023-08-26 20:44:01.101 | INFO     | log:log_train:26 - Epoch: 15/20,file 2023-07-17, Loss: 0.2166437804698944
2023-08-26 20:44:31.073 | INFO     | log:log_train:26 - Epoch: 15/20,file 2023-07-18, Loss: 0.24225810170173645
2023-08-26 20:45:01.128 | INFO     | log:log_train:26 - Epoch: 15/20,file 2023-07-19, Loss: 0.20655381679534912
2023-08-26 20:45:31.882 | INFO     | log:log_train:26 - Epoch: 15/20,file 2023-07-20, Loss: 0.15489080548286438
2023-08-26 20:46:02.852 | INFO     | log:log_train:26 - Epoch: 15/20,file 2023-07-21, Loss: 0.12311616539955139
2023-08-26 20:46:33.883 | INFO     | log:log_train:26 - Epoch: 15/20,file 2023-07-24, Loss: 0.09272633492946625
2023-08-26 20:47:05.619 | INFO     | log:log_train:26 - Epoch: 15/20,file 2023-07-25, Loss: 0.09170962870121002
2023-08-26 20:47:38.590 | INFO     | log:log_train:26 - Epoch: 15/20,file 2023-07-26, Loss: 0.1670660376548767
2023-08-26 20:48:04.216 | INFO     | log:log_train:26 - Epoch: 16/20,file 2023-07-04, Loss: 0.21157677471637726
2023-08-26 20:48:30.260 | INFO     | log:log_train:26 - Epoch: 16/20,file 2023-07-05, Loss: 0.2463674694299698
2023-08-26 20:48:56.266 | INFO     | log:log_train:26 - Epoch: 16/20,file 2023-07-06, Loss: 0.11279851198196411
2023-08-26 20:49:23.864 | INFO     | log:log_train:26 - Epoch: 16/20,file 2023-07-07, Loss: 0.12225843220949173
2023-08-26 20:49:53.570 | INFO     | log:log_train:26 - Epoch: 16/20,file 2023-07-10, Loss: 0.2103256732225418
2023-08-26 20:50:24.231 | INFO     | log:log_train:26 - Epoch: 16/20,file 2023-07-11, Loss: 0.2317184954881668
2023-08-26 20:50:53.978 | INFO     | log:log_train:26 - Epoch: 16/20,file 2023-07-12, Loss: 0.1480739861726761
2023-08-26 20:51:25.137 | INFO     | log:log_train:26 - Epoch: 16/20,file 2023-07-13, Loss: 0.12674474716186523
2023-08-26 20:51:58.117 | INFO     | log:log_train:26 - Epoch: 16/20,file 2023-07-14, Loss: 0.19659468531608582
2023-08-26 20:52:27.741 | INFO     | log:log_train:26 - Epoch: 16/20,file 2023-07-17, Loss: 0.20675790309906006
2023-08-26 20:52:59.802 | INFO     | log:log_train:26 - Epoch: 16/20,file 2023-07-18, Loss: 0.1818685531616211
2023-08-26 20:53:43.367 | INFO     | log:log_train:26 - Epoch: 16/20,file 2023-07-19, Loss: 0.0907527282834053
2023-08-26 20:54:16.804 | INFO     | log:log_train:26 - Epoch: 16/20,file 2023-07-20, Loss: 0.08769257366657257
2023-08-26 20:54:49.802 | INFO     | log:log_train:26 - Epoch: 16/20,file 2023-07-21, Loss: 0.10631546378135681
2023-08-26 20:55:23.892 | INFO     | log:log_train:26 - Epoch: 16/20,file 2023-07-24, Loss: 0.014473844319581985
2023-08-26 20:55:57.437 | INFO     | log:log_train:26 - Epoch: 16/20,file 2023-07-25, Loss: 0.10318946093320847
2023-08-26 20:56:31.067 | INFO     | log:log_train:26 - Epoch: 16/20,file 2023-07-26, Loss: 0.2226363569498062
2023-08-26 20:56:59.078 | INFO     | log:log_train:26 - Epoch: 17/20,file 2023-07-04, Loss: 0.20384855568408966
2023-08-26 20:57:27.259 | INFO     | log:log_train:26 - Epoch: 17/20,file 2023-07-05, Loss: 0.21991905570030212
2023-08-26 20:57:54.885 | INFO     | log:log_train:26 - Epoch: 17/20,file 2023-07-06, Loss: 0.10659898817539215
2023-08-26 20:58:23.945 | INFO     | log:log_train:26 - Epoch: 17/20,file 2023-07-07, Loss: 0.2362835556268692
2023-08-26 20:58:54.338 | INFO     | log:log_train:26 - Epoch: 17/20,file 2023-07-10, Loss: 0.20118334889411926
2023-08-26 20:59:27.600 | INFO     | log:log_train:26 - Epoch: 17/20,file 2023-07-11, Loss: 0.03354104980826378
2023-08-26 21:00:05.980 | INFO     | log:log_train:26 - Epoch: 17/20,file 2023-07-12, Loss: 0.04775729775428772
2023-08-26 21:00:37.575 | INFO     | log:log_train:26 - Epoch: 17/20,file 2023-07-13, Loss: 0.14529238641262054
2023-08-26 21:01:13.090 | INFO     | log:log_train:26 - Epoch: 17/20,file 2023-07-14, Loss: 0.13196150958538055
2023-08-26 21:01:44.061 | INFO     | log:log_train:26 - Epoch: 17/20,file 2023-07-17, Loss: 0.1991022229194641
2023-08-26 21:02:16.115 | INFO     | log:log_train:26 - Epoch: 17/20,file 2023-07-18, Loss: 0.20751050114631653
2023-08-26 21:02:48.510 | INFO     | log:log_train:26 - Epoch: 17/20,file 2023-07-19, Loss: 0.13394585251808167
2023-08-26 21:03:20.292 | INFO     | log:log_train:26 - Epoch: 17/20,file 2023-07-20, Loss: 0.036926452070474625
2023-08-26 21:03:53.106 | INFO     | log:log_train:26 - Epoch: 17/20,file 2023-07-21, Loss: 0.10099511593580246
2023-08-26 21:04:26.289 | INFO     | log:log_train:26 - Epoch: 17/20,file 2023-07-24, Loss: 0.038555651903152466
2023-08-26 21:04:59.460 | INFO     | log:log_train:26 - Epoch: 17/20,file 2023-07-25, Loss: 0.057791050523519516
2023-08-26 21:05:35.309 | INFO     | log:log_train:26 - Epoch: 17/20,file 2023-07-26, Loss: 0.0753353014588356
2023-08-26 21:06:02.768 | INFO     | log:log_train:26 - Epoch: 18/20,file 2023-07-04, Loss: 0.17774279415607452
2023-08-26 21:06:30.652 | INFO     | log:log_train:26 - Epoch: 18/20,file 2023-07-05, Loss: 0.21202097833156586
2023-08-26 21:06:57.719 | INFO     | log:log_train:26 - Epoch: 18/20,file 2023-07-06, Loss: 0.05051027983427048
2023-08-26 21:07:26.662 | INFO     | log:log_train:26 - Epoch: 18/20,file 2023-07-07, Loss: 0.12163323909044266
2023-08-26 21:07:57.393 | INFO     | log:log_train:26 - Epoch: 18/20,file 2023-07-10, Loss: 0.15240323543548584
2023-08-26 21:08:28.273 | INFO     | log:log_train:26 - Epoch: 18/20,file 2023-07-11, Loss: 0.02902182936668396
2023-08-26 21:09:00.542 | INFO     | log:log_train:26 - Epoch: 18/20,file 2023-07-12, Loss: 0.10911810398101807
2023-08-26 21:09:32.342 | INFO     | log:log_train:26 - Epoch: 18/20,file 2023-07-13, Loss: 0.08895759284496307
2023-08-26 21:10:06.423 | INFO     | log:log_train:26 - Epoch: 18/20,file 2023-07-14, Loss: 0.1413547247648239
2023-08-26 21:10:37.285 | INFO     | log:log_train:26 - Epoch: 18/20,file 2023-07-17, Loss: 0.19183512032032013
2023-08-26 21:11:08.679 | INFO     | log:log_train:26 - Epoch: 18/20,file 2023-07-18, Loss: 0.2554842233657837
2023-08-26 21:11:41.456 | INFO     | log:log_train:26 - Epoch: 18/20,file 2023-07-19, Loss: 0.10320548713207245
2023-08-26 21:12:14.956 | INFO     | log:log_train:26 - Epoch: 18/20,file 2023-07-20, Loss: 0.11276949942111969
2023-08-26 21:12:51.741 | INFO     | log:log_train:26 - Epoch: 18/20,file 2023-07-21, Loss: 0.035092927515506744
2023-08-26 21:13:29.854 | INFO     | log:log_train:26 - Epoch: 18/20,file 2023-07-24, Loss: 0.0021645266097038984
2023-08-26 21:14:02.925 | INFO     | log:log_train:26 - Epoch: 18/20,file 2023-07-25, Loss: 0.06047983840107918
2023-08-26 21:14:36.662 | INFO     | log:log_train:26 - Epoch: 18/20,file 2023-07-26, Loss: 0.18849016726016998
2023-08-26 21:15:04.734 | INFO     | log:log_train:26 - Epoch: 19/20,file 2023-07-04, Loss: 0.17124582827091217
2023-08-26 21:15:32.833 | INFO     | log:log_train:26 - Epoch: 19/20,file 2023-07-05, Loss: 0.1787995547056198
2023-08-26 21:16:00.291 | INFO     | log:log_train:26 - Epoch: 19/20,file 2023-07-06, Loss: 0.01903178170323372
2023-08-26 21:16:29.972 | INFO     | log:log_train:26 - Epoch: 19/20,file 2023-07-07, Loss: 0.14770396053791046
2023-08-26 21:17:00.716 | INFO     | log:log_train:26 - Epoch: 19/20,file 2023-07-10, Loss: 0.1472335159778595
2023-08-26 21:17:32.326 | INFO     | log:log_train:26 - Epoch: 19/20,file 2023-07-11, Loss: 0.11522235721349716
2023-08-26 21:18:02.824 | INFO     | log:log_train:26 - Epoch: 19/20,file 2023-07-12, Loss: 0.07791677117347717
2023-08-26 21:18:35.761 | INFO     | log:log_train:26 - Epoch: 19/20,file 2023-07-13, Loss: 0.13518548011779785
2023-08-26 21:19:08.737 | INFO     | log:log_train:26 - Epoch: 19/20,file 2023-07-14, Loss: 0.14787614345550537
2023-08-26 21:19:39.798 | INFO     | log:log_train:26 - Epoch: 19/20,file 2023-07-17, Loss: 0.2039353847503662
2023-08-26 21:20:11.084 | INFO     | log:log_train:26 - Epoch: 19/20,file 2023-07-18, Loss: 0.21965058147907257
2023-08-26 21:20:42.517 | INFO     | log:log_train:26 - Epoch: 19/20,file 2023-07-19, Loss: 0.07820157706737518
2023-08-26 21:21:14.274 | INFO     | log:log_train:26 - Epoch: 19/20,file 2023-07-20, Loss: 0.15905287861824036
2023-08-26 21:21:46.211 | INFO     | log:log_train:26 - Epoch: 19/20,file 2023-07-21, Loss: 0.09422790259122849
2023-08-26 21:22:20.151 | INFO     | log:log_train:26 - Epoch: 19/20,file 2023-07-24, Loss: 0.10225319117307663
2023-08-26 21:22:57.474 | INFO     | log:log_train:26 - Epoch: 19/20,file 2023-07-25, Loss: 0.11308922618627548
2023-08-26 21:23:29.736 | INFO     | log:log_train:26 - Epoch: 19/20,file 2023-07-26, Loss: 0.1760789006948471
