2023-08-10 09:52:56.400 | INFO     | __main__:<module>:63 - 20230703091500500
2023-08-10 09:52:56.400 | INFO     | __main__:<module>:64 - OrderedDict([(29.18, 5000), (29.28, 5000), (29.3, 1000), (29.5, 1400), (29.98, 4000), (30.59, 400), (31.54, 700)])
2023-08-10 09:52:56.400 | INFO     | __main__:<module>:65 - OrderedDict([(27.65, 400)])
2023-08-10 09:52:56.400 | INFO     | __main__:<module>:66 - {'time': 20230703091500790, 'oid': 3768, 'oidb': 0, 'oids': 0, 'price': 29.99, 'volume': 200, 'flag': 2, 'ptype': 2}
2023-08-10 09:54:18.980 | INFO     | __main__:<module>:64 - 20230703092014790
2023-08-10 09:54:18.981 | INFO     | __main__:<module>:65 - OrderedDict([(25.8, 16800), (25.9, 400), (25.97, 900), (26.77, 300), (27.24, 3100), (27.5, 3000), (28.0, 1600), (28.1, 2300), (28.2, 100), (28.28, 100), (28.3, 15100), (28.48, 200), (28.5, 1100), (28.53, 3700), (28.55, 600), (28.57, 4700), (28.58, 100), (28.6, 500), (28.62, 5000), (28.64, 3500), (28.65, 17800), (28.66, 1300), (28.67, 25016), (28.68, 56000), (28.7, 13400), (28.71, 700), (28.72, 1600), (28.75, 600), (28.76, 400), (28.77, 1100), (28.78, 1400), (28.82, 200), (28.83, 500), (28.84, 1900), (28.85, 17800), (28.86, 6200), (28.87, 3700), (28.88, 24900), (28.89, 1800), (28.9, 17800), (28.92, 25000), (28.93, 1000), (28.94, 6200), (28.95, 2500), (28.96, 1900), (28.97, 2700), (28.98, 26800), (28.99, 20100), (29.0, 46300), (29.01, 1500), (29.02, -300), (29.03, 700), (29.04, 2000), (29.05, 10500), (29.06, 5200), (29.07, 4200), (29.08, 4600), (29.09, 16000), (29.1, 48300), (29.11, 3000), (29.12, 3100), (29.13, 400), (29.14, 2200), (29.15, 6800), (29.16, 8200), (29.17, 2500), (29.18, 79600), (29.19, 10200), (29.2, 32000), (29.21, 800), (29.22, 7600), (29.23, 4300), (29.24, 16500), (29.25, 5900), (29.26, 600), (29.27, 3000), (29.28, 10600), (29.29, 2200), (29.3, 33700), (29.31, 8000), (29.32, 8600), (29.33, 1100), (29.34, 5500), (29.35, 10000), (29.36, 2600), (29.37, 11800), (29.38, 6800), (29.39, 3200), (29.4, 7400), (29.42, 2100), (29.43, 600), (29.44, 700), (29.45, 1000), (29.46, 19500), (29.47, 800), (29.48, 2800), (29.49, 14900), (29.5, 123400), (29.51, 1700), (29.52, 6700), (29.53, 3400), (29.54, 8400), (29.55, 10100), (29.56, 3600), (29.57, 1100), (29.58, 7000), (29.59, 6200), (29.6, 22100), (29.62, 1000), (29.63, 2500), (29.64, 600), (29.65, 3900), (29.66, 13200), (29.67, 18600), (29.68, 60900), (29.69, 7500), (29.7, 26700), (29.72, 3300), (29.74, 7700), (29.75, 3300), (29.76, 1200), (29.77, 15400), (29.78, 900), (29.79, 1800), (29.8, 57000), (29.81, 2800), (29.82, 1900), (29.83, 100), (29.84, 900), (29.85, 18800), (29.86, 8000), (29.87, 4900), (29.88, 38400), (29.89, 4900), (29.9, 67600), (29.92, 1700), (29.93, 8900), (29.94, 4000), (29.95, 13700), (29.96, 2700), (29.97, 6100), (29.98, 21000), (29.99, 63800), (30.0, 113600), (30.01, 100), (30.03, 1200), (30.04, 500), (30.05, 200), (30.06, 16600), (30.07, 900), (30.08, 5200), (30.09, 4000), (30.1, 9400), (30.11, 2600), (30.12, 5500), (30.13, 400), (30.14, 100), (30.15, 100), (30.16, 800), (30.17, 2600), (30.18, 4100), (30.19, 3800), (30.2, 14500), (30.21, 100), (30.23, 4300), (30.24, 800), (30.25, 5300), (30.26, 1500), (30.27, 100), (30.28, 2700), (30.29, 4500), (30.3, 18800), (30.31, 600), (30.33, 9000), (30.35, 8000), (30.36, 1300), (30.37, 300), (30.38, 2000), (30.39, 9200), (30.4, 6400), (30.41, 300), (30.44, 3600), (30.45, 2800), (30.46, 3000), (30.48, 1300), (30.49, 6700), (30.5, 53200), (30.51, 7000), (30.52, 1000), (30.54, 1200), (30.55, 2200), (30.56, 2000), (30.58, 16900), (30.59, 3400), (30.6, 12600), (30.63, 2000), (30.64, 9000), (30.65, 900), (30.66, 6000), (30.67, 9400), (30.68, 10300), (30.69, 2700), (30.7, 3700), (30.72, 8200), (30.73, 100), (30.75, 600), (30.76, 1600), (30.77, 4300), (30.78, 2200), (30.79, 2300), (30.8, 11200), (30.81, 34000), (30.82, 300), (30.84, 300), (30.85, 400), (30.86, 3300), (30.88, 15300), (30.89, 4000), (30.9, 500), (30.91, 200), (30.93, 1000), (30.94, 1800), (30.95, 10600), (30.96, 3800), (30.97, 3700), (30.98, 1100), (30.99, 9200), (31.0, 163300), (31.02, 100), (31.04, 100), (31.06, 1000), (31.08, 300), (31.1, 400), (31.11, 300), (31.13, 600), (31.15, 30000), (31.16, 800), (31.17, 1500), (31.2, 16600), (31.22, 400), (31.23, 100), (31.24, 300), (31.25, 3900), (31.26, 2100), (31.28, 1000), (31.29, 300), (31.3, 2300), (31.31, 600), (31.32, 3180), (31.33, 6100), (31.36, 1400), (31.37, 2700), (31.38, 1600), (31.39, 3400), (31.4, 8400), (31.42, 200), (31.44, 3700), (31.45, 6900), (31.46, 4960), (31.47, 30800), (31.48, 10400), (31.49, 15500), (31.5, 41600), (31.51, 3320), (31.52, 29400), (31.53, 30300), (31.54, 300732)])
2023-08-10 09:54:18.982 | INFO     | __main__:<module>:66 - OrderedDict([(31.54, 1200), (30.1, 1200), (30.0, 1600), (29.99, 400), (29.88, 300), (29.68, 800), (29.06, 400), (29.0, 2100), (28.98, 200), (28.88, 2800), (28.83, 1100), (28.8, 100), (28.76, 300), (28.72, 4100), (28.71, 1000), (28.7, 5400), (28.69, 7300), (28.68, 120900), (28.67, 18700), (28.66, 1000), (28.65, 1100), (28.63, 5500), (28.62, 1100), (28.61, 3000), (28.6, 8600), (28.59, 1000), (28.58, 1400), (28.56, 12600), (28.55, 3500), (28.54, 5100), (28.53, 4000), (28.52, 900), (28.51, 7100), (28.5, 68700), (28.49, 2200), (28.48, 23900), (28.47, 7500), (28.46, 2500), (28.45, 11600), (28.44, 700), (28.43, 14300), (28.42, 4500), (28.41, 33900), (28.4, 67300), (28.39, 12500), (28.38, 11100), (28.37, 2800), (28.36, 6700), (28.35, 35400), (28.34, 2700), (28.33, 12300), (28.32, 9100), (28.31, 4500), (28.3, 22600), (28.29, 4100), (28.28, 11600), (28.27, 3500), (28.26, 2000), (28.25, 6300), (28.24, 500), (28.23, 24500), (28.22, 3400), (28.21, 6600), (28.2, 22900), (28.19, 800), (28.18, 38000), (28.17, 2100), (28.16, 6700), (28.15, 20000), (28.14, 300), (28.13, 11000), (28.12, 3500), (28.11, 15000), (28.1, 151100), (28.09, 2000), (28.08, 17600), (28.07, 800), (28.06, 6200), (28.05, 22300), (28.04, 100), (28.03, 13000), (28.02, 7800), (28.01, 26000), (28.0, 122700), (27.99, 4300), (27.98, 3000), (27.97, 15600), (27.96, 700), (27.95, 3600), (27.93, 2400), (27.92, 900), (27.91, 900), (27.9, 5700), (27.89, 2400), (27.88, 7300), (27.87, 100), (27.86, 3500), (27.85, 300), (27.84, 100), (27.83, 1200), (27.82, 2100), (27.81, 12900), (27.8, 14700), (27.78, 1500), (27.77, 2400), (27.76, 300), (27.75, 900), (27.74, 500), (27.73, 1500), (27.72, 2800), (27.71, 2200), (27.7, 13400), (27.69, 5600), (27.68, 16400), (27.67, 1300), (27.66, 300), (27.65, 5900), (27.63, 600), (27.62, 1300), (27.61, 1700), (27.6, 12400), (27.58, 500), (27.57, 1000), (27.56, 500), (27.55, 600), (27.53, 1100), (27.52, 7100), (27.51, 6500), (27.5, 32100), (27.47, 100), (27.45, 900), (27.44, 200), (27.43, 400), (27.42, 1100), (27.41, 100), (27.4, 9900), (27.39, 5000), (27.38, 2200), (27.37, 3900), (27.36, 4000), (27.35, 1400), (27.33, 500), (27.32, 2700), (27.31, 1100), (27.3, 11800), (27.28, 1000), (27.27, 2300), (27.26, 100), (27.25, 6500), (27.23, 2500), (27.22, 700), (27.21, 100), (27.2, 2500), (27.19, 500), (27.18, 1300), (27.15, 1600), (27.14, 4900), (27.12, 700), (27.11, 3400), (27.1, 1600), (27.09, 3200), (27.08, 1000), (27.07, 400), (27.06, 1400), (27.05, 800), (27.04, 1900), (27.03, 2200), (27.02, 6400), (27.01, 24800), (27.0, 47700), (26.98, 3000), (26.96, 800), (26.95, 100), (26.93, 1000), (26.92, 500), (26.91, 300), (26.9, 200), (26.85, 400), (26.83, 2000), (26.8, 2900), (26.79, 3000), (26.78, 3900), (26.75, 1100), (26.73, 2000), (26.68, 1100), (26.67, 700), (26.66, 600), (26.65, 11000), (26.62, 100), (26.61, 900), (26.6, 12100), (26.58, 700), (26.57, 500), (26.56, 300), (26.51, 15100), (26.5, 8500), (26.49, 100), (26.48, 300), (26.45, 1000), (26.44, 600), (26.41, 300), (26.4, 200), (26.38, 1300), (26.37, 100), (26.33, 3000), (26.3, 100), (26.28, 6000), (26.26, 300), (26.22, 100), (26.2, 8000), (26.18, 400), (26.17, 1000), (26.08, 100), (26.05, 200), (26.04, 1500), (26.03, 600), (26.01, 2700), (26.0, 16500), (25.99, 100), (25.98, 1000), (25.97, 300), (25.9, 200), (25.88, 1300), (25.83, 600), (25.82, 200), (25.81, 200), (25.8, 25900)])
2023-08-10 09:54:18.982 | INFO     | __main__:<module>:67 - {'time': 20230703092014900, 'oid': 154441, 'oidb': 0, 'oids': 0, 'price': 27.9, 'volume': 1200, 'flag': 1, 'ptype': 2}
2023-08-10 09:55:00.538 | INFO     | __main__:<module>:64 - 20230703094104460
2023-08-10 09:55:00.538 | INFO     | __main__:<module>:65 - OrderedDict([(25.8, 120400), (25.9, 400), (25.97, 900), (26.68, 1000), (26.77, 300), (27.0, 4500), (27.05, 20600), (27.24, 13300), (27.5, 3000), (27.82, 4000), (27.94, 2000), (27.98, 2300), (28.0, 22736), (28.09, 3500), (28.1, 4200), (28.11, 13200), (28.17, 5700), (28.18, 2700), (28.2, 17100), (28.28, 100), (28.3, 21800), (28.33, 5400), (28.34, 1300), (28.4, 35700), (28.47, 1400), (28.48, 500), (28.49, 396000), (28.5, 4200), (28.52, 400), (28.53, 4500), (28.54, 15000), (28.55, 800), (28.57, 4700), (28.58, 5800), (28.59, 4700), (28.6, 62800), (28.61, 122900), (28.62, 45400), (28.63, 12600), (28.64, 37800), (28.65, 58300), (28.66, 178380), (28.67, 158664), (28.68, 181700), (28.69, 38200), (28.7, 30940), (28.71, 6600), (28.72, 6200), (28.73, 8900), (28.74, 12700), (28.75, 43100), (28.76, 13500), (28.77, -4000), (28.78, 1901), (28.79, -5700), (28.8, 35300), (28.81, 45400), (28.82, 156701), (28.83, 100100), (28.84, 12900), (28.85, 123200), (28.86, 105600), (28.87, 15900), (28.88, 111100), (28.89, 8400), (28.9, 54300), (28.91, 28800), (28.92, 38800), (28.93, 111600), (28.94, 79700), (28.95, 70800), (28.96, 128265), (28.97, 184000), (28.98, 92600), (28.99, 93300), (29.0, 220700), (29.01, 86300), (29.02, 11060), (29.03, 85600), (29.04, 195600), (29.05, 362200), (29.06, 229840), (29.07, 162151), (29.08, 78600), (29.09, 55500), (29.1, 132700), (29.11, 58500), (29.12, 48000), (29.13, 53091), (29.14, 129600), (29.15, 204500), (29.16, 245100), (29.17, 189104), (29.18, 202700), (29.19, 46700), (29.2, 199140), (29.21, 38400), (29.22, 64600), (29.23, 94500), (29.24, 161680), (29.25, 170400), (29.26, 69700), (29.27, 57200), (29.28, 52200), (29.29, 74100), (29.3, 146400), (29.31, 13100), (29.32, 22800), (29.33, 18400), (29.34, 8000), (29.35, 31500), (29.36, 9200), (29.37, 43900), (29.38, 42380), (29.39, 18000), (29.4, 24300), (29.41, 5400), (29.42, 54300), (29.43, 63900), (29.44, 4300), (29.45, 8500), (29.46, 21400), (29.47, 7400), (29.48, 39000), (29.49, 34700), (29.5, 320400), (29.51, 7500), (29.52, 14900), (29.53, 18200), (29.54, 14900), (29.55, 20300), (29.56, 17600), (29.57, 6500), (29.58, 64600), (29.59, 10900), (29.6, 73500), (29.61, 31000), (29.62, 4100), (29.63, 5300), (29.64, 6000), (29.65, 15100), (29.66, 58800), (29.67, 17200), (29.68, 114400), (29.69, 18200), (29.7, 37500), (29.71, 200), (29.72, 3300), (29.73, 200), (29.74, 6300), (29.75, 12600), (29.76, 27900), (29.77, 29500), (29.78, 16100), (29.79, 7200), (29.8, 162100), (29.81, 15000), (29.82, 13300), (29.83, 5100), (29.84, 6700), (29.85, 54000), (29.86, 17600), (29.87, 19900), (29.88, 106600), (29.89, 17500), (29.9, 104500), (29.91, 2000), (29.92, 7500), (29.93, 5800), (29.94, 7300), (29.95, 31500), (29.96, 9900), (29.97, 6900), (29.98, 91800), (29.99, 123600), (30.0, 323000), (30.01, 400), (30.02, 900), (30.03, 1200), (30.04, 700), (30.05, 2200), (30.06, 59800), (30.07, 900), (30.08, 34600), (30.09, 4600), (30.1, 14100), (30.11, 10400), (30.12, 6400), (30.13, 1400), (30.14, 700), (30.15, 1300), (30.16, 1100), (30.17, 12200), (30.18, 6100), (30.19, 4700), (30.2, 32000), (30.21, 1100), (30.22, 700), (30.23, 4500), (30.24, 2700), (30.25, 6800), (30.26, 4500), (30.27, 21500), (30.28, 7100), (30.29, 8200), (30.3, 26000), (30.31, 600), (30.32, 1800), (30.33, 9700), (30.34, 700), (30.35, 8100), (30.36, 32800), (30.37, 400), (30.38, 3300), (30.39, 10600), (30.4, 11000), (30.41, 300), (30.43, 1400), (30.44, 4500), (30.45, 3300), (30.46, 3000), (30.47, 2000), (30.48, 3600), (30.49, 7100), (30.5, 87900), (30.51, 7000), (30.52, 2700), (30.53, 300), (30.54, 4700), (30.55, 2900), (30.56, 2500), (30.58, 22800), (30.59, 5700), (30.6, 18600), (30.63, 2000), (30.64, 9000), (30.65, 1800), (30.66, 27900), (30.67, 9400), (30.68, 14800), (30.69, 3000), (30.7, 4400), (30.72, 8200), (30.73, 100), (30.75, 600), (30.76, 1600), (30.77, 4800), (30.78, 2200), (30.79, 4300), (30.8, 13600), (30.81, 34100), (30.82, 300), (30.83, 200), (30.84, 800), (30.85, 500), (30.86, 3700), (30.88, 32800), (30.89, 14100), (30.9, 4000), (30.91, 400), (30.92, 17800), (30.93, 4200), (30.94, 3100), (30.95, 11500), (30.96, 9200), (30.97, 4400), (30.98, 3400), (30.99, 11200), (31.0, 242400), (31.02, 4200), (31.03, 10000), (31.04, 100), (31.06, 5100), (31.08, 1100), (31.1, 400), (31.11, 3700), (31.13, 1000), (31.14, 600), (31.15, 30400), (31.16, 800), (31.17, 1500), (31.18, 1100), (31.19, 100), (31.2, 23100), (31.22, 32600), (31.23, 900), (31.24, 600), (31.25, 4400), (31.26, 2200), (31.28, 600), (31.29, 300), (31.3, 2400), (31.31, 900), (31.32, 3680), (31.33, 7800), (31.36, 1500), (31.37, 33200), (31.38, 1600), (31.39, -1500), (31.4, 11400), (31.42, 200), (31.43, 800), (31.44, 6000), (31.45, 7700), (31.46, 8960), (31.47, 34200), (31.48, 20000), (31.49, 16100), (31.5, 190100), (31.51, 3720), (31.52, 38900), (31.53, 26000), (31.54, 572910)])
2023-08-10 09:55:00.540 | INFO     | __main__:<module>:66 - OrderedDict([(31.54, 1200), (30.52, 39000), (30.12, 1400), (30.1, 28500), (30.0, 2400), (29.99, 600), (29.88, 300), (29.68, 800), (29.54, 80100), (29.26, 3800), (29.25, 36400), (29.24, -4500), (29.23, 90579), (29.22, 54200), (29.21, 103300), (29.2, -124000), (29.19, 70700), (29.18, 109000), (29.17, 118500), (29.16, 130100), (29.15, 170200), (29.14, 228529), (29.13, 148300), (29.12, 46100), (29.11, 34980), (29.1, 35798), (29.09, 65100), (29.08, -50080), (29.07, 5400), (29.06, 68492), (29.05, 327800), (29.04, 183800), (29.03, 264520), (29.02, 164300), (29.01, 99100), (29.0, 121700), (28.99, 98900), (28.98, -72500), (28.97, 22600), (28.96, -266900), (28.95, 32197), (28.94, 119000), (28.93, 47700), (28.92, 59400), (28.91, 81800), (28.9, 174700), (28.89, 12300), (28.88, -18900), (28.87, -17300), (28.86, 48500), (28.85, -28900), (28.84, 27200), (28.83, 53188), (28.82, 113499), (28.81, 80400), (28.8, 149900), (28.79, 61999), (28.78, -15700), (28.77, 53100), (28.76, 42900), (28.75, 177000), (28.74, 10400), (28.73, -15500), (28.72, 18700), (28.71, 17100), (28.7, 311400), (28.69, 44300), (28.68, 340900), (28.67, 55000), (28.66, 42200), (28.65, 75300), (28.64, 3400), (28.63, 19000), (28.62, -27600), (28.61, 16700), (28.6, 93600), (28.59, 16400), (28.58, 31900), (28.57, 12900), (28.56, 48600), (28.55, 7400), (28.54, 6500), (28.53, -1500), (28.52, 5400), (28.51, 30500), (28.5, 209500), (28.49, -300), (28.48, 30400), (28.47, 17200), (28.46, 8700), (28.45, 27500), (28.44, 5100), (28.43, 16800), (28.42, 6000), (28.41, 35800), (28.4, 112200), (28.39, 20000), (28.38, 34400), (28.37, 8100), (28.36, 8000), (28.35, 44800), (28.34, 2500), (28.33, 21100), (28.32, 15000), (28.31, 7300), (28.3, 51900), (28.29, 11000), (28.28, 59200), (28.27, 17800), (28.26, 11200), (28.25, 10400), (28.24, 1700), (28.23, 25200), (28.22, 21800), (28.21, 9100), (28.2, 70600), (28.19, 1700), (28.18, 66800), (28.17, 13100), (28.16, 10900), (28.15, 32300), (28.14, 3500), (28.13, 16800), (28.12, 6700), (28.11, 20100), (28.1, 161700), (28.09, -300), (28.08, 15500), (28.07, 2000), (28.06, 6200), (28.05, 174500), (28.04, -200), (28.03, 17200), (28.02, 14800), (28.01, 43000), (28.0, 230200), (27.99, 7700), (27.98, 3400), (27.97, 16500), (27.96, 700), (27.95, 3600), (27.93, 4600), (27.92, 1400), (27.91, 1800), (27.9, 9400), (27.89, 5000), (27.88, 13700), (27.87, 300), (27.86, 3500), (27.85, 3400), (27.84, 100), (27.83, 1400), (27.82, 4300), (27.81, 12900), (27.8, 27700), (27.78, 1500), (27.77, 5400), (27.76, 500), (27.75, 1200), (27.74, 500), (27.73, 1500), (27.72, 2800), (27.71, 2200), (27.7, 16500), (27.69, 14600), (27.68, 18300), (27.67, 1600), (27.66, 3300), (27.65, 10400), (27.64, 400), (27.63, 900), (27.62, 1300), (27.61, 1700), (27.6, 29700), (27.58, 2700), (27.57, 1000), (27.56, 500), (27.55, 900), (27.54, 500), (27.53, 1100), (27.52, 17100), (27.51, 7200), (27.5, 73100), (27.47, 100), (27.45, 1300), (27.44, 700), (27.43, 400), (27.42, 1100), (27.41, 200), (27.4, 10000), (27.39, 5100), (27.38, 200), (27.37, 10600), (27.36, 7300), (27.35, 1400), (27.34, 5000), (27.33, 900), (27.32, 2700), (27.31, 6600), (27.3, 12300), (27.29, 2000), (27.28, 1500), (27.27, 2300), (27.26, 100), (27.25, 6600), (27.24, 400), (27.23, 2500), (27.22, 1400), (27.21, 100), (27.2, 2800), (27.19, 500), (27.18, 3000), (27.15, 1600), (27.14, 5700), (27.12, 700), (27.11, 3000), (27.1, 2600), (27.09, 3400), (27.08, 2500), (27.07, 400), (27.06, 1400), (27.05, 800), (27.04, 1900), (27.03, 2200), (27.02, 6400), (27.01, 25800), (27.0, 71800), (26.98, 3000), (26.96, 800), (26.95, 200), (26.93, 1000), (26.92, 500), (26.91, 300), (26.9, 200), (26.89, 1500), (26.88, 1000), (26.85, 400), (26.83, 2400), (26.8, 7000), (26.79, 3000), (26.78, 10600), (26.77, 6900), (26.75, 1100), (26.73, 2000), (26.7, 600), (26.68, 1700), (26.67, 1600), (26.66, 600), (26.65, 10100), (26.62, 100), (26.61, 900), (26.6, 14100), (26.59, 500), (26.58, 700), (26.57, 500), (26.56, 300), (26.51, 15100), (26.5, 10800), (26.49, 100), (26.48, 300), (26.44, 600), (26.41, 300), (26.4, 200), (26.38, 1300), (26.37, 100), (26.33, 3000), (26.3, 100), (26.28, 6000), (26.26, 300), (26.22, 100), (26.2, 8100), (26.18, 500), (26.17, 1000), (26.08, 100), (26.07, 100), (26.05, 200), (26.04, 1500), (26.03, 600), (26.01, 2700), (26.0, 22500), (25.99, 100), (25.98, 1000), (25.97, 300), (25.9, 200), (25.88, 1300), (25.83, 600), (25.82, 200), (25.81, 400), (25.8, 32500)])
2023-08-10 09:55:00.542 | INFO     | __main__:<module>:67 - {'time': 20230703094104500, 'oid': 1819679, 'oidb': 0, 'oids': 0, 'price': 29.24, 'volume': 4000, 'flag': 2, 'ptype': 2}
2023-08-10 10:02:22.985 | INFO     | __main__:<module>:68 - 任意时刻的candle数据
2023-08-10 10:05:09.730 | INFO     | __main__:<module>:68 - 任意时刻的candle数据
2023-08-10 10:07:46.563 | INFO     | __main__:<module>:68 - 任意时刻的candle数据
2023-08-10 10:07:46.563 | INFO     | __main__:<module>:69 - [11.26, 11.26, 11.26, 11.26, 11.26]
2023-08-10 10:07:46.563 | INFO     | __main__:<module>:70 - 任意时段的candle数据
2023-08-10 10:07:46.564 | INFO     | __main__:<module>:71 - [11.26, 11.26, 11.3, 11.26, 11.29]
2023-08-10 10:07:46.564 | INFO     | __main__:<module>:72 - 任意时刻的超级盘口，包含买卖十档、买卖十档交易量、买卖十档订单数、买卖十档累计新陈代谢
2023-08-10 10:07:46.565 | INFO     | __main__:<module>:73 - {'ask_price': [11.27, 11.28, 11.29, 11.3, 11.31, 11.32, 11.33, 11.34, 11.35, 11.36], 'ask_volume': [31100, 153600, 73100, 101300, 42700, 105700, 119300, 51300, 203800, 32300], 'bid_price': [11.26, 11.25, 11.24, 11.23, 11.22, 11.21, 11.2, 11.19, 11.18, 11.17], 'bid_volume': [66800, 189300, 211100, 188000, 44900, 176300, 213500, 25500, 117600, 69600], 'ask_order_num': [24, 10, 8, 5, 23, 14, 11, 21, 22, 16], 'bid_order_num': [54, 1, 2, 1, 2, 4, 12, 21, 17, 3], 'ask_order_stale': [353473.3333333333, 0, 0, 0, 0, 0, 0, 0, 0, 0], 'bid_order_stale': [9990.524193548386, 229802.70833333334, 630508.125, 1497847.142857143, 0, 0, 0, 0, 0, 0]}
2023-08-10 10:07:46.565 | INFO     | __main__:<module>:74 - 任意时刻成交单VWAP、成交量、成交单数、被动方新陈代谢
2023-08-10 10:07:46.565 | INFO     | __main__:<module>:75 - {'order_num': 685, 'volume': 2220431, 'price': 11.258276460741179, 'total_price': 24998226.06, 'passive_num': 138, 'passive_stale_total': 44673410}
2023-08-10 10:07:46.565 | INFO     | __main__:<module>:76 - 任意时间段成交单VWAP、成交量、成交单数、被动方新陈代谢
2023-08-10 10:07:46.566 | INFO     | __main__:<module>:77 - ({'order_num': 364, 'volume': 1480769, 'price': 11.281593300508046, 'total_price': 16705433.629999999, 'passive_num': 123, 'passive_stale_total': 50289650}, 408858.9430894309)
2023-08-10 10:07:46.566 | INFO     | __main__:<module>:78 - 任意时刻的平均市场深度
2023-08-10 10:08:18.807 | INFO     | __main__:<module>:68 - 任意时刻的candle数据
2023-08-10 10:08:18.808 | INFO     | __main__:<module>:69 - [11.26, 11.26, 11.26, 11.26, 11.26]
2023-08-10 10:08:18.808 | INFO     | __main__:<module>:70 - 任意时段的candle数据
2023-08-10 10:08:18.808 | INFO     | __main__:<module>:71 - [11.26, 11.26, 11.3, 11.26, 11.29]
2023-08-10 10:08:18.808 | INFO     | __main__:<module>:72 - 任意时刻的超级盘口，包含买卖十档、买卖十档交易量、买卖十档订单数、买卖十档累计新陈代谢
2023-08-10 10:08:18.809 | INFO     | __main__:<module>:73 - {'ask_price': [11.27, 11.28, 11.29, 11.3, 11.31, 11.32, 11.33, 11.34, 11.35, 11.36], 'ask_volume': [31100, 153600, 73100, 101300, 42700, 105700, 119300, 51300, 203800, 32300], 'bid_price': [11.26, 11.25, 11.24, 11.23, 11.22, 11.21, 11.2, 11.19, 11.18, 11.17], 'bid_volume': [66800, 189300, 211100, 188000, 44900, 176300, 213500, 25500, 117600, 69600], 'ask_order_num': [24, 10, 8, 5, 23, 14, 11, 21, 22, 16], 'bid_order_num': [54, 1, 2, 1, 2, 4, 12, 21, 17, 3], 'ask_order_stale': [353473.3333333333, 0, 0, 0, 0, 0, 0, 0, 0, 0], 'bid_order_stale': [9990.524193548386, 229802.70833333334, 630508.125, 1497847.142857143, 0, 0, 0, 0, 0, 0]}
2023-08-10 10:08:18.809 | INFO     | __main__:<module>:74 - 任意时刻成交单VWAP、成交量、成交单数、被动方新陈代谢
2023-08-10 10:08:18.810 | INFO     | __main__:<module>:75 - {'order_num': 685, 'volume': 2220431, 'price': 11.258276460741179, 'total_price': 24998226.06, 'passive_num': 138, 'passive_stale_total': 44673410}
2023-08-10 10:08:18.810 | INFO     | __main__:<module>:76 - 任意时间段成交单VWAP、成交量、成交单数、被动方新陈代谢
2023-08-10 10:08:18.811 | INFO     | __main__:<module>:77 - ({'order_num': 364, 'volume': 1480769, 'price': 11.281593300508046, 'total_price': 16705433.629999999, 'passive_num': 123, 'passive_stale_total': 50289650}, 408858.9430894309)
2023-08-10 10:08:18.811 | INFO     | __main__:<module>:78 - 任意时刻的平均市场深度
2023-08-10 10:08:18.811 | INFO     | __main__:<module>:79 - 92276.58343428235
2023-08-10 10:38:51.581 | INFO     | __main__:<module>:69 - 任意时刻的candle数据
2023-08-10 10:38:51.581 | INFO     | __main__:<module>:70 - 前一次收盘、开盘、最高、最低、收盘
2023-08-10 10:38:51.583 | INFO     | __main__:<module>:71 - [None, 11.24, 11.24, 11.24, 11.24]
2023-08-10 10:38:51.583 | INFO     | __main__:<module>:72 - 任意时段的candle数据
2023-08-10 10:38:51.584 | INFO     | __main__:<module>:73 - [11.23, 11.24, 11.3, 11.23, 11.29]
2023-08-10 10:38:51.584 | INFO     | __main__:<module>:74 - 任意时刻的超级盘口，包含买卖十档、买卖十档交易量、买卖十档订单数、买卖十档累计新陈代谢
2023-08-10 10:38:51.585 | INFO     | __main__:<module>:75 - {'ask_price': [11.25, 11.26, 11.27, 11.28, 11.29, 11.3, 11.31, 11.32, 11.33, 11.34], 'ask_volume': [70400, 48300, 35348, 6700, 49600, 60300, 8600, 37700, 90700, 23800], 'bid_price': [11.23, 11.22, 11.21, 11.2, 11.19, 11.18, 11.17, 11.16, 11.15, 11.14], 'bid_volume': [71500, 11800, 35500, 115600, 17300, 90200, 13700, 51400, 58900, 9400], 'ask_order_num': [17, 10, 7, 5, 19, 12, 9, 13, 19, 13], 'bid_order_num': [30, 1, 1, 1, 2, 3, 10, 16, 14, 3], 'ask_order_stale': [0, 0, 0, 0, 0, 0, 0, 0, 0, 0], 'bid_order_stale': [0, 0, 0, 0, 0, 0, 0, 0, 0, 0]}
2023-08-10 10:38:51.585 | INFO     | __main__:<module>:76 - 任意时刻成交单VWAP、成交量、成交单数、被动方新陈代谢
2023-08-10 10:38:51.586 | INFO     | __main__:<module>:77 - {'order_num': 59, 'volume': 116200, 'price': 11.24, 'total_price': 1306088.0, 'passive_num': 30, 'passive_stale_total': 19363760}
2023-08-10 10:38:51.586 | INFO     | __main__:<module>:78 - 任意时间段成交单VWAP、成交量、成交单数、被动方新陈代谢
2023-08-10 10:38:51.587 | INFO     | __main__:<module>:79 - ({'order_num': 990, 'volume': 3585000, 'price': 11.268499774058578, 'total_price': 40397571.69, 'passive_num': 231, 'passive_stale_total': 75599300}, 327269.69696969696)
2023-08-10 10:38:51.587 | INFO     | __main__:<module>:80 - 任意时刻的平均市场深度
2023-08-10 10:38:51.587 | INFO     | __main__:<module>:81 - 52921.080610128956
2023-08-10 10:46:25.681 | INFO     | __main__:<module>:70 - 任意时刻的candle数据
2023-08-10 10:46:25.681 | INFO     | __main__:<module>:71 - 前一次收盘、开盘、最高、最低、收盘
2023-08-10 10:46:25.681 | INFO     | __main__:<module>:72 - [None, 11.24, 11.24, 11.24, 11.24]
2023-08-10 10:46:25.681 | INFO     | __main__:<module>:73 - 任意时段的candle数据
2023-08-10 10:46:25.682 | INFO     | __main__:<module>:74 - [11.23, 11.24, 11.3, 11.23, 11.29]
2023-08-10 10:46:25.682 | INFO     | __main__:<module>:75 - 任意时刻的超级盘口，包含买卖十档、买卖十档交易量、买卖十档订单数、买卖十档累计新陈代谢
2023-08-10 10:46:25.683 | INFO     | __main__:<module>:76 - {'ask_price': [11.25, 11.26, 11.27, 11.28, 11.29, 11.3, 11.31, 11.32, 11.33, 11.34], 'ask_volume': [70400, 48300, 35348, 6700, 49600, 60300, 8600, 37700, 90700, 23800], 'bid_price': [11.23, 11.22, 11.21, 11.2, 11.19, 11.18, 11.17, 11.16, 11.15, 11.14], 'bid_volume': [71500, 11800, 35500, 115600, 17300, 90200, 13700, 51400, 58900, 9400], 'ask_order_num': [17, 10, 7, 5, 19, 12, 9, 13, 19, 13], 'bid_order_num': [30, 1, 1, 1, 2, 3, 10, 16, 14, 3], 'ask_order_stale': [0, 0, 0, 0, 0, 0, 0, 0, 0, 0], 'bid_order_stale': [0, 0, 0, 0, 0, 0, 0, 0, 0, 0]}
2023-08-10 10:46:25.683 | INFO     | __main__:<module>:77 - 任意时刻成交单VWAP、成交量、成交单数、被动方新陈代谢
2023-08-10 10:46:25.684 | INFO     | __main__:<module>:78 - {'order_num': 59, 'volume': 116200, 'price': 11.24, 'total_price': 1306088.0, 'passive_num': 30, 'passive_stale_total': 19363760}
2023-08-10 10:46:25.684 | INFO     | __main__:<module>:79 - 任意时间段成交单VWAP、成交量、成交单数、被动方新陈代谢
2023-08-10 10:46:25.685 | INFO     | __main__:<module>:80 - ({'order_num': 990, 'volume': 3585000, 'price': 11.268499774058578, 'total_price': 40397571.69, 'passive_num': 231, 'passive_stale_total': 75599300}, 327269.69696969696)
2023-08-10 10:46:25.685 | INFO     | __main__:<module>:81 - 任意时刻的平均市场深度
2023-08-10 10:46:25.685 | INFO     | __main__:<module>:82 - 52921.080610128956
2023-08-10 10:47:06.927 | INFO     | __main__:<module>:70 - 任意时刻的candle数据
2023-08-10 10:47:06.928 | INFO     | __main__:<module>:71 - 前一次收盘、开盘、最高、最低、收盘
2023-08-10 10:47:06.928 | INFO     | __main__:<module>:72 - [None, 11.24, 11.24, 11.24, 11.24]
2023-08-10 10:47:06.928 | INFO     | __main__:<module>:73 - 任意时段的candle数据
2023-08-10 10:47:06.929 | INFO     | __main__:<module>:74 - [11.23, 11.24, 11.3, 11.23, 11.29]
2023-08-10 10:47:06.929 | INFO     | __main__:<module>:75 - 任意时刻的超级盘口，包含买卖十档、买卖十档交易量、买卖十档订单数、买卖十档累计新陈代谢
2023-08-10 10:47:06.930 | INFO     | __main__:<module>:76 - {'ask_price': [11.25, 11.26, 11.27, 11.28, 11.29, 11.3, 11.31, 11.32, 11.33, 11.34], 'ask_volume': [70400, 48300, 35348, 6700, 49600, 60300, 8600, 37700, 90700, 23800], 'bid_price': [11.23, 11.22, 11.21, 11.2, 11.19, 11.18, 11.17, 11.16, 11.15, 11.14], 'bid_volume': [71500, 11800, 35500, 115600, 17300, 90200, 13700, 51400, 58900, 9400], 'ask_order_num': [17, 10, 7, 5, 19, 12, 9, 13, 19, 13], 'bid_order_num': [30, 1, 1, 1, 2, 3, 10, 16, 14, 3], 'ask_order_stale': [0, 0, 0, 0, 0, 0, 0, 0, 0, 0], 'bid_order_stale': [0, 0, 0, 0, 0, 0, 0, 0, 0, 0]}
2023-08-10 10:47:06.930 | INFO     | __main__:<module>:77 - 任意时刻成交单VWAP、成交量、成交单数、被动方新陈代谢
2023-08-10 10:47:06.931 | INFO     | __main__:<module>:78 - {'order_num': 59, 'volume': 116200, 'price': 11.24, 'total_price': 1306088.0, 'passive_num': 30, 'passive_stale_total': 19363760}
2023-08-10 10:47:06.931 | INFO     | __main__:<module>:79 - 任意时间段成交单VWAP、成交量、成交单数、被动方新陈代谢
2023-08-10 10:47:06.932 | INFO     | __main__:<module>:80 - ({'order_num': 990, 'volume': 3585000, 'price': 11.268499774058578, 'total_price': 40397571.69, 'passive_num': 231, 'passive_stale_total': 75599300}, 327269.69696969696)
2023-08-10 10:47:06.932 | INFO     | __main__:<module>:81 - 任意时刻的平均市场深度
2023-08-10 10:47:06.932 | INFO     | __main__:<module>:82 - 52921.080610128956
2023-08-10 11:01:32.804 | INFO     | __main__:<module>:70 - 任意时刻的candle数据
2023-08-10 11:01:32.804 | INFO     | __main__:<module>:71 - 前一次收盘、开盘、最高、最低、收盘
2023-08-10 11:01:32.804 | INFO     | __main__:<module>:72 - [None, 11.24, 11.24, 11.24, 11.24]
2023-08-10 11:01:32.804 | INFO     | __main__:<module>:73 - 任意时段的candle数据
2023-08-10 11:01:32.805 | INFO     | __main__:<module>:74 - [11.23, 11.24, 11.3, 11.23, 11.29]
2023-08-10 11:01:32.805 | INFO     | __main__:<module>:75 - 任意时刻的超级盘口，包含买卖十档、买卖十档交易量、买卖十档订单数、买卖十档累计新陈代谢
2023-08-10 11:01:32.806 | INFO     | __main__:<module>:76 - {'ask_price': [11.25, 11.26, 11.27, 11.28, 11.29, 11.3, 11.31, 11.32, 11.33, 11.34], 'ask_volume': [70400, 48300, 35348, 6700, 49600, 60300, 8600, 37700, 90700, 23800], 'bid_price': [11.23, 11.22, 11.21, 11.2, 11.19, 11.18, 11.17, 11.16, 11.15, 11.14], 'bid_volume': [71500, 11800, 35500, 115600, 17300, 90200, 13700, 51400, 58900, 9400], 'ask_order_num': [17, 10, 7, 5, 19, 12, 9, 13, 19, 13], 'bid_order_num': [30, 1, 1, 1, 2, 3, 10, 16, 14, 3], 'ask_order_stale': [-1, -1, -1, -1, -1, -1, -1, -1, -1, -1], 'bid_order_stale': [-1, -1, -1, -1, -1, -1, -1, -1, -1, -1]}
2023-08-10 11:01:32.806 | INFO     | __main__:<module>:77 - 任意时刻成交单VWAP、成交量、成交单数、被动方新陈代谢
2023-08-10 11:01:32.807 | INFO     | __main__:<module>:78 - {'order_num': 59, 'volume': 116200, 'price': 11.24, 'total_price': 1306088.0, 'passive_num': 30, 'passive_stale_total': 19363760}
2023-08-10 11:01:32.807 | INFO     | __main__:<module>:79 - 任意时间段成交单VWAP、成交量、成交单数、被动方新陈代谢
2023-08-10 11:01:32.808 | INFO     | __main__:<module>:80 - ({'order_num': 990, 'volume': 3585000, 'price': 11.268499774058578, 'total_price': 40397571.69, 'passive_num': 231, 'passive_stale_total': 75599300}, 327269.69696969696)
2023-08-10 11:01:32.808 | INFO     | __main__:<module>:81 - 任意时刻的平均市场深度
2023-08-10 11:01:32.808 | INFO     | __main__:<module>:82 - 52921.080610128956
2023-08-10 11:07:07.868 | INFO     | __main__:<module>:70 - 任意时刻的candle数据
2023-08-10 11:07:07.868 | INFO     | __main__:<module>:71 - 前一次收盘、开盘、最高、最低、收盘
2023-08-10 11:07:07.868 | INFO     | __main__:<module>:72 - [None, 11.24, 11.24, 11.24, 11.24]
2023-08-10 11:07:07.868 | INFO     | __main__:<module>:73 - 任意时段的candle数据
2023-08-10 11:07:07.869 | INFO     | __main__:<module>:74 - [11.23, 11.24, 11.3, 11.23, 11.29]
2023-08-10 11:07:07.869 | INFO     | __main__:<module>:75 - 任意时刻的超级盘口，包含买卖十档、买卖十档交易量、买卖十档订单数、买卖十档累计新陈代谢
2023-08-10 11:07:07.870 | INFO     | __main__:<module>:76 - {'ask_price': [11.25, 11.26, 11.27, 11.28, 11.29, 11.3, 11.31, 11.32, 11.33, 11.34], 'ask_volume': [70400, 48300, 35348, 6700, 49600, 60300, 8600, 37700, 90700, 23800], 'bid_price': [11.23, 11.22, 11.21, 11.2, 11.19, 11.18, 11.17, 11.16, 11.15, 11.14], 'bid_volume': [71500, 11800, 35500, 115600, 17300, 90200, 13700, 51400, 58900, 9400], 'ask_order_num': [17, 10, 7, 5, 19, 12, 9, 13, 19, 13], 'bid_order_num': [30, 1, 1, 1, 2, 3, 10, 16, 14, 3], 'ask_order_stale': [-1, -1, -1, -1, -1, -1, -1, -1, -1, -1], 'bid_order_stale': [-1, -1, -1, -1, -1, -1, -1, -1, -1, -1]}
2023-08-10 11:07:07.870 | INFO     | __main__:<module>:77 - 任意时刻成交单VWAP、成交量、成交单数、被动方新陈代谢
2023-08-10 11:07:07.871 | INFO     | __main__:<module>:78 - {'order_num': 59, 'volume': 116200, 'price': 11.24, 'total_price': 1306088.0, 'passive_num': 30, 'passive_stale_total': 19363760}
2023-08-10 11:07:07.871 | INFO     | __main__:<module>:79 - 任意时间段成交单VWAP、成交量、成交单数、被动方新陈代谢
2023-08-10 11:07:07.872 | INFO     | __main__:<module>:80 - ({'order_num': 990, 'volume': 3585000, 'price': 11.268499774058578, 'total_price': 40397571.69, 'passive_num': 231, 'passive_stale_total': 75599300}, 327269.69696969696)
2023-08-10 11:07:07.872 | INFO     | __main__:<module>:81 - 任意时刻的平均市场深度
2023-08-10 11:07:07.872 | INFO     | __main__:<module>:82 - 52921.080610128956
2023-08-10 11:18:59.977 | INFO     | __main__:<module>:70 - 任意时刻的candle数据
2023-08-10 11:18:59.977 | INFO     | __main__:<module>:71 - 前一次收盘、开盘、最高、最低、收盘
2023-08-10 11:18:59.979 | INFO     | __main__:<module>:72 - [0, 11.24, 11.24, 11.24, 11.24]
2023-08-10 11:18:59.979 | INFO     | __main__:<module>:73 - 任意时段的candle数据
2023-08-10 11:18:59.979 | INFO     | __main__:<module>:74 - [11.23, 11.24, 11.3, 11.23, 11.29]
2023-08-10 11:18:59.979 | INFO     | __main__:<module>:75 - 任意时刻的超级盘口，包含买卖十档、买卖十档交易量、买卖十档订单数、买卖十档累计新陈代谢
2023-08-10 11:18:59.980 | INFO     | __main__:<module>:76 - {'ask_price': [11.25, 11.26, 11.27, 11.28, 11.29, 11.3, 11.31, 11.32, 11.33, 11.34], 'ask_volume': [70400, 48300, 35348, 6700, 49600, 60300, 8600, 37700, 90700, 23800], 'bid_price': [11.23, 11.22, 11.21, 11.2, 11.19, 11.18, 11.17, 11.16, 11.15, 11.14], 'bid_volume': [71500, 11800, 35500, 115600, 17300, 90200, 13700, 51400, 58900, 9400], 'ask_order_num': [17, 10, 7, 5, 19, 12, 9, 13, 19, 13], 'bid_order_num': [30, 1, 1, 1, 2, 3, 10, 16, 14, 3], 'ask_order_stale': [-1, -1, -1, -1, -1, -1, -1, -1, -1, -1], 'bid_order_stale': [-1, -1, -1, -1, -1, -1, -1, -1, -1, -1]}
2023-08-10 11:18:59.980 | INFO     | __main__:<module>:77 - 任意时刻成交单VWAP、成交量、成交单数、被动方新陈代谢
2023-08-10 11:18:59.981 | INFO     | __main__:<module>:78 - {'order_num': 59, 'volume': 116200, 'price': 11.24, 'total_price': 1306088.0, 'passive_num': 30, 'passive_stale_total': 19363760}
2023-08-10 11:18:59.981 | INFO     | __main__:<module>:79 - 任意时间段成交单VWAP、成交量、成交单数、被动方新陈代谢
2023-08-10 11:18:59.982 | INFO     | __main__:<module>:80 - ({'order_num': 990, 'volume': 3585000, 'price': 11.268499774058578, 'total_price': 40397571.69, 'passive_num': 231, 'passive_stale_total': 75599300}, 327269.69696969696)
2023-08-10 11:18:59.982 | INFO     | __main__:<module>:81 - 任意时刻的平均市场深度
2023-08-10 11:18:59.983 | INFO     | __main__:<module>:82 - 48177.688784451166
2023-08-10 12:35:55.428 | INFO     | __main__:<module>:92 - 任意时刻的candle数据
2023-08-10 12:35:55.428 | INFO     | __main__:<module>:93 - 前一次收盘、开盘、最高、最低、收盘
2023-08-10 12:35:55.429 | INFO     | __main__:<module>:94 - [0, 11.24, 11.24, 11.24, 11.24]
2023-08-10 12:35:55.430 | INFO     | __main__:<module>:95 - 任意时段的candle数据
2023-08-10 12:35:55.431 | INFO     | __main__:<module>:96 - [11.23, 11.24, 11.3, 11.23, 11.29]
2023-08-10 12:35:55.431 | INFO     | __main__:<module>:97 - 任意时刻的超级盘口，包含买卖十档、买卖十档交易量、买卖十档订单数、买卖十档累计新陈代谢
2023-08-10 12:35:55.432 | INFO     | __main__:<module>:98 - dict_values([[11.25, 11.26, 11.27, 11.28, 11.29, 11.3, 11.31, 11.32, 11.33, 11.34], [70400, 48300, 35348, 6700, 49600, 60300, 8600, 37700, 90700, 23800], [11.23, 11.22, 11.21, 11.2, 11.19, 11.18, 11.17, 11.16, 11.15, 11.14], [71500, 11800, 35500, 115600, 17300, 90200, 13700, 51400, 58900, 9400], [17, 10, 7, 5, 19, 12, 9, 13, 19, 13], [30, 1, 1, 1, 2, 3, 10, 16, 14, 3], [-1, -1, -1, -1, -1, -1, -1, -1, -1, -1], [-1, -1, -1, -1, -1, -1, -1, -1, -1, -1]])
2023-08-10 12:35:55.433 | INFO     | __main__:<module>:99 - 任意时刻成交单VWAP、成交量、成交单数、被动方新陈代谢
2023-08-10 12:35:55.433 | INFO     | __main__:<module>:100 - {'order_num': 59, 'volume': 116200, 'price': 11.24, 'total_price': 1306088.0, 'passive_num': 30, 'passive_stale_total': 19363760}
2023-08-10 12:35:55.434 | INFO     | __main__:<module>:101 - 任意时间段成交单VWAP、成交量、成交单数、被动方新陈代谢
2023-08-10 12:35:55.435 | INFO     | __main__:<module>:102 - ({'order_num': 990, 'volume': 3585000, 'price': 11.268499774058578, 'total_price': 40397571.69, 'passive_num': 231, 'passive_stale_total': 75599300}, 327269.69696969696)
2023-08-10 12:35:55.435 | INFO     | __main__:<module>:103 - 任意时刻的平均市场深度
2023-08-10 12:35:55.435 | INFO     | __main__:<module>:104 - 48177.688784451166
2023-08-10 12:36:17.868 | INFO     | __main__:<module>:92 - 任意时刻的candle数据
2023-08-10 12:36:17.868 | INFO     | __main__:<module>:93 - 前一次收盘、开盘、最高、最低、收盘
2023-08-10 12:36:17.869 | INFO     | __main__:<module>:94 - [0, 11.24, 11.24, 11.24, 11.24]
2023-08-10 12:36:17.869 | INFO     | __main__:<module>:95 - 任意时段的candle数据
2023-08-10 12:36:17.869 | INFO     | __main__:<module>:96 - [11.23, 11.24, 11.3, 11.23, 11.29]
2023-08-10 12:36:17.870 | INFO     | __main__:<module>:97 - 任意时刻的超级盘口，包含买卖十档、买卖十档交易量、买卖十档订单数、买卖十档累计新陈代谢
2023-08-10 12:36:17.870 | INFO     | __main__:<module>:98 - {'ask_price': [11.25, 11.26, 11.27, 11.28, 11.29, 11.3, 11.31, 11.32, 11.33, 11.34], 'ask_volume': [70400, 48300, 35348, 6700, 49600, 60300, 8600, 37700, 90700, 23800], 'bid_price': [11.23, 11.22, 11.21, 11.2, 11.19, 11.18, 11.17, 11.16, 11.15, 11.14], 'bid_volume': [71500, 11800, 35500, 115600, 17300, 90200, 13700, 51400, 58900, 9400], 'ask_order_num': [17, 10, 7, 5, 19, 12, 9, 13, 19, 13], 'bid_order_num': [30, 1, 1, 1, 2, 3, 10, 16, 14, 3], 'ask_order_stale': [-1, -1, -1, -1, -1, -1, -1, -1, -1, -1], 'bid_order_stale': [-1, -1, -1, -1, -1, -1, -1, -1, -1, -1]}
2023-08-10 12:36:17.871 | INFO     | __main__:<module>:99 - 任意时刻成交单VWAP、成交量、成交单数、被动方新陈代谢
2023-08-10 12:36:17.871 | INFO     | __main__:<module>:100 - {'order_num': 59, 'volume': 116200, 'price': 11.24, 'total_price': 1306088.0, 'passive_num': 30, 'passive_stale_total': 19363760}
2023-08-10 12:36:17.871 | INFO     | __main__:<module>:101 - 任意时间段成交单VWAP、成交量、成交单数、被动方新陈代谢
2023-08-10 12:36:17.872 | INFO     | __main__:<module>:102 - ({'order_num': 990, 'volume': 3585000, 'price': 11.268499774058578, 'total_price': 40397571.69, 'passive_num': 231, 'passive_stale_total': 75599300}, 327269.69696969696)
2023-08-10 12:36:17.872 | INFO     | __main__:<module>:103 - 任意时刻的平均市场深度
2023-08-10 12:36:17.873 | INFO     | __main__:<module>:104 - 48177.688784451166
2023-08-10 13:46:40.940 | INFO     | __main__:<module>:140 - 任意时刻的candle数据
2023-08-10 13:46:40.941 | INFO     | __main__:<module>:141 - 前一次收盘、开盘、最高、最低、收盘
2023-08-10 13:46:40.942 | INFO     | __main__:<module>:142 - [0, 11.24, 11.24, 11.24, 11.24]
2023-08-10 13:46:40.942 | INFO     | __main__:<module>:143 - 任意时段的candle数据
2023-08-10 13:46:40.943 | INFO     | __main__:<module>:144 - [11.23, 11.24, 11.3, 11.23, 11.29]
2023-08-10 13:46:40.943 | INFO     | __main__:<module>:145 - 任意时刻的超级盘口，包含买卖十档、买卖十档交易量、买卖十档订单数、买卖十档累计新陈代谢
2023-08-10 13:46:40.944 | INFO     | __main__:<module>:146 - {'ask_price': [11.25, 11.26, 11.27, 11.28, 11.29, 11.3, 11.31, 11.32, 11.33, 11.34], 'ask_volume': [70400, 48300, 35348, 6700, 49600, 60300, 8600, 37700, 90700, 23800], 'bid_price': [11.23, 11.22, 11.21, 11.2, 11.19, 11.18, 11.17, 11.16, 11.15, 11.14], 'bid_volume': [71500, 11800, 35500, 115600, 17300, 90200, 13700, 51400, 58900, 9400], 'ask_order_num': [17, 10, 7, 5, 19, 12, 9, 13, 19, 13], 'bid_order_num': [30, 1, 1, 1, 2, 3, 10, 16, 14, 3], 'ask_order_stale': [-1, -1, -1, -1, -1, -1, -1, -1, -1, -1], 'bid_order_stale': [-1, -1, -1, -1, -1, -1, -1, -1, -1, -1]}
2023-08-10 13:46:40.944 | INFO     | __main__:<module>:147 - 任意时刻成交单VWAP、成交量、成交单数、被动方新陈代谢
2023-08-10 13:46:40.945 | INFO     | __main__:<module>:148 - {'order_num': 59, 'volume': 116200, 'price': 11.24, 'total_price': 1306088.0, 'passive_num': 30, 'passive_stale_total': 19363760}
2023-08-10 13:46:40.945 | INFO     | __main__:<module>:149 - 任意时间段成交单VWAP、成交量、成交单数、被动方新陈代谢
2023-08-10 13:46:40.946 | INFO     | __main__:<module>:150 - ({'order_num': 990, 'volume': 3585000, 'price': 11.268499774058578, 'total_price': 40397571.69, 'passive_num': 231, 'passive_stale_total': 75599300}, 327269.69696969696)
2023-08-10 13:46:40.946 | INFO     | __main__:<module>:151 - 任意时刻的平均市场深度
2023-08-10 13:46:40.947 | INFO     | __main__:<module>:152 - 57822.88997650029
2023-08-10 13:52:57.142 | INFO     | __main__:<module>:155 - 任意时刻的candle数据
2023-08-10 13:52:57.142 | INFO     | __main__:<module>:156 - 前一次收盘、开盘、最高、最低、收盘
2023-08-10 13:52:57.142 | INFO     | __main__:<module>:157 - [0, 11.24, 11.24, 11.24, 11.24]
2023-08-10 13:52:57.142 | INFO     | __main__:<module>:158 - 任意时段的candle数据
2023-08-10 13:52:57.143 | INFO     | __main__:<module>:159 - [11.23, 11.24, 11.3, 11.23, 11.29]
2023-08-10 13:52:57.143 | INFO     | __main__:<module>:160 - 任意时刻的超级盘口，包含买卖十档、买卖十档交易量、买卖十档订单数、买卖十档累计新陈代谢
2023-08-10 13:52:57.144 | INFO     | __main__:<module>:161 - {'ask_price': [11.25, 11.26, 11.27, 11.28, 11.29, 11.3, 11.31, 11.32, 11.33, 11.34], 'ask_volume': [70400, 48300, 35348, 6700, 49600, 60300, 8600, 37700, 90700, 23800], 'bid_price': [11.23, 11.22, 11.21, 11.2, 11.19, 11.18, 11.17, 11.16, 11.15, 11.14], 'bid_volume': [71500, 11800, 35500, 115600, 17300, 90200, 13700, 51400, 58900, 9400], 'ask_order_num': [17, 10, 7, 5, 19, 12, 9, 13, 19, 13], 'bid_order_num': [30, 1, 1, 1, 2, 3, 10, 16, 14, 3], 'ask_order_stale': [-1, -1, -1, -1, -1, -1, -1, -1, -1, -1], 'bid_order_stale': [-1, -1, -1, -1, -1, -1, -1, -1, -1, -1]}
2023-08-10 13:52:57.144 | INFO     | __main__:<module>:162 - 任意时刻成交单VWAP、成交量、成交单数、被动方新陈代谢
2023-08-10 13:52:57.145 | INFO     | __main__:<module>:163 - {'order_num': 59, 'volume': 116200, 'price': 11.24, 'total_price': 1306088.0, 'passive_num': 30, 'passive_stale_total': 19363760}
2023-08-10 13:52:57.145 | INFO     | __main__:<module>:164 - 任意时间段成交单VWAP、成交量、成交单数、被动方新陈代谢
2023-08-10 13:52:57.146 | INFO     | __main__:<module>:165 - ({'order_num': 990, 'volume': 3585000, 'price': 11.268499774058578, 'total_price': 40397571.69, 'passive_num': 231, 'passive_stale_total': 75599300}, 327269.69696969696)
2023-08-10 13:52:57.146 | INFO     | __main__:<module>:166 - 任意时刻的平均市场深度
2023-08-10 13:52:57.146 | INFO     | __main__:<module>:167 - 57822.88997650029
2023-08-10 14:04:17.704 | INFO     | __main__:<module>:175 - 任意时刻的candle数据
2023-08-10 14:04:17.705 | INFO     | __main__:<module>:176 - 前一次收盘、开盘、最高、最低、收盘
2023-08-10 14:04:17.705 | INFO     | __main__:<module>:177 - [0, 11.24, 11.24, 11.24, 11.24]
2023-08-10 14:04:17.705 | INFO     | __main__:<module>:178 - 任意时段的candle数据
2023-08-10 14:04:17.706 | INFO     | __main__:<module>:179 - [11.23, 11.24, 11.3, 11.23, 11.29]
2023-08-10 14:04:17.706 | INFO     | __main__:<module>:180 - 任意时刻的超级盘口，包含买卖十档、买卖十档交易量、买卖十档订单数、买卖十档累计新陈代谢
2023-08-10 14:04:17.707 | INFO     | __main__:<module>:181 - {'ask_price': [11.25, 11.26, 11.27, 11.28, 11.29, 11.3, 11.31, 11.32, 11.33, 11.34], 'ask_volume': [70400, 48300, 35348, 6700, 49600, 60300, 8600, 37700, 90700, 23800], 'bid_price': [11.23, 11.22, 11.21, 11.2, 11.19, 11.18, 11.17, 11.16, 11.15, 11.14], 'bid_volume': [71500, 11800, 35500, 115600, 17300, 90200, 13700, 51400, 58900, 9400], 'ask_order_num': [17, 10, 7, 5, 19, 12, 9, 13, 19, 13], 'bid_order_num': [30, 1, 1, 1, 2, 3, 10, 16, 14, 3], 'ask_order_stale': [-1, -1, -1, -1, -1, -1, -1, -1, -1, -1], 'bid_order_stale': [-1, -1, -1, -1, -1, -1, -1, -1, -1, -1]}
2023-08-10 14:04:17.708 | INFO     | __main__:<module>:182 - 任意时刻成交单VWAP、成交量、成交单数、被动方新陈代谢
2023-08-10 14:04:17.709 | INFO     | __main__:<module>:183 - {'order_num': 59, 'volume': 116200, 'price': 11.24, 'total_price': 1306088.0, 'passive_num': 30, 'passive_stale_total': 19363760}
2023-08-10 14:04:17.710 | INFO     | __main__:<module>:184 - 任意时间段成交单VWAP、成交量、成交单数、被动方新陈代谢
2023-08-10 14:04:17.711 | INFO     | __main__:<module>:185 - ({'order_num': 990, 'volume': 3585000, 'price': 11.268499774058578, 'total_price': 40397571.69, 'passive_num': 231, 'passive_stale_total': 75599300}, 327269.69696969696)
2023-08-10 14:04:17.711 | INFO     | __main__:<module>:186 - 任意时刻的平均市场深度
2023-08-10 14:04:17.712 | INFO     | __main__:<module>:187 - 57822.88997650029
2023-08-10 14:13:21.722 | INFO     | __main__:<module>:189 - 任意时刻的candle数据
2023-08-10 14:13:21.723 | INFO     | __main__:<module>:190 - 前一次收盘、开盘、最高、最低、收盘
2023-08-10 14:13:21.725 | INFO     | __main__:<module>:191 - [0, 11.24, 11.24, 11.24, 11.24]
2023-08-10 14:14:44.025 | INFO     | __main__:<module>:190 - 任意时刻的candle数据
2023-08-10 14:14:44.026 | INFO     | __main__:<module>:191 - 前一次收盘、开盘、最高、最低、收盘
2023-08-10 14:14:44.026 | INFO     | __main__:<module>:192 - [0, 11.24, 11.24, 11.24, 11.24]
2023-08-10 14:14:44.027 | INFO     | __main__:<module>:196 - 任意时段的candle数据
2023-08-10 14:14:44.028 | INFO     | __main__:<module>:197 - [11.23, 11.24, 11.3, 11.23, 11.29]
2023-08-10 14:14:44.028 | INFO     | __main__:<module>:198 - 任意时刻的超级盘口，包含买卖十档、买卖十档交易量、买卖十档订单数、买卖十档累计新陈代谢
2023-08-10 14:14:44.029 | INFO     | __main__:<module>:199 - {'ask_price': [11.25, 11.26, 11.27, 11.28, 11.29, 11.3, 11.31, 11.32, 11.33, 11.34], 'ask_volume': [70400, 48300, 35348, 6700, 49600, 60300, 8600, 37700, 90700, 23800], 'bid_price': [11.23, 11.22, 11.21, 11.2, 11.19, 11.18, 11.17, 11.16, 11.15, 11.14], 'bid_volume': [71500, 11800, 35500, 115600, 17300, 90200, 13700, 51400, 58900, 9400], 'ask_order_num': [17, 10, 7, 5, 19, 12, 9, 13, 19, 13], 'bid_order_num': [30, 1, 1, 1, 2, 3, 10, 16, 14, 3], 'ask_order_stale': [-1, -1, -1, -1, -1, -1, -1, -1, -1, -1], 'bid_order_stale': [-1, -1, -1, -1, -1, -1, -1, -1, -1, -1]}
2023-08-10 14:14:44.029 | INFO     | __main__:<module>:200 - 任意时刻成交单VWAP、成交量、成交单数、被动方新陈代谢
2023-08-10 14:14:44.030 | INFO     | __main__:<module>:201 - {'order_num': 59, 'volume': 116200, 'price': 11.24, 'total_price': 1306088.0, 'passive_num': 30, 'passive_stale_total': 19363760}
2023-08-10 14:14:44.030 | INFO     | __main__:<module>:202 - 任意时间段成交单VWAP、成交量、成交单数、被动方新陈代谢
2023-08-10 14:14:44.031 | INFO     | __main__:<module>:203 - ({'order_num': 990, 'volume': 3585000, 'price': 11.268499774058578, 'total_price': 40397571.69, 'passive_num': 231, 'passive_stale_total': 75599300}, 327269.69696969696)
2023-08-10 14:14:44.031 | INFO     | __main__:<module>:204 - 任意时刻的平均市场深度
2023-08-10 14:14:44.032 | INFO     | __main__:<module>:205 - 57822.88997650029
2023-08-10 16:11:46.815 | INFO     | __main__:collect_data_by_timestamp:89 - WRITING DATA: 20230703092995005-20230703093000005
2023-08-10 16:12:26.940 | INFO     | __main__:collect_data_by_timestamp:89 - WRITING DATA: 20230703093000000-20230703093005000
2023-08-10 16:12:26.943 | INFO     | __main__:collect_data_by_timestamp:89 - WRITING DATA: 20230703093005000-20230703093010000
2023-08-10 16:12:26.945 | INFO     | __main__:collect_data_by_timestamp:89 - WRITING DATA: 20230703093010000-20230703093015000
2023-08-10 16:12:26.947 | INFO     | __main__:collect_data_by_timestamp:89 - WRITING DATA: 20230703093015000-20230703093020000
2023-08-10 16:12:26.948 | INFO     | __main__:collect_data_by_timestamp:89 - WRITING DATA: 20230703093020000-20230703093025000
2023-08-10 16:12:26.950 | INFO     | __main__:collect_data_by_timestamp:89 - WRITING DATA: 20230703093025000-20230703093030000
2023-08-10 16:12:26.952 | INFO     | __main__:collect_data_by_timestamp:89 - WRITING DATA: 20230703093030000-20230703093035000
2023-08-10 16:12:26.954 | INFO     | __main__:collect_data_by_timestamp:89 - WRITING DATA: 20230703093035000-20230703093040000
2023-08-10 16:12:26.956 | INFO     | __main__:collect_data_by_timestamp:89 - WRITING DATA: 20230703093040000-20230703093045000
2023-08-10 16:12:26.957 | INFO     | __main__:collect_data_by_timestamp:89 - WRITING DATA: 20230703093045000-20230703093050000
2023-08-10 16:12:26.959 | INFO     | __main__:collect_data_by_timestamp:89 - WRITING DATA: 20230703093050000-20230703093055000
2023-08-10 16:12:26.961 | INFO     | __main__:collect_data_by_timestamp:89 - WRITING DATA: 20230703093095000-20230703093100000
2023-08-10 16:29:54.536 | INFO     | __main__:collect_data_by_timestamp:89 - WRITING DATA: 20230703093000000-20230703093005000
2023-08-10 16:29:54.541 | INFO     | __main__:collect_data_by_timestamp:89 - WRITING DATA: 20230703093005000-20230703093010000
2023-08-10 16:29:54.542 | INFO     | __main__:collect_data_by_timestamp:89 - WRITING DATA: 20230703093010000-20230703093015000
2023-08-10 16:29:54.544 | INFO     | __main__:collect_data_by_timestamp:89 - WRITING DATA: 20230703093015000-20230703093020000
2023-08-10 16:29:54.546 | INFO     | __main__:collect_data_by_timestamp:89 - WRITING DATA: 20230703093020000-20230703093025000
2023-08-10 16:29:54.548 | INFO     | __main__:collect_data_by_timestamp:89 - WRITING DATA: 20230703093025000-20230703093030000
2023-08-10 16:29:54.550 | INFO     | __main__:collect_data_by_timestamp:89 - WRITING DATA: 20230703093030000-20230703093035000
2023-08-10 16:29:54.552 | INFO     | __main__:collect_data_by_timestamp:89 - WRITING DATA: 20230703093035000-20230703093040000
2023-08-10 16:29:54.553 | INFO     | __main__:collect_data_by_timestamp:89 - WRITING DATA: 20230703093040000-20230703093045000
2023-08-10 16:29:54.555 | INFO     | __main__:collect_data_by_timestamp:89 - WRITING DATA: 20230703093045000-20230703093050000
2023-08-10 16:29:54.556 | INFO     | __main__:collect_data_by_timestamp:89 - WRITING DATA: 20230703093050000-20230703093055000
2023-08-10 16:29:54.558 | INFO     | __main__:collect_data_by_timestamp:89 - WRITING DATA: 20230703093095000-20230703093100000
2023-08-10 16:30:26.619 | INFO     | __main__:collect_data_order_book:118 - TIME UPDATE 2023-07-03 09:30:05
2023-08-10 16:30:26.620 | INFO     | __main__:collect_data_by_timestamp:89 - WRITING DATA: 20230703093000000-20230703093005000
2023-08-10 16:30:26.622 | INFO     | __main__:collect_data_order_book:118 - TIME UPDATE 2023-07-03 09:30:10
2023-08-10 16:30:26.622 | INFO     | __main__:collect_data_by_timestamp:89 - WRITING DATA: 20230703093005000-20230703093010000
2023-08-10 16:30:26.624 | INFO     | __main__:collect_data_order_book:118 - TIME UPDATE 2023-07-03 09:30:15
2023-08-10 16:30:26.624 | INFO     | __main__:collect_data_by_timestamp:89 - WRITING DATA: 20230703093010000-20230703093015000
2023-08-10 16:30:26.626 | INFO     | __main__:collect_data_order_book:118 - TIME UPDATE 2023-07-03 09:30:20
2023-08-10 16:30:26.626 | INFO     | __main__:collect_data_by_timestamp:89 - WRITING DATA: 20230703093015000-20230703093020000
2023-08-10 16:30:26.627 | INFO     | __main__:collect_data_order_book:118 - TIME UPDATE 2023-07-03 09:30:25
2023-08-10 16:30:26.627 | INFO     | __main__:collect_data_by_timestamp:89 - WRITING DATA: 20230703093020000-20230703093025000
2023-08-10 16:30:26.629 | INFO     | __main__:collect_data_order_book:118 - TIME UPDATE 2023-07-03 09:30:30
2023-08-10 16:30:26.629 | INFO     | __main__:collect_data_by_timestamp:89 - WRITING DATA: 20230703093025000-20230703093030000
2023-08-10 16:30:26.631 | INFO     | __main__:collect_data_order_book:118 - TIME UPDATE 2023-07-03 09:30:35
2023-08-10 16:30:26.631 | INFO     | __main__:collect_data_by_timestamp:89 - WRITING DATA: 20230703093030000-20230703093035000
2023-08-10 16:30:26.632 | INFO     | __main__:collect_data_order_book:118 - TIME UPDATE 2023-07-03 09:30:40
2023-08-10 16:30:26.633 | INFO     | __main__:collect_data_by_timestamp:89 - WRITING DATA: 20230703093035000-20230703093040000
2023-08-10 16:30:26.634 | INFO     | __main__:collect_data_order_book:118 - TIME UPDATE 2023-07-03 09:30:45
2023-08-10 16:30:26.634 | INFO     | __main__:collect_data_by_timestamp:89 - WRITING DATA: 20230703093040000-20230703093045000
2023-08-10 16:30:26.637 | INFO     | __main__:collect_data_order_book:118 - TIME UPDATE 2023-07-03 09:30:50
2023-08-10 16:30:26.637 | INFO     | __main__:collect_data_by_timestamp:89 - WRITING DATA: 20230703093045000-20230703093050000
2023-08-10 16:30:26.638 | INFO     | __main__:collect_data_order_book:118 - TIME UPDATE 2023-07-03 09:30:55
2023-08-10 16:30:26.639 | INFO     | __main__:collect_data_by_timestamp:89 - WRITING DATA: 20230703093050000-20230703093055000
2023-08-10 16:30:26.640 | INFO     | __main__:collect_data_order_book:118 - TIME UPDATE 2023-07-03 09:31:00
2023-08-10 16:30:26.640 | INFO     | __main__:collect_data_by_timestamp:89 - WRITING DATA: 20230703093095000-20230703093100000
2023-08-10 16:32:50.782 | INFO     | __main__:collect_data_by_timestamp:88 - WRITING DATA: 20230703093000000-20230703093005000
2023-08-10 16:32:50.785 | INFO     | __main__:collect_data_by_timestamp:88 - WRITING DATA: 20230703093005000-20230703093010000
2023-08-10 16:32:50.787 | INFO     | __main__:collect_data_by_timestamp:88 - WRITING DATA: 20230703093010000-20230703093015000
2023-08-10 16:32:50.789 | INFO     | __main__:collect_data_by_timestamp:88 - WRITING DATA: 20230703093015000-20230703093020000
2023-08-10 16:32:50.791 | INFO     | __main__:collect_data_by_timestamp:88 - WRITING DATA: 20230703093020000-20230703093025000
2023-08-10 16:32:50.793 | INFO     | __main__:collect_data_by_timestamp:88 - WRITING DATA: 20230703093025000-20230703093030000
2023-08-10 16:32:50.795 | INFO     | __main__:collect_data_by_timestamp:88 - WRITING DATA: 20230703093030000-20230703093035000
2023-08-10 16:32:50.796 | INFO     | __main__:collect_data_by_timestamp:88 - WRITING DATA: 20230703093035000-20230703093040000
2023-08-10 16:32:50.797 | INFO     | __main__:collect_data_by_timestamp:88 - WRITING DATA: 20230703093040000-20230703093045000
2023-08-10 16:32:50.799 | INFO     | __main__:collect_data_by_timestamp:88 - WRITING DATA: 20230703093045000-20230703093050000
2023-08-10 16:32:50.801 | INFO     | __main__:collect_data_by_timestamp:88 - WRITING DATA: 20230703093050000-20230703093055000
2023-08-10 16:32:50.803 | INFO     | __main__:collect_data_by_timestamp:88 - WRITING DATA: 20230703093055000-20230703093100000
2023-08-10 16:32:50.804 | INFO     | __main__:collect_data_by_timestamp:88 - WRITING DATA: 20230703093100000-20230703093105000
2023-08-10 16:32:50.805 | INFO     | __main__:collect_data_by_timestamp:88 - WRITING DATA: 20230703093105000-20230703093110000
2023-08-10 16:32:50.808 | INFO     | __main__:collect_data_by_timestamp:88 - WRITING DATA: 20230703093110000-20230703093115000
2023-08-10 16:32:50.810 | INFO     | __main__:collect_data_by_timestamp:88 - WRITING DATA: 20230703093115000-20230703093120000
2023-08-10 16:32:50.812 | INFO     | __main__:collect_data_by_timestamp:88 - WRITING DATA: 20230703093120000-20230703093125000
2023-08-10 16:32:50.813 | INFO     | __main__:collect_data_by_timestamp:88 - WRITING DATA: 20230703093125000-20230703093130000
2023-08-10 16:32:50.815 | INFO     | __main__:collect_data_by_timestamp:88 - WRITING DATA: 20230703093130000-20230703093135000
2023-08-10 16:32:50.817 | INFO     | __main__:collect_data_by_timestamp:88 - WRITING DATA: 20230703093135000-20230703093140000
2023-08-10 16:32:50.818 | INFO     | __main__:collect_data_by_timestamp:88 - WRITING DATA: 20230703093140000-20230703093145000
2023-08-10 16:32:50.820 | INFO     | __main__:collect_data_by_timestamp:88 - WRITING DATA: 20230703093145000-20230703093150000
2023-08-10 16:32:50.821 | INFO     | __main__:collect_data_by_timestamp:88 - WRITING DATA: 20230703093150000-20230703093155000
2023-08-10 16:32:50.823 | INFO     | __main__:collect_data_by_timestamp:88 - WRITING DATA: 20230703093155000-20230703093200000
2023-08-10 16:32:50.825 | INFO     | __main__:collect_data_by_timestamp:88 - WRITING DATA: 20230703093200000-20230703093205000
2023-08-10 16:32:50.827 | INFO     | __main__:collect_data_by_timestamp:88 - WRITING DATA: 20230703093205000-20230703093210000
2023-08-10 16:32:50.829 | INFO     | __main__:collect_data_by_timestamp:88 - WRITING DATA: 20230703093210000-20230703093215000
2023-08-10 16:32:50.831 | INFO     | __main__:collect_data_by_timestamp:88 - WRITING DATA: 20230703093215000-20230703093220000
2023-08-10 16:32:50.832 | INFO     | __main__:collect_data_by_timestamp:88 - WRITING DATA: 20230703093220000-20230703093225000
2023-08-10 16:32:50.834 | INFO     | __main__:collect_data_by_timestamp:88 - WRITING DATA: 20230703093225000-20230703093230000
2023-08-10 16:32:50.836 | INFO     | __main__:collect_data_by_timestamp:88 - WRITING DATA: 20230703093230000-20230703093235000
2023-08-10 16:32:50.837 | INFO     | __main__:collect_data_by_timestamp:88 - WRITING DATA: 20230703093235000-20230703093240000
2023-08-10 16:32:50.838 | INFO     | __main__:collect_data_by_timestamp:88 - WRITING DATA: 20230703093240000-20230703093245000
2023-08-10 16:32:50.840 | INFO     | __main__:collect_data_by_timestamp:88 - WRITING DATA: 20230703093245000-20230703093250000
2023-08-10 16:32:50.842 | INFO     | __main__:collect_data_by_timestamp:88 - WRITING DATA: 20230703093250000-20230703093255000
2023-08-10 16:32:50.844 | INFO     | __main__:collect_data_by_timestamp:88 - WRITING DATA: 20230703093255000-20230703093300000
2023-08-10 16:32:50.845 | INFO     | __main__:collect_data_by_timestamp:88 - WRITING DATA: 20230703093300000-20230703093305000
2023-08-10 16:32:50.848 | INFO     | __main__:collect_data_by_timestamp:88 - WRITING DATA: 20230703093305000-20230703093310000
2023-08-10 16:32:50.849 | INFO     | __main__:collect_data_by_timestamp:88 - WRITING DATA: 20230703093310000-20230703093315000
2023-08-10 16:32:50.851 | INFO     | __main__:collect_data_by_timestamp:88 - WRITING DATA: 20230703093315000-20230703093320000
2023-08-10 16:32:50.852 | INFO     | __main__:collect_data_by_timestamp:88 - WRITING DATA: 20230703093320000-20230703093325000
2023-08-10 16:32:50.854 | INFO     | __main__:collect_data_by_timestamp:88 - WRITING DATA: 20230703093325000-20230703093330000
2023-08-10 16:32:50.856 | INFO     | __main__:collect_data_by_timestamp:88 - WRITING DATA: 20230703093330000-20230703093335000
2023-08-10 16:32:50.857 | INFO     | __main__:collect_data_by_timestamp:88 - WRITING DATA: 20230703093335000-20230703093340000
2023-08-10 16:32:50.859 | INFO     | __main__:collect_data_by_timestamp:88 - WRITING DATA: 20230703093340000-20230703093345000
2023-08-10 16:32:50.860 | INFO     | __main__:collect_data_by_timestamp:88 - WRITING DATA: 20230703093345000-20230703093350000
2023-08-10 16:32:50.862 | INFO     | __main__:collect_data_by_timestamp:88 - WRITING DATA: 20230703093350000-20230703093355000
2023-08-10 16:32:50.864 | INFO     | __main__:collect_data_by_timestamp:88 - WRITING DATA: 20230703093355000-20230703093400000
2023-08-10 16:32:50.865 | INFO     | __main__:collect_data_by_timestamp:88 - WRITING DATA: 20230703093400000-20230703093405000
2023-08-10 16:32:50.868 | INFO     | __main__:collect_data_by_timestamp:88 - WRITING DATA: 20230703093405000-20230703093410000
2023-08-10 16:32:50.869 | INFO     | __main__:collect_data_by_timestamp:88 - WRITING DATA: 20230703093410000-20230703093415000
2023-08-10 16:32:50.871 | INFO     | __main__:collect_data_by_timestamp:88 - WRITING DATA: 20230703093415000-20230703093420000
2023-08-10 16:32:50.873 | INFO     | __main__:collect_data_by_timestamp:88 - WRITING DATA: 20230703093420000-20230703093425000
2023-08-10 16:32:50.875 | INFO     | __main__:collect_data_by_timestamp:88 - WRITING DATA: 20230703093425000-20230703093430000
2023-08-10 16:32:50.876 | INFO     | __main__:collect_data_by_timestamp:88 - WRITING DATA: 20230703093430000-20230703093435000
2023-08-10 16:32:50.878 | INFO     | __main__:collect_data_by_timestamp:88 - WRITING DATA: 20230703093435000-20230703093440000
2023-08-10 16:32:50.879 | INFO     | __main__:collect_data_by_timestamp:88 - WRITING DATA: 20230703093440000-20230703093445000
2023-08-10 16:32:50.882 | INFO     | __main__:collect_data_by_timestamp:88 - WRITING DATA: 20230703093445000-20230703093450000
2023-08-10 16:32:50.883 | INFO     | __main__:collect_data_by_timestamp:88 - WRITING DATA: 20230703093450000-20230703093455000
2023-08-10 16:32:50.885 | INFO     | __main__:collect_data_by_timestamp:88 - WRITING DATA: 20230703093455000-20230703093500000
2023-08-10 16:32:50.886 | INFO     | __main__:collect_data_by_timestamp:88 - WRITING DATA: 20230703093500000-20230703093505000
2023-08-10 16:32:50.888 | INFO     | __main__:collect_data_by_timestamp:88 - WRITING DATA: 20230703093505000-20230703093510000
2023-08-10 16:32:50.890 | INFO     | __main__:collect_data_by_timestamp:88 - WRITING DATA: 20230703093510000-20230703093515000
2023-08-10 16:32:50.891 | INFO     | __main__:collect_data_by_timestamp:88 - WRITING DATA: 20230703093515000-20230703093520000
2023-08-10 16:32:50.893 | INFO     | __main__:collect_data_by_timestamp:88 - WRITING DATA: 20230703093520000-20230703093525000
2023-08-10 16:32:50.895 | INFO     | __main__:collect_data_by_timestamp:88 - WRITING DATA: 20230703093525000-20230703093530000
2023-08-10 16:32:50.896 | INFO     | __main__:collect_data_by_timestamp:88 - WRITING DATA: 20230703093530000-20230703093535000
2023-08-10 16:32:50.899 | INFO     | __main__:collect_data_by_timestamp:88 - WRITING DATA: 20230703093535000-20230703093540000
2023-08-10 16:32:50.900 | INFO     | __main__:collect_data_by_timestamp:88 - WRITING DATA: 20230703093540000-20230703093545000
2023-08-10 16:32:50.902 | INFO     | __main__:collect_data_by_timestamp:88 - WRITING DATA: 20230703093545000-20230703093550000
2023-08-10 16:32:50.904 | INFO     | __main__:collect_data_by_timestamp:88 - WRITING DATA: 20230703093550000-20230703093555000
2023-08-10 16:32:50.906 | INFO     | __main__:collect_data_by_timestamp:88 - WRITING DATA: 20230703093555000-20230703093600000
2023-08-10 16:32:50.907 | INFO     | __main__:collect_data_by_timestamp:88 - WRITING DATA: 20230703093600000-20230703093605000
2023-08-10 16:32:50.909 | INFO     | __main__:collect_data_by_timestamp:88 - WRITING DATA: 20230703093605000-20230703093610000
2023-08-10 16:32:50.910 | INFO     | __main__:collect_data_by_timestamp:88 - WRITING DATA: 20230703093610000-20230703093615000
2023-08-10 16:32:50.912 | INFO     | __main__:collect_data_by_timestamp:88 - WRITING DATA: 20230703093615000-20230703093620000
2023-08-10 16:32:50.914 | INFO     | __main__:collect_data_by_timestamp:88 - WRITING DATA: 20230703093620000-20230703093625000
2023-08-10 16:32:50.915 | INFO     | __main__:collect_data_by_timestamp:88 - WRITING DATA: 20230703093625000-20230703093630000
2023-08-10 16:32:50.918 | INFO     | __main__:collect_data_by_timestamp:88 - WRITING DATA: 20230703093630000-20230703093635000
2023-08-10 16:32:50.919 | INFO     | __main__:collect_data_by_timestamp:88 - WRITING DATA: 20230703093635000-20230703093640000
2023-08-10 16:32:50.921 | INFO     | __main__:collect_data_by_timestamp:88 - WRITING DATA: 20230703093640000-20230703093645000
2023-08-10 16:32:50.923 | INFO     | __main__:collect_data_by_timestamp:88 - WRITING DATA: 20230703093645000-20230703093650000
2023-08-10 16:32:50.924 | INFO     | __main__:collect_data_by_timestamp:88 - WRITING DATA: 20230703093650000-20230703093655000
2023-08-10 16:32:50.926 | INFO     | __main__:collect_data_by_timestamp:88 - WRITING DATA: 20230703093655000-20230703093700000
2023-08-10 16:32:50.927 | INFO     | __main__:<module>:214 - 任意时刻的candle数据
2023-08-10 16:32:50.927 | INFO     | __main__:<module>:215 - 前一次收盘、开盘、最高、最低、收盘
2023-08-10 16:32:50.928 | INFO     | __main__:<module>:216 - [None, 11.24, 11.24, 11.24, 11.24]
2023-08-10 16:32:50.928 | INFO     | __main__:<module>:220 - 任意时段的candle数据
2023-08-10 16:32:50.930 | INFO     | __main__:<module>:221 - [11.24, 11.24, 11.3, 11.23, 11.3]
2023-08-10 16:32:50.930 | INFO     | __main__:<module>:222 - 任意时刻的超级盘口，包含买卖十档、买卖十档交易量、买卖十档订单数、买卖十档累计新陈代谢
2023-08-10 16:32:50.930 | INFO     | __main__:<module>:223 - {'ask_price': [11.25, 11.26, 11.27, 11.28, 11.29, 11.3, 11.31, 11.32, 11.33, 11.34], 'ask_volume': [70400, 48300, 35348, 6700, 49600, 60300, 8600, 37700, 90700, 23800], 'bid_price': [11.23, 11.22, 11.21, 11.2, 11.19, 11.18, 11.17, 11.16, 11.15, 11.14], 'bid_volume': [71500, 11800, 35500, 115600, 17300, 90200, 13700, 51400, 58900, 9400], 'ask_order_num': [17, 10, 7, 5, 19, 12, 9, 13, 19, 13], 'bid_order_num': [30, 1, 1, 1, 2, 3, 10, 16, 14, 3], 'ask_order_stale': [-1, -1, -1, -1, -1, -1, -1, -1, -1, -1], 'bid_order_stale': [-1, -1, -1, -1, -1, -1, -1, -1, -1, -1]}
2023-08-10 16:32:50.930 | INFO     | __main__:<module>:224 - 任意时刻成交单VWAP、成交量、成交单数、被动方新陈代谢
2023-08-10 16:32:50.931 | INFO     | __main__:<module>:225 - {'order_num': 59, 'volume': 116200, 'price': 11.24, 'total_price': 1306088.0, 'passive_num': 30, 'passive_stale_total': 19363760}
2023-08-10 16:32:50.931 | INFO     | __main__:<module>:226 - 任意时间段成交单VWAP、成交量、成交单数、被动方新陈代谢
2023-08-10 16:32:50.932 | INFO     | __main__:<module>:227 - ({'order_num': 990, 'volume': 3585000, 'price': 11.268499774058578, 'total_price': 40397571.69, 'passive_num': 231, 'passive_stale_total': 75599300}, 327269.69696969696)
2023-08-10 16:32:50.932 | INFO     | __main__:<module>:228 - 任意时刻的平均市场深度
2023-08-10 16:32:50.932 | INFO     | __main__:<module>:229 - 57822.88997650029
2023-08-10 16:34:47.274 | INFO     | __main__:collect_data_by_timestamp:88 - WRITING DATA: 20230703093000000-20230703093005000
2023-08-10 16:34:47.315 | INFO     | __main__:collect_data_by_timestamp:88 - WRITING DATA: 20230703093005000-20230703093010000
2023-08-10 16:34:47.355 | INFO     | __main__:collect_data_by_timestamp:88 - WRITING DATA: 20230703093010000-20230703093015000
2023-08-10 16:34:47.393 | INFO     | __main__:collect_data_by_timestamp:88 - WRITING DATA: 20230703093015000-20230703093020000
2023-08-10 16:34:47.421 | INFO     | __main__:collect_data_by_timestamp:88 - WRITING DATA: 20230703093020000-20230703093025000
2023-08-10 16:34:47.450 | INFO     | __main__:collect_data_by_timestamp:88 - WRITING DATA: 20230703093025000-20230703093030000
2023-08-10 16:34:47.483 | INFO     | __main__:collect_data_by_timestamp:88 - WRITING DATA: 20230703093030000-20230703093035000
2023-08-10 16:34:47.518 | INFO     | __main__:collect_data_by_timestamp:88 - WRITING DATA: 20230703093035000-20230703093040000
2023-08-10 16:34:47.556 | INFO     | __main__:collect_data_by_timestamp:88 - WRITING DATA: 20230703093040000-20230703093045000
2023-08-10 16:34:47.594 | INFO     | __main__:collect_data_by_timestamp:88 - WRITING DATA: 20230703093045000-20230703093050000
2023-08-10 16:34:47.638 | INFO     | __main__:collect_data_by_timestamp:88 - WRITING DATA: 20230703093050000-20230703093055000
2023-08-10 16:34:47.682 | INFO     | __main__:collect_data_by_timestamp:88 - WRITING DATA: 20230703093055000-20230703093100000
2023-08-10 16:34:47.729 | INFO     | __main__:collect_data_by_timestamp:88 - WRITING DATA: 20230703093100000-20230703093105000
2023-08-10 16:34:47.766 | INFO     | __main__:collect_data_by_timestamp:88 - WRITING DATA: 20230703093105000-20230703093110000
2023-08-10 16:34:47.798 | INFO     | __main__:collect_data_by_timestamp:88 - WRITING DATA: 20230703093110000-20230703093115000
2023-08-10 16:34:47.825 | INFO     | __main__:collect_data_by_timestamp:88 - WRITING DATA: 20230703093115000-20230703093120000
2023-08-10 16:34:47.862 | INFO     | __main__:collect_data_by_timestamp:88 - WRITING DATA: 20230703093120000-20230703093125000
2023-08-10 16:34:47.904 | INFO     | __main__:collect_data_by_timestamp:88 - WRITING DATA: 20230703093125000-20230703093130000
2023-08-10 16:34:47.949 | INFO     | __main__:collect_data_by_timestamp:88 - WRITING DATA: 20230703093130000-20230703093135000
2023-08-10 16:34:47.987 | INFO     | __main__:collect_data_by_timestamp:88 - WRITING DATA: 20230703093135000-20230703093140000
2023-08-10 16:34:48.019 | INFO     | __main__:collect_data_by_timestamp:88 - WRITING DATA: 20230703093140000-20230703093145000
2023-08-10 16:34:48.058 | INFO     | __main__:collect_data_by_timestamp:88 - WRITING DATA: 20230703093145000-20230703093150000
2023-08-10 16:34:48.101 | INFO     | __main__:collect_data_by_timestamp:88 - WRITING DATA: 20230703093150000-20230703093155000
2023-08-10 16:34:48.157 | INFO     | __main__:collect_data_by_timestamp:88 - WRITING DATA: 20230703093155000-20230703093200000
2023-08-10 16:34:48.203 | INFO     | __main__:collect_data_by_timestamp:88 - WRITING DATA: 20230703093200000-20230703093205000
2023-08-10 16:34:48.247 | INFO     | __main__:collect_data_by_timestamp:88 - WRITING DATA: 20230703093205000-20230703093210000
2023-08-10 16:34:48.288 | INFO     | __main__:collect_data_by_timestamp:88 - WRITING DATA: 20230703093210000-20230703093215000
2023-08-10 16:34:48.328 | INFO     | __main__:collect_data_by_timestamp:88 - WRITING DATA: 20230703093215000-20230703093220000
2023-08-10 16:34:48.372 | INFO     | __main__:collect_data_by_timestamp:88 - WRITING DATA: 20230703093220000-20230703093225000
2023-08-10 16:34:48.420 | INFO     | __main__:collect_data_by_timestamp:88 - WRITING DATA: 20230703093225000-20230703093230000
2023-08-10 16:34:48.462 | INFO     | __main__:collect_data_by_timestamp:88 - WRITING DATA: 20230703093230000-20230703093235000
2023-08-10 16:34:48.504 | INFO     | __main__:collect_data_by_timestamp:88 - WRITING DATA: 20230703093235000-20230703093240000
2023-08-10 16:34:48.545 | INFO     | __main__:collect_data_by_timestamp:88 - WRITING DATA: 20230703093240000-20230703093245000
2023-08-10 16:34:48.589 | INFO     | __main__:collect_data_by_timestamp:88 - WRITING DATA: 20230703093245000-20230703093250000
2023-08-10 16:34:48.637 | INFO     | __main__:collect_data_by_timestamp:88 - WRITING DATA: 20230703093250000-20230703093255000
2023-08-10 16:34:48.680 | INFO     | __main__:collect_data_by_timestamp:88 - WRITING DATA: 20230703093255000-20230703093300000
2023-08-10 16:34:48.721 | INFO     | __main__:collect_data_by_timestamp:88 - WRITING DATA: 20230703093300000-20230703093305000
2023-08-10 16:34:48.765 | INFO     | __main__:collect_data_by_timestamp:88 - WRITING DATA: 20230703093305000-20230703093310000
2023-08-10 16:34:48.823 | INFO     | __main__:collect_data_by_timestamp:88 - WRITING DATA: 20230703093310000-20230703093315000
2023-08-10 16:34:48.871 | INFO     | __main__:collect_data_by_timestamp:88 - WRITING DATA: 20230703093315000-20230703093320000
2023-08-10 16:34:48.917 | INFO     | __main__:collect_data_by_timestamp:88 - WRITING DATA: 20230703093320000-20230703093325000
2023-08-10 16:34:48.955 | INFO     | __main__:collect_data_by_timestamp:88 - WRITING DATA: 20230703093325000-20230703093330000
2023-08-10 16:34:48.993 | INFO     | __main__:collect_data_by_timestamp:88 - WRITING DATA: 20230703093330000-20230703093335000
2023-08-10 16:34:49.033 | INFO     | __main__:collect_data_by_timestamp:88 - WRITING DATA: 20230703093335000-20230703093340000
2023-08-10 16:34:49.078 | INFO     | __main__:collect_data_by_timestamp:88 - WRITING DATA: 20230703093340000-20230703093345000
2023-08-10 16:34:49.117 | INFO     | __main__:collect_data_by_timestamp:88 - WRITING DATA: 20230703093345000-20230703093350000
2023-08-10 16:34:49.158 | INFO     | __main__:collect_data_by_timestamp:88 - WRITING DATA: 20230703093350000-20230703093355000
2023-08-10 16:34:49.207 | INFO     | __main__:collect_data_by_timestamp:88 - WRITING DATA: 20230703093355000-20230703093400000
2023-08-10 16:34:49.250 | INFO     | __main__:collect_data_by_timestamp:88 - WRITING DATA: 20230703093400000-20230703093405000
2023-08-10 16:34:49.300 | INFO     | __main__:collect_data_by_timestamp:88 - WRITING DATA: 20230703093405000-20230703093410000
2023-08-10 16:34:49.346 | INFO     | __main__:collect_data_by_timestamp:88 - WRITING DATA: 20230703093410000-20230703093415000
2023-08-10 16:34:49.389 | INFO     | __main__:collect_data_by_timestamp:88 - WRITING DATA: 20230703093415000-20230703093420000
2023-08-10 16:34:49.425 | INFO     | __main__:collect_data_by_timestamp:88 - WRITING DATA: 20230703093420000-20230703093425000
2023-08-10 16:34:49.461 | INFO     | __main__:collect_data_by_timestamp:88 - WRITING DATA: 20230703093425000-20230703093430000
2023-08-10 16:34:49.506 | INFO     | __main__:collect_data_by_timestamp:88 - WRITING DATA: 20230703093430000-20230703093435000
2023-08-10 16:34:49.547 | INFO     | __main__:collect_data_by_timestamp:88 - WRITING DATA: 20230703093435000-20230703093440000
2023-08-10 16:34:49.585 | INFO     | __main__:collect_data_by_timestamp:88 - WRITING DATA: 20230703093440000-20230703093445000
2023-08-10 16:34:49.621 | INFO     | __main__:collect_data_by_timestamp:88 - WRITING DATA: 20230703093445000-20230703093450000
2023-08-10 16:34:49.665 | INFO     | __main__:collect_data_by_timestamp:88 - WRITING DATA: 20230703093450000-20230703093455000
2023-08-10 16:34:49.713 | INFO     | __main__:collect_data_by_timestamp:88 - WRITING DATA: 20230703093455000-20230703093500000
2023-08-10 16:34:49.749 | INFO     | __main__:collect_data_by_timestamp:88 - WRITING DATA: 20230703093500000-20230703093505000
2023-08-10 16:34:49.779 | INFO     | __main__:collect_data_by_timestamp:88 - WRITING DATA: 20230703093505000-20230703093510000
2023-08-10 16:34:49.814 | INFO     | __main__:collect_data_by_timestamp:88 - WRITING DATA: 20230703093510000-20230703093515000
2023-08-10 16:34:49.849 | INFO     | __main__:collect_data_by_timestamp:88 - WRITING DATA: 20230703093515000-20230703093520000
2023-08-10 16:34:49.890 | INFO     | __main__:collect_data_by_timestamp:88 - WRITING DATA: 20230703093520000-20230703093525000
2023-08-10 16:34:49.932 | INFO     | __main__:collect_data_by_timestamp:88 - WRITING DATA: 20230703093525000-20230703093530000
2023-08-10 16:34:49.976 | INFO     | __main__:collect_data_by_timestamp:88 - WRITING DATA: 20230703093530000-20230703093535000
2023-08-10 16:34:50.024 | INFO     | __main__:collect_data_by_timestamp:88 - WRITING DATA: 20230703093535000-20230703093540000
2023-08-10 16:34:50.072 | INFO     | __main__:collect_data_by_timestamp:88 - WRITING DATA: 20230703093540000-20230703093545000
2023-08-10 16:34:50.125 | INFO     | __main__:collect_data_by_timestamp:88 - WRITING DATA: 20230703093545000-20230703093550000
2023-08-10 16:34:50.174 | INFO     | __main__:collect_data_by_timestamp:88 - WRITING DATA: 20230703093550000-20230703093555000
2023-08-10 16:34:50.223 | INFO     | __main__:collect_data_by_timestamp:88 - WRITING DATA: 20230703093555000-20230703093600000
2023-08-10 16:34:50.263 | INFO     | __main__:collect_data_by_timestamp:88 - WRITING DATA: 20230703093600000-20230703093605000
2023-08-10 16:34:50.295 | INFO     | __main__:collect_data_by_timestamp:88 - WRITING DATA: 20230703093605000-20230703093610000
2023-08-10 16:34:50.331 | INFO     | __main__:collect_data_by_timestamp:88 - WRITING DATA: 20230703093610000-20230703093615000
2023-08-10 16:34:50.376 | INFO     | __main__:collect_data_by_timestamp:88 - WRITING DATA: 20230703093615000-20230703093620000
2023-08-10 16:34:50.416 | INFO     | __main__:collect_data_by_timestamp:88 - WRITING DATA: 20230703093620000-20230703093625000
2023-08-10 16:34:50.451 | INFO     | __main__:collect_data_by_timestamp:88 - WRITING DATA: 20230703093625000-20230703093630000
2023-08-10 16:34:50.482 | INFO     | __main__:collect_data_by_timestamp:88 - WRITING DATA: 20230703093630000-20230703093635000
2023-08-10 16:34:50.513 | INFO     | __main__:collect_data_by_timestamp:88 - WRITING DATA: 20230703093635000-20230703093640000
2023-08-10 16:34:50.554 | INFO     | __main__:collect_data_by_timestamp:88 - WRITING DATA: 20230703093640000-20230703093645000
2023-08-10 16:34:50.596 | INFO     | __main__:collect_data_by_timestamp:88 - WRITING DATA: 20230703093645000-20230703093650000
2023-08-10 16:34:50.633 | INFO     | __main__:collect_data_by_timestamp:88 - WRITING DATA: 20230703093650000-20230703093655000
2023-08-10 16:34:50.666 | INFO     | __main__:collect_data_by_timestamp:88 - WRITING DATA: 20230703093655000-20230703093700000
2023-08-10 16:34:50.695 | INFO     | __main__:collect_data_by_timestamp:88 - WRITING DATA: 20230703093700000-20230703093705000
2023-08-10 16:34:50.731 | INFO     | __main__:collect_data_by_timestamp:88 - WRITING DATA: 20230703093705000-20230703093710000
2023-08-10 16:34:50.762 | INFO     | __main__:collect_data_by_timestamp:88 - WRITING DATA: 20230703093710000-20230703093715000
2023-08-10 16:34:50.804 | INFO     | __main__:collect_data_by_timestamp:88 - WRITING DATA: 20230703093715000-20230703093720000
2023-08-10 16:34:50.842 | INFO     | __main__:collect_data_by_timestamp:88 - WRITING DATA: 20230703093720000-20230703093725000
2023-08-10 16:34:50.877 | INFO     | __main__:collect_data_by_timestamp:88 - WRITING DATA: 20230703093725000-20230703093730000
2023-08-10 16:34:50.908 | INFO     | __main__:collect_data_by_timestamp:88 - WRITING DATA: 20230703093730000-20230703093735000
2023-08-10 16:34:50.940 | INFO     | __main__:collect_data_by_timestamp:88 - WRITING DATA: 20230703093735000-20230703093740000
2023-08-10 16:34:50.975 | INFO     | __main__:collect_data_by_timestamp:88 - WRITING DATA: 20230703093740000-20230703093745000
2023-08-10 16:34:51.020 | INFO     | __main__:collect_data_by_timestamp:88 - WRITING DATA: 20230703093745000-20230703093750000
2023-08-10 16:34:51.055 | INFO     | __main__:collect_data_by_timestamp:88 - WRITING DATA: 20230703093750000-20230703093755000
2023-08-10 16:34:51.087 | INFO     | __main__:collect_data_by_timestamp:88 - WRITING DATA: 20230703093755000-20230703093800000
2023-08-10 16:34:51.115 | INFO     | __main__:collect_data_by_timestamp:88 - WRITING DATA: 20230703093800000-20230703093805000
2023-08-10 16:34:51.158 | INFO     | __main__:collect_data_by_timestamp:88 - WRITING DATA: 20230703093805000-20230703093810000
2023-08-10 16:34:51.205 | INFO     | __main__:collect_data_by_timestamp:88 - WRITING DATA: 20230703093810000-20230703093815000
2023-08-10 16:34:51.251 | INFO     | __main__:collect_data_by_timestamp:88 - WRITING DATA: 20230703093815000-20230703093820000
2023-08-10 16:34:51.287 | INFO     | __main__:collect_data_by_timestamp:88 - WRITING DATA: 20230703093820000-20230703093825000
2023-08-10 16:34:51.316 | INFO     | __main__:collect_data_by_timestamp:88 - WRITING DATA: 20230703093825000-20230703093830000
2023-08-10 16:34:51.346 | INFO     | __main__:collect_data_by_timestamp:88 - WRITING DATA: 20230703093830000-20230703093835000
2023-08-10 16:34:51.383 | INFO     | __main__:collect_data_by_timestamp:88 - WRITING DATA: 20230703093835000-20230703093840000
2023-08-10 16:34:51.414 | INFO     | __main__:collect_data_by_timestamp:88 - WRITING DATA: 20230703093840000-20230703093845000
2023-08-10 16:34:51.460 | INFO     | __main__:collect_data_by_timestamp:88 - WRITING DATA: 20230703093845000-20230703093850000
2023-08-10 16:34:51.496 | INFO     | __main__:collect_data_by_timestamp:88 - WRITING DATA: 20230703093850000-20230703093855000
2023-08-10 16:34:51.525 | INFO     | __main__:collect_data_by_timestamp:88 - WRITING DATA: 20230703093855000-20230703093900000
2023-08-10 16:34:51.559 | INFO     | __main__:collect_data_by_timestamp:88 - WRITING DATA: 20230703093900000-20230703093905000
2023-08-10 16:34:51.594 | INFO     | __main__:collect_data_by_timestamp:88 - WRITING DATA: 20230703093905000-20230703093910000
2023-08-10 16:34:51.625 | INFO     | __main__:collect_data_by_timestamp:88 - WRITING DATA: 20230703093910000-20230703093915000
2023-08-10 16:34:51.668 | INFO     | __main__:collect_data_by_timestamp:88 - WRITING DATA: 20230703093915000-20230703093920000
2023-08-10 16:34:51.703 | INFO     | __main__:collect_data_by_timestamp:88 - WRITING DATA: 20230703093920000-20230703093925000
2023-08-10 16:34:51.734 | INFO     | __main__:collect_data_by_timestamp:88 - WRITING DATA: 20230703093925000-20230703093930000
2023-08-10 16:34:51.768 | INFO     | __main__:collect_data_by_timestamp:88 - WRITING DATA: 20230703093930000-20230703093935000
2023-08-10 16:34:51.798 | INFO     | __main__:collect_data_by_timestamp:88 - WRITING DATA: 20230703093935000-20230703093940000
2023-08-10 16:34:51.829 | INFO     | __main__:collect_data_by_timestamp:88 - WRITING DATA: 20230703093940000-20230703093945000
2023-08-10 16:34:51.874 | INFO     | __main__:collect_data_by_timestamp:88 - WRITING DATA: 20230703093945000-20230703093950000
2023-08-10 16:34:51.913 | INFO     | __main__:collect_data_by_timestamp:88 - WRITING DATA: 20230703093950000-20230703093955000
2023-08-10 16:34:51.941 | INFO     | __main__:collect_data_by_timestamp:88 - WRITING DATA: 20230703093955000-20230703094000000
2023-08-10 16:34:51.970 | INFO     | __main__:collect_data_by_timestamp:88 - WRITING DATA: 20230703094000000-20230703094005000
2023-08-10 16:34:51.998 | INFO     | __main__:collect_data_by_timestamp:88 - WRITING DATA: 20230703094005000-20230703094010000
2023-08-10 16:34:52.029 | INFO     | __main__:collect_data_by_timestamp:88 - WRITING DATA: 20230703094010000-20230703094015000
2023-08-10 16:34:52.068 | INFO     | __main__:collect_data_by_timestamp:88 - WRITING DATA: 20230703094015000-20230703094020000
2023-08-10 16:34:52.108 | INFO     | __main__:collect_data_by_timestamp:88 - WRITING DATA: 20230703094020000-20230703094025000
2023-08-10 16:34:52.137 | INFO     | __main__:collect_data_by_timestamp:88 - WRITING DATA: 20230703094025000-20230703094030000
2023-08-10 16:34:52.165 | INFO     | __main__:collect_data_by_timestamp:88 - WRITING DATA: 20230703094030000-20230703094035000
2023-08-10 16:34:52.193 | INFO     | __main__:collect_data_by_timestamp:88 - WRITING DATA: 20230703094035000-20230703094040000
2023-08-10 16:34:52.221 | INFO     | __main__:collect_data_by_timestamp:88 - WRITING DATA: 20230703094040000-20230703094045000
2023-08-10 16:34:52.256 | INFO     | __main__:collect_data_by_timestamp:88 - WRITING DATA: 20230703094045000-20230703094050000
2023-08-10 16:34:52.304 | INFO     | __main__:collect_data_by_timestamp:88 - WRITING DATA: 20230703094050000-20230703094055000
2023-08-10 16:34:52.356 | INFO     | __main__:collect_data_by_timestamp:88 - WRITING DATA: 20230703094055000-20230703094100000
2023-08-10 16:34:52.404 | INFO     | __main__:collect_data_by_timestamp:88 - WRITING DATA: 20230703094100000-20230703094105000
2023-08-10 16:34:52.450 | INFO     | __main__:collect_data_by_timestamp:88 - WRITING DATA: 20230703094105000-20230703094110000
2023-08-10 16:34:52.499 | INFO     | __main__:collect_data_by_timestamp:88 - WRITING DATA: 20230703094110000-20230703094115000
2023-08-10 16:34:52.537 | INFO     | __main__:collect_data_by_timestamp:88 - WRITING DATA: 20230703094115000-20230703094120000
2023-08-10 16:34:52.565 | INFO     | __main__:collect_data_by_timestamp:88 - WRITING DATA: 20230703094120000-20230703094125000
2023-08-10 16:34:52.593 | INFO     | __main__:collect_data_by_timestamp:88 - WRITING DATA: 20230703094125000-20230703094130000
2023-08-10 16:34:52.624 | INFO     | __main__:collect_data_by_timestamp:88 - WRITING DATA: 20230703094130000-20230703094135000
2023-08-10 16:34:52.654 | INFO     | __main__:collect_data_by_timestamp:88 - WRITING DATA: 20230703094135000-20230703094140000
2023-08-10 16:34:52.681 | INFO     | __main__:collect_data_by_timestamp:88 - WRITING DATA: 20230703094140000-20230703094145000
2023-08-10 16:34:52.716 | INFO     | __main__:collect_data_by_timestamp:88 - WRITING DATA: 20230703094145000-20230703094150000
2023-08-10 16:34:52.759 | INFO     | __main__:collect_data_by_timestamp:88 - WRITING DATA: 20230703094150000-20230703094155000
2023-08-10 16:34:52.797 | INFO     | __main__:collect_data_by_timestamp:88 - WRITING DATA: 20230703094155000-20230703094200000
2023-08-10 16:34:52.826 | INFO     | __main__:collect_data_by_timestamp:88 - WRITING DATA: 20230703094200000-20230703094205000
2023-08-10 16:34:52.863 | INFO     | __main__:collect_data_by_timestamp:88 - WRITING DATA: 20230703094205000-20230703094210000
2023-08-10 16:34:52.895 | INFO     | __main__:collect_data_by_timestamp:88 - WRITING DATA: 20230703094210000-20230703094215000
2023-08-10 16:34:52.927 | INFO     | __main__:collect_data_by_timestamp:88 - WRITING DATA: 20230703094215000-20230703094220000
2023-08-10 16:34:52.971 | INFO     | __main__:collect_data_by_timestamp:88 - WRITING DATA: 20230703094220000-20230703094225000
2023-08-10 16:34:53.009 | INFO     | __main__:collect_data_by_timestamp:88 - WRITING DATA: 20230703094225000-20230703094230000
2023-08-10 16:34:53.039 | INFO     | __main__:collect_data_by_timestamp:88 - WRITING DATA: 20230703094230000-20230703094235000
2023-08-10 16:34:53.067 | INFO     | __main__:collect_data_by_timestamp:88 - WRITING DATA: 20230703094235000-20230703094240000
2023-08-10 16:34:53.094 | INFO     | __main__:collect_data_by_timestamp:88 - WRITING DATA: 20230703094240000-20230703094245000
2023-08-10 16:34:53.121 | INFO     | __main__:collect_data_by_timestamp:88 - WRITING DATA: 20230703094245000-20230703094250000
2023-08-10 16:34:53.162 | INFO     | __main__:collect_data_by_timestamp:88 - WRITING DATA: 20230703094250000-20230703094255000
2023-08-10 16:34:53.202 | INFO     | __main__:collect_data_by_timestamp:88 - WRITING DATA: 20230703094255000-20230703094300000
2023-08-10 16:34:53.231 | INFO     | __main__:collect_data_by_timestamp:88 - WRITING DATA: 20230703094300000-20230703094305000
2023-08-10 16:34:53.257 | INFO     | __main__:collect_data_by_timestamp:88 - WRITING DATA: 20230703094305000-20230703094310000
2023-08-10 16:34:53.287 | INFO     | __main__:collect_data_by_timestamp:88 - WRITING DATA: 20230703094310000-20230703094315000
2023-08-10 16:34:53.317 | INFO     | __main__:collect_data_by_timestamp:88 - WRITING DATA: 20230703094315000-20230703094320000
2023-08-10 16:34:53.345 | INFO     | __main__:collect_data_by_timestamp:88 - WRITING DATA: 20230703094320000-20230703094325000
2023-08-10 16:34:53.388 | INFO     | __main__:collect_data_by_timestamp:88 - WRITING DATA: 20230703094325000-20230703094330000
2023-08-10 16:34:53.431 | INFO     | __main__:collect_data_by_timestamp:88 - WRITING DATA: 20230703094330000-20230703094335000
2023-08-10 16:34:53.470 | INFO     | __main__:collect_data_by_timestamp:88 - WRITING DATA: 20230703094335000-20230703094340000
2023-08-10 16:34:53.514 | INFO     | __main__:collect_data_by_timestamp:88 - WRITING DATA: 20230703094340000-20230703094345000
2023-08-10 16:34:53.551 | INFO     | __main__:collect_data_by_timestamp:88 - WRITING DATA: 20230703094345000-20230703094350000
2023-08-10 16:34:53.587 | INFO     | __main__:collect_data_by_timestamp:88 - WRITING DATA: 20230703094350000-20230703094355000
2023-08-10 16:34:53.632 | INFO     | __main__:collect_data_by_timestamp:88 - WRITING DATA: 20230703094355000-20230703094400000
2023-08-10 16:34:53.671 | INFO     | __main__:collect_data_by_timestamp:88 - WRITING DATA: 20230703094400000-20230703094405000
2023-08-10 16:34:53.698 | INFO     | __main__:collect_data_by_timestamp:88 - WRITING DATA: 20230703094405000-20230703094410000
2023-08-10 16:34:53.725 | INFO     | __main__:collect_data_by_timestamp:88 - WRITING DATA: 20230703094410000-20230703094415000
2023-08-10 16:34:53.755 | INFO     | __main__:collect_data_by_timestamp:88 - WRITING DATA: 20230703094415000-20230703094420000
2023-08-10 16:34:53.783 | INFO     | __main__:collect_data_by_timestamp:88 - WRITING DATA: 20230703094420000-20230703094425000
2023-08-10 16:34:53.814 | INFO     | __main__:collect_data_by_timestamp:88 - WRITING DATA: 20230703094425000-20230703094430000
2023-08-10 16:34:53.854 | INFO     | __main__:collect_data_by_timestamp:88 - WRITING DATA: 20230703094430000-20230703094435000
2023-08-10 16:34:53.898 | INFO     | __main__:collect_data_by_timestamp:88 - WRITING DATA: 20230703094435000-20230703094440000
2023-08-10 16:34:53.941 | INFO     | __main__:collect_data_by_timestamp:88 - WRITING DATA: 20230703094440000-20230703094445000
2023-08-10 16:34:53.977 | INFO     | __main__:collect_data_by_timestamp:88 - WRITING DATA: 20230703094445000-20230703094450000
2023-08-10 16:34:54.010 | INFO     | __main__:collect_data_by_timestamp:88 - WRITING DATA: 20230703094450000-20230703094455000
2023-08-10 16:34:54.046 | INFO     | __main__:collect_data_by_timestamp:88 - WRITING DATA: 20230703094455000-20230703094500000
